22-Nov-2017 13:30:22.661 情報 [main] org.apache.catalina.startup.VersionLoggerListener.log Server version:        Apache Tomcat/8.5.23
22-Nov-2017 13:30:22.723 情報 [main] org.apache.catalina.startup.VersionLoggerListener.log Server built:          Sep 28 2017 10:30:11 UTC
22-Nov-2017 13:30:22.723 情報 [main] org.apache.catalina.startup.VersionLoggerListener.log Server number:         8.5.23.0
22-Nov-2017 13:30:22.723 情報 [main] org.apache.catalina.startup.VersionLoggerListener.log OS Name:               Windows 10
22-Nov-2017 13:30:22.723 情報 [main] org.apache.catalina.startup.VersionLoggerListener.log OS Version:            10.0
22-Nov-2017 13:30:22.723 情報 [main] org.apache.catalina.startup.VersionLoggerListener.log Architecture:          amd64
22-Nov-2017 13:30:22.723 情報 [main] org.apache.catalina.startup.VersionLoggerListener.log Java Home:             E:\Java\jdk1.8.0_144\jre
22-Nov-2017 13:30:22.723 情報 [main] org.apache.catalina.startup.VersionLoggerListener.log JVM Version:           1.8.0_144-b01
22-Nov-2017 13:30:22.723 情報 [main] org.apache.catalina.startup.VersionLoggerListener.log JVM Vendor:            Oracle Corporation
22-Nov-2017 13:30:22.723 情報 [main] org.apache.catalina.startup.VersionLoggerListener.log CATALINA_BASE:         C:\apache-tomcat-8.5.23
22-Nov-2017 13:30:22.723 情報 [main] org.apache.catalina.startup.VersionLoggerListener.log CATALINA_HOME:         C:\apache-tomcat-8.5.23
22-Nov-2017 13:30:22.723 情報 [main] org.apache.catalina.startup.VersionLoggerListener.log Command line argument: -Djava.util.logging.config.file=C:\apache-tomcat-8.5.23\conf\logging.properties
22-Nov-2017 13:30:22.723 情報 [main] org.apache.catalina.startup.VersionLoggerListener.log Command line argument: -Djava.util.logging.manager=org.apache.juli.ClassLoaderLogManager
22-Nov-2017 13:30:22.739 情報 [main] org.apache.catalina.startup.VersionLoggerListener.log Command line argument: -Djdk.tls.ephemeralDHKeySize=2048
22-Nov-2017 13:30:22.739 情報 [main] org.apache.catalina.startup.VersionLoggerListener.log Command line argument: -Djava.protocol.handler.pkgs=org.apache.catalina.webresources
22-Nov-2017 13:30:22.739 情報 [main] org.apache.catalina.startup.VersionLoggerListener.log Command line argument: -Dcatalina.base=C:\apache-tomcat-8.5.23
22-Nov-2017 13:30:22.739 情報 [main] org.apache.catalina.startup.VersionLoggerListener.log Command line argument: -Dcatalina.home=C:\apache-tomcat-8.5.23
22-Nov-2017 13:30:22.739 情報 [main] org.apache.catalina.startup.VersionLoggerListener.log Command line argument: -Djava.io.tmpdir=C:\apache-tomcat-8.5.23\temp
22-Nov-2017 13:30:22.739 情報 [main] org.apache.catalina.core.AprLifecycleListener.lifecycleEvent Loaded APR based Apache Tomcat Native library [1.2.14] using APR version [1.6.2].
22-Nov-2017 13:30:22.739 情報 [main] org.apache.catalina.core.AprLifecycleListener.lifecycleEvent APR capabilities: IPv6 [true], sendfile [true], accept filters [false], random [true].
22-Nov-2017 13:30:22.739 情報 [main] org.apache.catalina.core.AprLifecycleListener.lifecycleEvent APR/OpenSSL configuration: useAprConnector [false], useOpenSSL [true]
22-Nov-2017 13:30:23.256 情報 [main] org.apache.catalina.core.AprLifecycleListener.initializeSSL OpenSSL successfully initialized [OpenSSL 1.0.2l  25 May 2017]
22-Nov-2017 13:30:24.471 情報 [main] org.apache.coyote.AbstractProtocol.init Initializing ProtocolHandler ["http-nio-8080"]
22-Nov-2017 13:30:25.088 情報 [main] org.apache.tomcat.util.net.NioSelectorPool.getSharedSelector Using a shared selector for servlet write/read
22-Nov-2017 13:30:25.104 情報 [main] org.apache.coyote.AbstractProtocol.init Initializing ProtocolHandler ["ajp-nio-8009"]
22-Nov-2017 13:30:25.104 情報 [main] org.apache.tomcat.util.net.NioSelectorPool.getSharedSelector Using a shared selector for servlet write/read
22-Nov-2017 13:30:25.104 情報 [main] org.apache.catalina.startup.Catalina.load Initialization processed in 3679 ms
22-Nov-2017 13:30:25.229 情報 [main] org.apache.catalina.core.StandardService.startInternal サービス [Catalina] を起動します
22-Nov-2017 13:30:25.229 情報 [main] org.apache.catalina.core.StandardEngine.startInternal Starting Servlet Engine: Apache Tomcat/8.5.23
22-Nov-2017 13:30:25.245 情報 [localhost-startStop-1] org.apache.catalina.startup.HostConfig.deployDirectory Webアプリケーションディレクトリ [C:\apache-tomcat-8.5.23\webapps\171018] を配備します
22-Nov-2017 13:30:25.734 情報 [localhost-startStop-1] org.apache.catalina.startup.HostConfig.deployDirectory Deployment of web application directory [C:\apache-tomcat-8.5.23\webapps\171018] has finished in [474] ms
22-Nov-2017 13:30:25.734 情報 [localhost-startStop-1] org.apache.catalina.startup.HostConfig.deployDirectory Webアプリケーションディレクトリ [C:\apache-tomcat-8.5.23\webapps\171025] を配備します
22-Nov-2017 13:30:25.797 情報 [localhost-startStop-1] org.apache.catalina.startup.HostConfig.deployDirectory Deployment of web application directory [C:\apache-tomcat-8.5.23\webapps\171025] has finished in [63] ms
22-Nov-2017 13:30:25.797 情報 [localhost-startStop-1] org.apache.catalina.startup.HostConfig.deployDirectory Webアプリケーションディレクトリ [C:\apache-tomcat-8.5.23\webapps\171101] を配備します
22-Nov-2017 13:30:25.812 情報 [localhost-startStop-1] org.apache.catalina.startup.HostConfig.deployDirectory Deployment of web application directory [C:\apache-tomcat-8.5.23\webapps\171101] has finished in [15] ms
22-Nov-2017 13:30:25.812 情報 [localhost-startStop-1] org.apache.catalina.startup.HostConfig.deployDirectory Webアプリケーションディレクトリ [C:\apache-tomcat-8.5.23\webapps\171108] を配備します
22-Nov-2017 13:30:25.859 情報 [localhost-startStop-1] org.apache.catalina.startup.HostConfig.deployDirectory Deployment of web application directory [C:\apache-tomcat-8.5.23\webapps\171108] has finished in [47] ms
22-Nov-2017 13:30:25.859 情報 [localhost-startStop-1] org.apache.catalina.startup.HostConfig.deployDirectory Webアプリケーションディレクトリ [C:\apache-tomcat-8.5.23\webapps\171115] を配備します
22-Nov-2017 13:30:25.891 情報 [localhost-startStop-1] org.apache.catalina.startup.HostConfig.deployDirectory Deployment of web application directory [C:\apache-tomcat-8.5.23\webapps\171115] has finished in [32] ms
22-Nov-2017 13:30:25.891 情報 [localhost-startStop-1] org.apache.catalina.startup.HostConfig.deployDirectory Webアプリケーションディレクトリ [C:\apache-tomcat-8.5.23\webapps\171122] を配備します
22-Nov-2017 13:30:25.906 情報 [localhost-startStop-1] org.apache.catalina.startup.HostConfig.deployDirectory Deployment of web application directory [C:\apache-tomcat-8.5.23\webapps\171122] has finished in [15] ms
22-Nov-2017 13:30:25.906 情報 [localhost-startStop-1] org.apache.catalina.startup.HostConfig.deployDirectory Webアプリケーションディレクトリ [C:\apache-tomcat-8.5.23\webapps\docs] を配備します
22-Nov-2017 13:30:25.922 情報 [localhost-startStop-1] org.apache.catalina.startup.HostConfig.deployDirectory Deployment of web application directory [C:\apache-tomcat-8.5.23\webapps\docs] has finished in [16] ms
22-Nov-2017 13:30:25.922 情報 [localhost-startStop-1] org.apache.catalina.startup.HostConfig.deployDirectory Webアプリケーションディレクトリ [C:\apache-tomcat-8.5.23\webapps\examples] を配備します
22-Nov-2017 13:30:26.950 情報 [localhost-startStop-1] org.apache.catalina.startup.HostConfig.deployDirectory Deployment of web application directory [C:\apache-tomcat-8.5.23\webapps\examples] has finished in [1,028] ms
22-Nov-2017 13:30:26.950 情報 [localhost-startStop-1] org.apache.catalina.startup.HostConfig.deployDirectory Webアプリケーションディレクトリ [C:\apache-tomcat-8.5.23\webapps\host-manager] を配備します
22-Nov-2017 13:30:26.981 情報 [localhost-startStop-1] org.apache.catalina.startup.HostConfig.deployDirectory Deployment of web application directory [C:\apache-tomcat-8.5.23\webapps\host-manager] has finished in [31] ms
22-Nov-2017 13:30:26.981 情報 [localhost-startStop-1] org.apache.catalina.startup.HostConfig.deployDirectory Webアプリケーションディレクトリ [C:\apache-tomcat-8.5.23\webapps\manager] を配備します
22-Nov-2017 13:30:26.997 情報 [localhost-startStop-1] org.apache.catalina.startup.HostConfig.deployDirectory Deployment of web application directory [C:\apache-tomcat-8.5.23\webapps\manager] has finished in [16] ms
22-Nov-2017 13:30:26.997 情報 [localhost-startStop-1] org.apache.catalina.startup.HostConfig.deployDirectory Webアプリケーションディレクトリ [C:\apache-tomcat-8.5.23\webapps\ROOT] を配備します
22-Nov-2017 13:30:27.028 情報 [localhost-startStop-1] org.apache.catalina.startup.HostConfig.deployDirectory Deployment of web application directory [C:\apache-tomcat-8.5.23\webapps\ROOT] has finished in [31] ms
22-Nov-2017 13:30:27.028 情報 [main] org.apache.coyote.AbstractProtocol.start Starting ProtocolHandler ["http-nio-8080"]
22-Nov-2017 13:30:27.028 情報 [main] org.apache.coyote.AbstractProtocol.start Starting ProtocolHandler ["ajp-nio-8009"]
22-Nov-2017 13:30:27.044 情報 [main] org.apache.catalina.startup.Catalina.start Server startup in 1925 ms
22-Nov-2017 13:40:58.103 情報 [main] org.apache.catalina.startup.VersionLoggerListener.log Server version:        Apache Tomcat/8.5.23
22-Nov-2017 13:40:58.119 情報 [main] org.apache.catalina.startup.VersionLoggerListener.log Server built:          Sep 28 2017 10:30:11 UTC
22-Nov-2017 13:40:58.119 情報 [main] org.apache.catalina.startup.VersionLoggerListener.log Server number:         8.5.23.0
22-Nov-2017 13:40:58.119 情報 [main] org.apache.catalina.startup.VersionLoggerListener.log OS Name:               Windows 10
22-Nov-2017 13:40:58.119 情報 [main] org.apache.catalina.startup.VersionLoggerListener.log OS Version:            10.0
22-Nov-2017 13:40:58.119 情報 [main] org.apache.catalina.startup.VersionLoggerListener.log Architecture:          amd64
22-Nov-2017 13:40:58.119 情報 [main] org.apache.catalina.startup.VersionLoggerListener.log Java Home:             E:\Java\jdk1.8.0_144\jre
22-Nov-2017 13:40:58.119 情報 [main] org.apache.catalina.startup.VersionLoggerListener.log JVM Version:           1.8.0_144-b01
22-Nov-2017 13:40:58.119 情報 [main] org.apache.catalina.startup.VersionLoggerListener.log JVM Vendor:            Oracle Corporation
22-Nov-2017 13:40:58.119 情報 [main] org.apache.catalina.startup.VersionLoggerListener.log CATALINA_BASE:         C:\apache-tomcat-8.5.23
22-Nov-2017 13:40:58.119 情報 [main] org.apache.catalina.startup.VersionLoggerListener.log CATALINA_HOME:         C:\apache-tomcat-8.5.23
22-Nov-2017 13:40:58.119 情報 [main] org.apache.catalina.startup.VersionLoggerListener.log Command line argument: -Djava.util.logging.config.file=C:\apache-tomcat-8.5.23\conf\logging.properties
22-Nov-2017 13:40:58.119 情報 [main] org.apache.catalina.startup.VersionLoggerListener.log Command line argument: -Djava.util.logging.manager=org.apache.juli.ClassLoaderLogManager
22-Nov-2017 13:40:58.119 情報 [main] org.apache.catalina.startup.VersionLoggerListener.log Command line argument: -Djdk.tls.ephemeralDHKeySize=2048
22-Nov-2017 13:40:58.119 情報 [main] org.apache.catalina.startup.VersionLoggerListener.log Command line argument: -Djava.protocol.handler.pkgs=org.apache.catalina.webresources
22-Nov-2017 13:40:58.119 情報 [main] org.apache.catalina.startup.VersionLoggerListener.log Command line argument: -Dcatalina.base=C:\apache-tomcat-8.5.23
22-Nov-2017 13:40:58.119 情報 [main] org.apache.catalina.startup.VersionLoggerListener.log Command line argument: -Dcatalina.home=C:\apache-tomcat-8.5.23
22-Nov-2017 13:40:58.119 情報 [main] org.apache.catalina.startup.VersionLoggerListener.log Command line argument: -Djava.io.tmpdir=C:\apache-tomcat-8.5.23\temp
22-Nov-2017 13:40:58.119 情報 [main] org.apache.catalina.core.AprLifecycleListener.lifecycleEvent Loaded APR based Apache Tomcat Native library [1.2.14] using APR version [1.6.2].
22-Nov-2017 13:40:58.119 情報 [main] org.apache.catalina.core.AprLifecycleListener.lifecycleEvent APR capabilities: IPv6 [true], sendfile [true], accept filters [false], random [true].
22-Nov-2017 13:40:58.119 情報 [main] org.apache.catalina.core.AprLifecycleListener.lifecycleEvent APR/OpenSSL configuration: useAprConnector [false], useOpenSSL [true]
22-Nov-2017 13:40:58.648 情報 [main] org.apache.catalina.core.AprLifecycleListener.initializeSSL OpenSSL successfully initialized [OpenSSL 1.0.2l  25 May 2017]
22-Nov-2017 13:40:58.742 情報 [main] org.apache.coyote.AbstractProtocol.init Initializing ProtocolHandler ["http-nio-8080"]
22-Nov-2017 13:40:58.841 情報 [main] org.apache.tomcat.util.net.NioSelectorPool.getSharedSelector Using a shared selector for servlet write/read
22-Nov-2017 13:40:58.857 情報 [main] org.apache.coyote.AbstractProtocol.init Initializing ProtocolHandler ["ajp-nio-8009"]
22-Nov-2017 13:40:58.857 情報 [main] org.apache.tomcat.util.net.NioSelectorPool.getSharedSelector Using a shared selector for servlet write/read
22-Nov-2017 13:40:58.857 情報 [main] org.apache.catalina.startup.Catalina.load Initialization processed in 1002 ms
22-Nov-2017 13:40:58.872 情報 [main] org.apache.catalina.core.StandardService.startInternal サービス [Catalina] を起動します
22-Nov-2017 13:40:58.872 情報 [main] org.apache.catalina.core.StandardEngine.startInternal Starting Servlet Engine: Apache Tomcat/8.5.23
22-Nov-2017 13:40:58.872 情報 [localhost-startStop-1] org.apache.catalina.startup.HostConfig.deployDirectory Webアプリケーションディレクトリ [C:\apache-tomcat-8.5.23\webapps\171018] を配備します
22-Nov-2017 13:40:59.111 情報 [localhost-startStop-1] org.apache.catalina.startup.HostConfig.deployDirectory Deployment of web application directory [C:\apache-tomcat-8.5.23\webapps\171018] has finished in [239] ms
22-Nov-2017 13:40:59.111 情報 [localhost-startStop-1] org.apache.catalina.startup.HostConfig.deployDirectory Webアプリケーションディレクトリ [C:\apache-tomcat-8.5.23\webapps\171025] を配備します
22-Nov-2017 13:40:59.158 情報 [localhost-startStop-1] org.apache.catalina.startup.HostConfig.deployDirectory Deployment of web application directory [C:\apache-tomcat-8.5.23\webapps\171025] has finished in [47] ms
22-Nov-2017 13:40:59.158 情報 [localhost-startStop-1] org.apache.catalina.startup.HostConfig.deployDirectory Webアプリケーションディレクトリ [C:\apache-tomcat-8.5.23\webapps\171101] を配備します
22-Nov-2017 13:40:59.178 情報 [localhost-startStop-1] org.apache.catalina.startup.HostConfig.deployDirectory Deployment of web application directory [C:\apache-tomcat-8.5.23\webapps\171101] has finished in [20] ms
22-Nov-2017 13:40:59.178 情報 [localhost-startStop-1] org.apache.catalina.startup.HostConfig.deployDirectory Webアプリケーションディレクトリ [C:\apache-tomcat-8.5.23\webapps\171108] を配備します
22-Nov-2017 13:40:59.211 情報 [localhost-startStop-1] org.apache.catalina.startup.HostConfig.deployDirectory Deployment of web application directory [C:\apache-tomcat-8.5.23\webapps\171108] has finished in [33] ms
22-Nov-2017 13:40:59.211 情報 [localhost-startStop-1] org.apache.catalina.startup.HostConfig.deployDirectory Webアプリケーションディレクトリ [C:\apache-tomcat-8.5.23\webapps\171115] を配備します
22-Nov-2017 13:40:59.242 情報 [localhost-startStop-1] org.apache.catalina.startup.HostConfig.deployDirectory Deployment of web application directory [C:\apache-tomcat-8.5.23\webapps\171115] has finished in [31] ms
22-Nov-2017 13:40:59.242 情報 [localhost-startStop-1] org.apache.catalina.startup.HostConfig.deployDirectory Webアプリケーションディレクトリ [C:\apache-tomcat-8.5.23\webapps\171122] を配備します
22-Nov-2017 13:40:59.258 情報 [localhost-startStop-1] org.apache.catalina.startup.HostConfig.deployDirectory Deployment of web application directory [C:\apache-tomcat-8.5.23\webapps\171122] has finished in [16] ms
22-Nov-2017 13:40:59.258 情報 [localhost-startStop-1] org.apache.catalina.startup.HostConfig.deployDirectory Webアプリケーションディレクトリ [C:\apache-tomcat-8.5.23\webapps\docs] を配備します
22-Nov-2017 13:40:59.274 情報 [localhost-startStop-1] org.apache.catalina.startup.HostConfig.deployDirectory Deployment of web application directory [C:\apache-tomcat-8.5.23\webapps\docs] has finished in [16] ms
22-Nov-2017 13:40:59.274 情報 [localhost-startStop-1] org.apache.catalina.startup.HostConfig.deployDirectory Webアプリケーションディレクトリ [C:\apache-tomcat-8.5.23\webapps\examples] を配備します
22-Nov-2017 13:40:59.508 情報 [localhost-startStop-1] org.apache.catalina.startup.HostConfig.deployDirectory Deployment of web application directory [C:\apache-tomcat-8.5.23\webapps\examples] has finished in [234] ms
22-Nov-2017 13:40:59.508 情報 [localhost-startStop-1] org.apache.catalina.startup.HostConfig.deployDirectory Webアプリケーションディレクトリ [C:\apache-tomcat-8.5.23\webapps\host-manager] を配備します
22-Nov-2017 13:40:59.524 情報 [localhost-startStop-1] org.apache.catalina.startup.HostConfig.deployDirectory Deployment of web application directory [C:\apache-tomcat-8.5.23\webapps\host-manager] has finished in [16] ms
22-Nov-2017 13:40:59.524 情報 [localhost-startStop-1] org.apache.catalina.startup.HostConfig.deployDirectory Webアプリケーションディレクトリ [C:\apache-tomcat-8.5.23\webapps\manager] を配備します
22-Nov-2017 13:40:59.539 情報 [localhost-startStop-1] org.apache.catalina.startup.HostConfig.deployDirectory Deployment of web application directory [C:\apache-tomcat-8.5.23\webapps\manager] has finished in [15] ms
22-Nov-2017 13:40:59.539 情報 [localhost-startStop-1] org.apache.catalina.startup.HostConfig.deployDirectory Webアプリケーションディレクトリ [C:\apache-tomcat-8.5.23\webapps\ROOT] を配備します
22-Nov-2017 13:40:59.555 情報 [localhost-startStop-1] org.apache.catalina.startup.HostConfig.deployDirectory Deployment of web application directory [C:\apache-tomcat-8.5.23\webapps\ROOT] has finished in [16] ms
22-Nov-2017 13:40:59.555 情報 [main] org.apache.coyote.AbstractProtocol.start Starting ProtocolHandler ["http-nio-8080"]
22-Nov-2017 13:40:59.571 情報 [main] org.apache.coyote.AbstractProtocol.start Starting ProtocolHandler ["ajp-nio-8009"]
22-Nov-2017 13:40:59.571 情報 [main] org.apache.catalina.startup.Catalina.start Server startup in 715 ms
