14-Nov-2017 23:14:16.098 情報 [main] org.apache.catalina.startup.VersionLoggerListener.log Server version:        Apache Tomcat/8.5.23
14-Nov-2017 23:14:16.176 情報 [main] org.apache.catalina.startup.VersionLoggerListener.log Server built:          Sep 28 2017 10:30:11 UTC
14-Nov-2017 23:14:16.176 情報 [main] org.apache.catalina.startup.VersionLoggerListener.log Server number:         8.5.23.0
14-Nov-2017 23:14:16.176 情報 [main] org.apache.catalina.startup.VersionLoggerListener.log OS Name:               Windows 10
14-Nov-2017 23:14:16.176 情報 [main] org.apache.catalina.startup.VersionLoggerListener.log OS Version:            10.0
14-Nov-2017 23:14:16.176 情報 [main] org.apache.catalina.startup.VersionLoggerListener.log Architecture:          amd64
14-Nov-2017 23:14:16.176 情報 [main] org.apache.catalina.startup.VersionLoggerListener.log Java Home:             E:\Java\jdk1.8.0_144\jre
14-Nov-2017 23:14:16.176 情報 [main] org.apache.catalina.startup.VersionLoggerListener.log JVM Version:           1.8.0_144-b01
14-Nov-2017 23:14:16.176 情報 [main] org.apache.catalina.startup.VersionLoggerListener.log JVM Vendor:            Oracle Corporation
14-Nov-2017 23:14:16.176 情報 [main] org.apache.catalina.startup.VersionLoggerListener.log CATALINA_BASE:         C:\apache-tomcat-8.5.23
14-Nov-2017 23:14:16.176 情報 [main] org.apache.catalina.startup.VersionLoggerListener.log CATALINA_HOME:         C:\apache-tomcat-8.5.23
14-Nov-2017 23:14:16.176 情報 [main] org.apache.catalina.startup.VersionLoggerListener.log Command line argument: -Djava.util.logging.config.file=C:\apache-tomcat-8.5.23\conf\logging.properties
14-Nov-2017 23:14:16.176 情報 [main] org.apache.catalina.startup.VersionLoggerListener.log Command line argument: -Djava.util.logging.manager=org.apache.juli.ClassLoaderLogManager
14-Nov-2017 23:14:16.176 情報 [main] org.apache.catalina.startup.VersionLoggerListener.log Command line argument: -Djdk.tls.ephemeralDHKeySize=2048
14-Nov-2017 23:14:16.176 情報 [main] org.apache.catalina.startup.VersionLoggerListener.log Command line argument: -Djava.protocol.handler.pkgs=org.apache.catalina.webresources
14-Nov-2017 23:14:16.176 情報 [main] org.apache.catalina.startup.VersionLoggerListener.log Command line argument: -Dcatalina.base=C:\apache-tomcat-8.5.23
14-Nov-2017 23:14:16.176 情報 [main] org.apache.catalina.startup.VersionLoggerListener.log Command line argument: -Dcatalina.home=C:\apache-tomcat-8.5.23
14-Nov-2017 23:14:16.176 情報 [main] org.apache.catalina.startup.VersionLoggerListener.log Command line argument: -Djava.io.tmpdir=C:\apache-tomcat-8.5.23\temp
14-Nov-2017 23:14:16.176 情報 [main] org.apache.catalina.core.AprLifecycleListener.lifecycleEvent Loaded APR based Apache Tomcat Native library [1.2.14] using APR version [1.6.2].
14-Nov-2017 23:14:16.176 情報 [main] org.apache.catalina.core.AprLifecycleListener.lifecycleEvent APR capabilities: IPv6 [true], sendfile [true], accept filters [false], random [true].
14-Nov-2017 23:14:16.176 情報 [main] org.apache.catalina.core.AprLifecycleListener.lifecycleEvent APR/OpenSSL configuration: useAprConnector [false], useOpenSSL [true]
14-Nov-2017 23:14:16.754 情報 [main] org.apache.catalina.core.AprLifecycleListener.initializeSSL OpenSSL successfully initialized [OpenSSL 1.0.2l  25 May 2017]
14-Nov-2017 23:14:18.129 情報 [main] org.apache.coyote.AbstractProtocol.init Initializing ProtocolHandler ["http-nio-8080"]
14-Nov-2017 23:14:18.754 情報 [main] org.apache.tomcat.util.net.NioSelectorPool.getSharedSelector Using a shared selector for servlet write/read
14-Nov-2017 23:14:18.754 情報 [main] org.apache.coyote.AbstractProtocol.init Initializing ProtocolHandler ["ajp-nio-8009"]
14-Nov-2017 23:14:18.754 情報 [main] org.apache.tomcat.util.net.NioSelectorPool.getSharedSelector Using a shared selector for servlet write/read
14-Nov-2017 23:14:18.754 情報 [main] org.apache.catalina.startup.Catalina.load Initialization processed in 3731 ms
14-Nov-2017 23:14:18.832 情報 [main] org.apache.catalina.core.StandardService.startInternal サービス [Catalina] を起動します
14-Nov-2017 23:14:18.832 情報 [main] org.apache.catalina.core.StandardEngine.startInternal Starting Servlet Engine: Apache Tomcat/8.5.23
14-Nov-2017 23:14:18.832 情報 [localhost-startStop-1] org.apache.catalina.startup.HostConfig.deployDirectory Webアプリケーションディレクトリ [C:\apache-tomcat-8.5.23\webapps\171018] を配備します
14-Nov-2017 23:14:19.504 情報 [localhost-startStop-1] org.apache.catalina.startup.HostConfig.deployDirectory Deployment of web application directory [C:\apache-tomcat-8.5.23\webapps\171018] has finished in [656] ms
14-Nov-2017 23:14:19.504 情報 [localhost-startStop-1] org.apache.catalina.startup.HostConfig.deployDirectory Webアプリケーションディレクトリ [C:\apache-tomcat-8.5.23\webapps\171025] を配備します
14-Nov-2017 23:14:19.551 情報 [localhost-startStop-1] org.apache.catalina.startup.HostConfig.deployDirectory Deployment of web application directory [C:\apache-tomcat-8.5.23\webapps\171025] has finished in [47] ms
14-Nov-2017 23:14:19.551 情報 [localhost-startStop-1] org.apache.catalina.startup.HostConfig.deployDirectory Webアプリケーションディレクトリ [C:\apache-tomcat-8.5.23\webapps\171101] を配備します
14-Nov-2017 23:14:19.567 情報 [localhost-startStop-1] org.apache.catalina.startup.HostConfig.deployDirectory Deployment of web application directory [C:\apache-tomcat-8.5.23\webapps\171101] has finished in [16] ms
14-Nov-2017 23:14:19.567 情報 [localhost-startStop-1] org.apache.catalina.startup.HostConfig.deployDirectory Webアプリケーションディレクトリ [C:\apache-tomcat-8.5.23\webapps\171108] を配備します
14-Nov-2017 23:14:19.629 情報 [localhost-startStop-1] org.apache.catalina.startup.HostConfig.deployDirectory Deployment of web application directory [C:\apache-tomcat-8.5.23\webapps\171108] has finished in [62] ms
14-Nov-2017 23:14:19.629 情報 [localhost-startStop-1] org.apache.catalina.startup.HostConfig.deployDirectory Webアプリケーションディレクトリ [C:\apache-tomcat-8.5.23\webapps\docs] を配備します
14-Nov-2017 23:14:19.645 情報 [localhost-startStop-1] org.apache.catalina.startup.HostConfig.deployDirectory Deployment of web application directory [C:\apache-tomcat-8.5.23\webapps\docs] has finished in [16] ms
14-Nov-2017 23:14:19.645 情報 [localhost-startStop-1] org.apache.catalina.startup.HostConfig.deployDirectory Webアプリケーションディレクトリ [C:\apache-tomcat-8.5.23\webapps\examples] を配備します
14-Nov-2017 23:14:20.787 情報 [localhost-startStop-1] org.apache.catalina.startup.HostConfig.deployDirectory Deployment of web application directory [C:\apache-tomcat-8.5.23\webapps\examples] has finished in [1,142] ms
14-Nov-2017 23:14:20.787 情報 [localhost-startStop-1] org.apache.catalina.startup.HostConfig.deployDirectory Webアプリケーションディレクトリ [C:\apache-tomcat-8.5.23\webapps\host-manager] を配備します
14-Nov-2017 23:14:20.818 情報 [localhost-startStop-1] org.apache.catalina.startup.HostConfig.deployDirectory Deployment of web application directory [C:\apache-tomcat-8.5.23\webapps\host-manager] has finished in [31] ms
14-Nov-2017 23:14:20.818 情報 [localhost-startStop-1] org.apache.catalina.startup.HostConfig.deployDirectory Webアプリケーションディレクトリ [C:\apache-tomcat-8.5.23\webapps\manager] を配備します
14-Nov-2017 23:14:20.834 情報 [localhost-startStop-1] org.apache.catalina.startup.HostConfig.deployDirectory Deployment of web application directory [C:\apache-tomcat-8.5.23\webapps\manager] has finished in [16] ms
14-Nov-2017 23:14:20.834 情報 [localhost-startStop-1] org.apache.catalina.startup.HostConfig.deployDirectory Webアプリケーションディレクトリ [C:\apache-tomcat-8.5.23\webapps\ROOT] を配備します
14-Nov-2017 23:14:20.865 情報 [localhost-startStop-1] org.apache.catalina.startup.HostConfig.deployDirectory Deployment of web application directory [C:\apache-tomcat-8.5.23\webapps\ROOT] has finished in [31] ms
14-Nov-2017 23:14:20.871 情報 [main] org.apache.coyote.AbstractProtocol.start Starting ProtocolHandler ["http-nio-8080"]
14-Nov-2017 23:14:20.878 情報 [main] org.apache.coyote.AbstractProtocol.start Starting ProtocolHandler ["ajp-nio-8009"]
14-Nov-2017 23:14:20.881 情報 [main] org.apache.catalina.startup.Catalina.start Server startup in 2114 ms
