22-Jan-2018 15:12:51.161 情報 [main] org.apache.catalina.startup.VersionLoggerListener.log Server version:        Apache Tomcat/8.5.23
22-Jan-2018 15:12:51.175 情報 [main] org.apache.catalina.startup.VersionLoggerListener.log Server built:          Sep 28 2017 10:30:11 UTC
22-Jan-2018 15:12:51.175 情報 [main] org.apache.catalina.startup.VersionLoggerListener.log Server number:         8.5.23.0
22-Jan-2018 15:12:51.176 情報 [main] org.apache.catalina.startup.VersionLoggerListener.log OS Name:               Windows 10
22-Jan-2018 15:12:51.176 情報 [main] org.apache.catalina.startup.VersionLoggerListener.log OS Version:            10.0
22-Jan-2018 15:12:51.176 情報 [main] org.apache.catalina.startup.VersionLoggerListener.log Architecture:          amd64
22-Jan-2018 15:12:51.177 情報 [main] org.apache.catalina.startup.VersionLoggerListener.log Java Home:             E:\Java\jdk1.8.0_144\jre
22-Jan-2018 15:12:51.178 情報 [main] org.apache.catalina.startup.VersionLoggerListener.log JVM Version:           1.8.0_144-b01
22-Jan-2018 15:12:51.178 情報 [main] org.apache.catalina.startup.VersionLoggerListener.log JVM Vendor:            Oracle Corporation
22-Jan-2018 15:12:51.178 情報 [main] org.apache.catalina.startup.VersionLoggerListener.log CATALINA_BASE:         C:\apache-tomcat-8.5.23
22-Jan-2018 15:12:51.178 情報 [main] org.apache.catalina.startup.VersionLoggerListener.log CATALINA_HOME:         C:\apache-tomcat-8.5.23
22-Jan-2018 15:12:51.178 情報 [main] org.apache.catalina.startup.VersionLoggerListener.log Command line argument: -Djava.util.logging.config.file=C:\apache-tomcat-8.5.23\conf\logging.properties
22-Jan-2018 15:12:51.178 情報 [main] org.apache.catalina.startup.VersionLoggerListener.log Command line argument: -Djava.util.logging.manager=org.apache.juli.ClassLoaderLogManager
22-Jan-2018 15:12:51.178 情報 [main] org.apache.catalina.startup.VersionLoggerListener.log Command line argument: -Djdk.tls.ephemeralDHKeySize=2048
22-Jan-2018 15:12:51.179 情報 [main] org.apache.catalina.startup.VersionLoggerListener.log Command line argument: -Djava.protocol.handler.pkgs=org.apache.catalina.webresources
22-Jan-2018 15:12:51.179 情報 [main] org.apache.catalina.startup.VersionLoggerListener.log Command line argument: -Dcatalina.base=C:\apache-tomcat-8.5.23
22-Jan-2018 15:12:51.179 情報 [main] org.apache.catalina.startup.VersionLoggerListener.log Command line argument: -Dcatalina.home=C:\apache-tomcat-8.5.23
22-Jan-2018 15:12:51.179 情報 [main] org.apache.catalina.startup.VersionLoggerListener.log Command line argument: -Djava.io.tmpdir=C:\apache-tomcat-8.5.23\temp
22-Jan-2018 15:12:51.179 情報 [main] org.apache.catalina.core.AprLifecycleListener.lifecycleEvent Loaded APR based Apache Tomcat Native library [1.2.14] using APR version [1.6.2].
22-Jan-2018 15:12:51.179 情報 [main] org.apache.catalina.core.AprLifecycleListener.lifecycleEvent APR capabilities: IPv6 [true], sendfile [true], accept filters [false], random [true].
22-Jan-2018 15:12:51.179 情報 [main] org.apache.catalina.core.AprLifecycleListener.lifecycleEvent APR/OpenSSL configuration: useAprConnector [false], useOpenSSL [true]
22-Jan-2018 15:12:51.814 情報 [main] org.apache.catalina.core.AprLifecycleListener.initializeSSL OpenSSL successfully initialized [OpenSSL 1.0.2l  25 May 2017]
22-Jan-2018 15:12:52.682 情報 [main] org.apache.coyote.AbstractProtocol.init Initializing ProtocolHandler ["http-nio-8080"]
22-Jan-2018 15:12:53.461 情報 [main] org.apache.tomcat.util.net.NioSelectorPool.getSharedSelector Using a shared selector for servlet write/read
22-Jan-2018 15:12:53.470 情報 [main] org.apache.coyote.AbstractProtocol.init Initializing ProtocolHandler ["ajp-nio-8009"]
22-Jan-2018 15:12:53.476 情報 [main] org.apache.tomcat.util.net.NioSelectorPool.getSharedSelector Using a shared selector for servlet write/read
22-Jan-2018 15:12:53.477 情報 [main] org.apache.catalina.startup.Catalina.load Initialization processed in 3641 ms
22-Jan-2018 15:12:53.564 情報 [main] org.apache.catalina.core.StandardService.startInternal サービス [Catalina] を起動します
22-Jan-2018 15:12:53.564 情報 [main] org.apache.catalina.core.StandardEngine.startInternal Starting Servlet Engine: Apache Tomcat/8.5.23
22-Jan-2018 15:12:53.575 情報 [localhost-startStop-1] org.apache.catalina.startup.HostConfig.deployDirectory Webアプリケーションディレクトリ [C:\apache-tomcat-8.5.23\webapps\171018] を配備します
22-Jan-2018 15:12:54.054 情報 [localhost-startStop-1] org.apache.catalina.startup.HostConfig.deployDirectory Deployment of web application directory [C:\apache-tomcat-8.5.23\webapps\171018] has finished in [470] ms
22-Jan-2018 15:12:54.054 情報 [localhost-startStop-1] org.apache.catalina.startup.HostConfig.deployDirectory Webアプリケーションディレクトリ [C:\apache-tomcat-8.5.23\webapps\171025] を配備します
22-Jan-2018 15:12:54.114 情報 [localhost-startStop-1] org.apache.catalina.startup.HostConfig.deployDirectory Deployment of web application directory [C:\apache-tomcat-8.5.23\webapps\171025] has finished in [60] ms
22-Jan-2018 15:12:54.114 情報 [localhost-startStop-1] org.apache.catalina.startup.HostConfig.deployDirectory Webアプリケーションディレクトリ [C:\apache-tomcat-8.5.23\webapps\171101] を配備します
22-Jan-2018 15:12:54.128 情報 [localhost-startStop-1] org.apache.catalina.startup.HostConfig.deployDirectory Deployment of web application directory [C:\apache-tomcat-8.5.23\webapps\171101] has finished in [14] ms
22-Jan-2018 15:12:54.129 情報 [localhost-startStop-1] org.apache.catalina.startup.HostConfig.deployDirectory Webアプリケーションディレクトリ [C:\apache-tomcat-8.5.23\webapps\171108] を配備します
22-Jan-2018 15:12:54.187 情報 [localhost-startStop-1] org.apache.catalina.startup.HostConfig.deployDirectory Deployment of web application directory [C:\apache-tomcat-8.5.23\webapps\171108] has finished in [58] ms
22-Jan-2018 15:12:54.187 情報 [localhost-startStop-1] org.apache.catalina.startup.HostConfig.deployDirectory Webアプリケーションディレクトリ [C:\apache-tomcat-8.5.23\webapps\171115] を配備します
22-Jan-2018 15:12:54.227 情報 [localhost-startStop-1] org.apache.catalina.startup.HostConfig.deployDirectory Deployment of web application directory [C:\apache-tomcat-8.5.23\webapps\171115] has finished in [40] ms
22-Jan-2018 15:12:54.227 情報 [localhost-startStop-1] org.apache.catalina.startup.HostConfig.deployDirectory Webアプリケーションディレクトリ [C:\apache-tomcat-8.5.23\webapps\171122] を配備します
22-Jan-2018 15:12:54.254 情報 [localhost-startStop-1] org.apache.catalina.startup.HostConfig.deployDirectory Deployment of web application directory [C:\apache-tomcat-8.5.23\webapps\171122] has finished in [27] ms
22-Jan-2018 15:12:54.254 情報 [localhost-startStop-1] org.apache.catalina.startup.HostConfig.deployDirectory Webアプリケーションディレクトリ [C:\apache-tomcat-8.5.23\webapps\171129] を配備します
22-Jan-2018 15:12:54.317 情報 [localhost-startStop-1] org.apache.catalina.startup.HostConfig.deployDirectory Deployment of web application directory [C:\apache-tomcat-8.5.23\webapps\171129] has finished in [62] ms
22-Jan-2018 15:12:54.317 情報 [localhost-startStop-1] org.apache.catalina.startup.HostConfig.deployDirectory Webアプリケーションディレクトリ [C:\apache-tomcat-8.5.23\webapps\171206] を配備します
22-Jan-2018 15:12:54.374 情報 [localhost-startStop-1] org.apache.catalina.startup.HostConfig.deployDirectory Deployment of web application directory [C:\apache-tomcat-8.5.23\webapps\171206] has finished in [57] ms
22-Jan-2018 15:12:54.375 情報 [localhost-startStop-1] org.apache.catalina.startup.HostConfig.deployDirectory Webアプリケーションディレクトリ [C:\apache-tomcat-8.5.23\webapps\171213] を配備します
22-Jan-2018 15:12:54.455 情報 [localhost-startStop-1] org.apache.catalina.startup.HostConfig.deployDirectory Deployment of web application directory [C:\apache-tomcat-8.5.23\webapps\171213] has finished in [80] ms
22-Jan-2018 15:12:54.455 情報 [localhost-startStop-1] org.apache.catalina.startup.HostConfig.deployDirectory Webアプリケーションディレクトリ [C:\apache-tomcat-8.5.23\webapps\171220] を配備します
22-Jan-2018 15:12:54.539 情報 [localhost-startStop-1] org.apache.catalina.startup.HostConfig.deployDirectory Deployment of web application directory [C:\apache-tomcat-8.5.23\webapps\171220] has finished in [84] ms
22-Jan-2018 15:12:54.539 情報 [localhost-startStop-1] org.apache.catalina.startup.HostConfig.deployDirectory Webアプリケーションディレクトリ [C:\apache-tomcat-8.5.23\webapps\180110] を配備します
22-Jan-2018 15:12:54.629 情報 [localhost-startStop-1] org.apache.catalina.startup.HostConfig.deployDirectory Deployment of web application directory [C:\apache-tomcat-8.5.23\webapps\180110] has finished in [90] ms
22-Jan-2018 15:12:54.629 情報 [localhost-startStop-1] org.apache.catalina.startup.HostConfig.deployDirectory Webアプリケーションディレクトリ [C:\apache-tomcat-8.5.23\webapps\180117] を配備します
22-Jan-2018 15:12:54.729 情報 [localhost-startStop-1] org.apache.catalina.startup.HostConfig.deployDirectory Deployment of web application directory [C:\apache-tomcat-8.5.23\webapps\180117] has finished in [100] ms
22-Jan-2018 15:12:54.730 情報 [localhost-startStop-1] org.apache.catalina.startup.HostConfig.deployDirectory Webアプリケーションディレクトリ [C:\apache-tomcat-8.5.23\webapps\docs] を配備します
22-Jan-2018 15:12:54.750 情報 [localhost-startStop-1] org.apache.catalina.startup.HostConfig.deployDirectory Deployment of web application directory [C:\apache-tomcat-8.5.23\webapps\docs] has finished in [20] ms
22-Jan-2018 15:12:54.750 情報 [localhost-startStop-1] org.apache.catalina.startup.HostConfig.deployDirectory Webアプリケーションディレクトリ [C:\apache-tomcat-8.5.23\webapps\examples] を配備します
22-Jan-2018 15:12:55.782 情報 [localhost-startStop-1] org.apache.catalina.startup.HostConfig.deployDirectory Deployment of web application directory [C:\apache-tomcat-8.5.23\webapps\examples] has finished in [1,032] ms
22-Jan-2018 15:12:55.782 情報 [localhost-startStop-1] org.apache.catalina.startup.HostConfig.deployDirectory Webアプリケーションディレクトリ [C:\apache-tomcat-8.5.23\webapps\host-manager] を配備します
22-Jan-2018 15:12:55.813 情報 [localhost-startStop-1] org.apache.catalina.startup.HostConfig.deployDirectory Deployment of web application directory [C:\apache-tomcat-8.5.23\webapps\host-manager] has finished in [30] ms
22-Jan-2018 15:12:55.813 情報 [localhost-startStop-1] org.apache.catalina.startup.HostConfig.deployDirectory Webアプリケーションディレクトリ [C:\apache-tomcat-8.5.23\webapps\manager] を配備します
22-Jan-2018 15:12:55.849 情報 [localhost-startStop-1] org.apache.catalina.startup.HostConfig.deployDirectory Deployment of web application directory [C:\apache-tomcat-8.5.23\webapps\manager] has finished in [36] ms
22-Jan-2018 15:12:55.850 情報 [localhost-startStop-1] org.apache.catalina.startup.HostConfig.deployDirectory Webアプリケーションディレクトリ [C:\apache-tomcat-8.5.23\webapps\ROOT] を配備します
22-Jan-2018 15:12:55.870 情報 [localhost-startStop-1] org.apache.catalina.startup.HostConfig.deployDirectory Deployment of web application directory [C:\apache-tomcat-8.5.23\webapps\ROOT] has finished in [20] ms
22-Jan-2018 15:12:55.870 情報 [localhost-startStop-1] org.apache.catalina.startup.HostConfig.deployDirectory Webアプリケーションディレクトリ [C:\apache-tomcat-8.5.23\webapps\Task] を配備します
22-Jan-2018 15:12:55.923 情報 [localhost-startStop-1] org.apache.catalina.startup.HostConfig.deployDirectory Deployment of web application directory [C:\apache-tomcat-8.5.23\webapps\Task] has finished in [53] ms
22-Jan-2018 15:12:55.928 情報 [main] org.apache.coyote.AbstractProtocol.start Starting ProtocolHandler ["http-nio-8080"]
22-Jan-2018 15:12:55.935 情報 [main] org.apache.coyote.AbstractProtocol.start Starting ProtocolHandler ["ajp-nio-8009"]
22-Jan-2018 15:12:55.939 情報 [main] org.apache.catalina.startup.Catalina.start Server startup in 2460 ms
22-Jan-2018 15:15:36.732 情報 [ContainerBackgroundProcessor[StandardEngine[Catalina]]] org.apache.catalina.core.StandardContext.reload このコンテキストの再ロードを開始しました
22-Jan-2018 15:15:39.184 警告 [ContainerBackgroundProcessor[StandardEngine[Catalina]]] org.apache.catalina.loader.WebappClassLoaderBase.clearReferencesJdbc The web application [Task] registered the JDBC driver [org.h2.Driver] but failed to unregister it when the web application was stopped. To prevent a memory leak, the JDBC Driver has been forcibly unregistered.
22-Jan-2018 15:15:39.310 情報 [ContainerBackgroundProcessor[StandardEngine[Catalina]]] org.apache.catalina.core.StandardContext.reload このコンテキストの再ロードが完了しました
22-Jan-2018 15:22:31.153 情報 [ContainerBackgroundProcessor[StandardEngine[Catalina]]] org.apache.catalina.core.StandardContext.reload このコンテキストの再ロードを開始しました
22-Jan-2018 15:22:31.172 警告 [ContainerBackgroundProcessor[StandardEngine[Catalina]]] org.apache.catalina.loader.WebappClassLoaderBase.clearReferencesJdbc The web application [Task] registered the JDBC driver [org.h2.Driver] but failed to unregister it when the web application was stopped. To prevent a memory leak, the JDBC Driver has been forcibly unregistered.
22-Jan-2018 15:22:31.232 情報 [ContainerBackgroundProcessor[StandardEngine[Catalina]]] org.apache.catalina.core.StandardContext.reload このコンテキストの再ロードが完了しました
22-Jan-2018 15:22:41.263 情報 [ContainerBackgroundProcessor[StandardEngine[Catalina]]] org.apache.catalina.core.StandardContext.reload このコンテキストの再ロードを開始しました
22-Jan-2018 15:22:41.316 情報 [ContainerBackgroundProcessor[StandardEngine[Catalina]]] org.apache.catalina.core.StandardContext.reload このコンテキストの再ロードが完了しました
22-Jan-2018 15:23:21.499 情報 [ContainerBackgroundProcessor[StandardEngine[Catalina]]] org.apache.catalina.core.StandardContext.reload このコンテキストの再ロードを開始しました
22-Jan-2018 15:23:21.505 警告 [ContainerBackgroundProcessor[StandardEngine[Catalina]]] org.apache.catalina.loader.WebappClassLoaderBase.clearReferencesJdbc The web application [Task] registered the JDBC driver [org.h2.Driver] but failed to unregister it when the web application was stopped. To prevent a memory leak, the JDBC Driver has been forcibly unregistered.
22-Jan-2018 15:23:21.547 情報 [ContainerBackgroundProcessor[StandardEngine[Catalina]]] org.apache.catalina.core.StandardContext.reload このコンテキストの再ロードが完了しました
22-Jan-2018 15:27:02.668 情報 [ContainerBackgroundProcessor[StandardEngine[Catalina]]] org.apache.catalina.core.StandardContext.reload このコンテキストの再ロードを開始しました
22-Jan-2018 15:27:02.687 警告 [ContainerBackgroundProcessor[StandardEngine[Catalina]]] org.apache.catalina.loader.WebappClassLoaderBase.clearReferencesJdbc The web application [Task] registered the JDBC driver [org.h2.Driver] but failed to unregister it when the web application was stopped. To prevent a memory leak, the JDBC Driver has been forcibly unregistered.
22-Jan-2018 15:27:02.736 情報 [ContainerBackgroundProcessor[StandardEngine[Catalina]]] org.apache.catalina.core.StandardContext.reload このコンテキストの再ロードが完了しました
22-Jan-2018 15:58:31.721 情報 [ContainerBackgroundProcessor[StandardEngine[Catalina]]] org.apache.catalina.core.StandardContext.reload このコンテキストの再ロードを開始しました
22-Jan-2018 15:58:31.740 警告 [ContainerBackgroundProcessor[StandardEngine[Catalina]]] org.apache.catalina.loader.WebappClassLoaderBase.clearReferencesJdbc The web application [Task] registered the JDBC driver [org.h2.Driver] but failed to unregister it when the web application was stopped. To prevent a memory leak, the JDBC Driver has been forcibly unregistered.
22-Jan-2018 15:58:31.794 情報 [ContainerBackgroundProcessor[StandardEngine[Catalina]]] org.apache.catalina.core.StandardContext.reload このコンテキストの再ロードが完了しました
22-Jan-2018 16:00:52.461 情報 [ContainerBackgroundProcessor[StandardEngine[Catalina]]] org.apache.catalina.core.StandardContext.reload このコンテキストの再ロードを開始しました
22-Jan-2018 16:00:52.473 警告 [ContainerBackgroundProcessor[StandardEngine[Catalina]]] org.apache.catalina.loader.WebappClassLoaderBase.clearReferencesJdbc The web application [Task] registered the JDBC driver [org.h2.Driver] but failed to unregister it when the web application was stopped. To prevent a memory leak, the JDBC Driver has been forcibly unregistered.
22-Jan-2018 16:00:52.518 情報 [ContainerBackgroundProcessor[StandardEngine[Catalina]]] org.apache.catalina.core.StandardContext.reload このコンテキストの再ロードが完了しました
22-Jan-2018 20:14:50.712 情報 [main] org.apache.catalina.startup.VersionLoggerListener.log Server version:        Apache Tomcat/8.5.23
22-Jan-2018 20:14:50.727 情報 [main] org.apache.catalina.startup.VersionLoggerListener.log Server built:          Sep 28 2017 10:30:11 UTC
22-Jan-2018 20:14:50.727 情報 [main] org.apache.catalina.startup.VersionLoggerListener.log Server number:         8.5.23.0
22-Jan-2018 20:14:50.727 情報 [main] org.apache.catalina.startup.VersionLoggerListener.log OS Name:               Windows 10
22-Jan-2018 20:14:50.727 情報 [main] org.apache.catalina.startup.VersionLoggerListener.log OS Version:            10.0
22-Jan-2018 20:14:50.727 情報 [main] org.apache.catalina.startup.VersionLoggerListener.log Architecture:          amd64
22-Jan-2018 20:14:50.727 情報 [main] org.apache.catalina.startup.VersionLoggerListener.log Java Home:             E:\Java\jdk1.8.0_144\jre
22-Jan-2018 20:14:50.727 情報 [main] org.apache.catalina.startup.VersionLoggerListener.log JVM Version:           1.8.0_144-b01
22-Jan-2018 20:14:50.727 情報 [main] org.apache.catalina.startup.VersionLoggerListener.log JVM Vendor:            Oracle Corporation
22-Jan-2018 20:14:50.743 情報 [main] org.apache.catalina.startup.VersionLoggerListener.log CATALINA_BASE:         C:\apache-tomcat-8.5.23
22-Jan-2018 20:14:50.743 情報 [main] org.apache.catalina.startup.VersionLoggerListener.log CATALINA_HOME:         C:\apache-tomcat-8.5.23
22-Jan-2018 20:14:50.743 情報 [main] org.apache.catalina.startup.VersionLoggerListener.log Command line argument: -Djava.util.logging.config.file=C:\apache-tomcat-8.5.23\conf\logging.properties
22-Jan-2018 20:14:50.743 情報 [main] org.apache.catalina.startup.VersionLoggerListener.log Command line argument: -Djava.util.logging.manager=org.apache.juli.ClassLoaderLogManager
22-Jan-2018 20:14:50.743 情報 [main] org.apache.catalina.startup.VersionLoggerListener.log Command line argument: -Djdk.tls.ephemeralDHKeySize=2048
22-Jan-2018 20:14:50.743 情報 [main] org.apache.catalina.startup.VersionLoggerListener.log Command line argument: -Djava.protocol.handler.pkgs=org.apache.catalina.webresources
22-Jan-2018 20:14:50.743 情報 [main] org.apache.catalina.startup.VersionLoggerListener.log Command line argument: -Dcatalina.base=C:\apache-tomcat-8.5.23
22-Jan-2018 20:14:50.743 情報 [main] org.apache.catalina.startup.VersionLoggerListener.log Command line argument: -Dcatalina.home=C:\apache-tomcat-8.5.23
22-Jan-2018 20:14:50.743 情報 [main] org.apache.catalina.startup.VersionLoggerListener.log Command line argument: -Djava.io.tmpdir=C:\apache-tomcat-8.5.23\temp
22-Jan-2018 20:14:50.743 情報 [main] org.apache.catalina.core.AprLifecycleListener.lifecycleEvent Loaded APR based Apache Tomcat Native library [1.2.14] using APR version [1.6.2].
22-Jan-2018 20:14:50.743 情報 [main] org.apache.catalina.core.AprLifecycleListener.lifecycleEvent APR capabilities: IPv6 [true], sendfile [true], accept filters [false], random [true].
22-Jan-2018 20:14:50.743 情報 [main] org.apache.catalina.core.AprLifecycleListener.lifecycleEvent APR/OpenSSL configuration: useAprConnector [false], useOpenSSL [true]
22-Jan-2018 20:14:51.337 情報 [main] org.apache.catalina.core.AprLifecycleListener.initializeSSL OpenSSL successfully initialized [OpenSSL 1.0.2l  25 May 2017]
22-Jan-2018 20:14:52.103 情報 [main] org.apache.coyote.AbstractProtocol.init Initializing ProtocolHandler ["http-nio-8080"]
22-Jan-2018 20:14:52.212 情報 [main] org.apache.tomcat.util.net.NioSelectorPool.getSharedSelector Using a shared selector for servlet write/read
22-Jan-2018 20:14:52.228 情報 [main] org.apache.coyote.AbstractProtocol.init Initializing ProtocolHandler ["ajp-nio-8009"]
22-Jan-2018 20:14:52.228 情報 [main] org.apache.tomcat.util.net.NioSelectorPool.getSharedSelector Using a shared selector for servlet write/read
22-Jan-2018 20:14:52.228 情報 [main] org.apache.catalina.startup.Catalina.load Initialization processed in 2037 ms
22-Jan-2018 20:14:52.243 情報 [main] org.apache.catalina.core.StandardService.startInternal サービス [Catalina] を起動します
22-Jan-2018 20:14:52.243 情報 [main] org.apache.catalina.core.StandardEngine.startInternal Starting Servlet Engine: Apache Tomcat/8.5.23
22-Jan-2018 20:14:52.259 情報 [localhost-startStop-1] org.apache.catalina.startup.HostConfig.deployDirectory Webアプリケーションディレクトリ [C:\apache-tomcat-8.5.23\webapps\171018] を配備します
22-Jan-2018 20:14:52.524 情報 [localhost-startStop-1] org.apache.catalina.startup.HostConfig.deployDirectory Deployment of web application directory [C:\apache-tomcat-8.5.23\webapps\171018] has finished in [265] ms
22-Jan-2018 20:14:52.524 情報 [localhost-startStop-1] org.apache.catalina.startup.HostConfig.deployDirectory Webアプリケーションディレクトリ [C:\apache-tomcat-8.5.23\webapps\171025] を配備します
22-Jan-2018 20:14:52.587 情報 [localhost-startStop-1] org.apache.catalina.startup.HostConfig.deployDirectory Deployment of web application directory [C:\apache-tomcat-8.5.23\webapps\171025] has finished in [63] ms
22-Jan-2018 20:14:52.587 情報 [localhost-startStop-1] org.apache.catalina.startup.HostConfig.deployDirectory Webアプリケーションディレクトリ [C:\apache-tomcat-8.5.23\webapps\171101] を配備します
22-Jan-2018 20:14:52.603 情報 [localhost-startStop-1] org.apache.catalina.startup.HostConfig.deployDirectory Deployment of web application directory [C:\apache-tomcat-8.5.23\webapps\171101] has finished in [16] ms
22-Jan-2018 20:14:52.603 情報 [localhost-startStop-1] org.apache.catalina.startup.HostConfig.deployDirectory Webアプリケーションディレクトリ [C:\apache-tomcat-8.5.23\webapps\171108] を配備します
22-Jan-2018 20:14:52.665 情報 [localhost-startStop-1] org.apache.catalina.startup.HostConfig.deployDirectory Deployment of web application directory [C:\apache-tomcat-8.5.23\webapps\171108] has finished in [62] ms
22-Jan-2018 20:14:52.665 情報 [localhost-startStop-1] org.apache.catalina.startup.HostConfig.deployDirectory Webアプリケーションディレクトリ [C:\apache-tomcat-8.5.23\webapps\171115] を配備します
22-Jan-2018 20:14:52.696 情報 [localhost-startStop-1] org.apache.catalina.startup.HostConfig.deployDirectory Deployment of web application directory [C:\apache-tomcat-8.5.23\webapps\171115] has finished in [31] ms
22-Jan-2018 20:14:52.696 情報 [localhost-startStop-1] org.apache.catalina.startup.HostConfig.deployDirectory Webアプリケーションディレクトリ [C:\apache-tomcat-8.5.23\webapps\171122] を配備します
22-Jan-2018 20:14:52.728 情報 [localhost-startStop-1] org.apache.catalina.startup.HostConfig.deployDirectory Deployment of web application directory [C:\apache-tomcat-8.5.23\webapps\171122] has finished in [32] ms
22-Jan-2018 20:14:52.728 情報 [localhost-startStop-1] org.apache.catalina.startup.HostConfig.deployDirectory Webアプリケーションディレクトリ [C:\apache-tomcat-8.5.23\webapps\171129] を配備します
22-Jan-2018 20:14:52.775 情報 [localhost-startStop-1] org.apache.catalina.startup.HostConfig.deployDirectory Deployment of web application directory [C:\apache-tomcat-8.5.23\webapps\171129] has finished in [47] ms
22-Jan-2018 20:14:52.775 情報 [localhost-startStop-1] org.apache.catalina.startup.HostConfig.deployDirectory Webアプリケーションディレクトリ [C:\apache-tomcat-8.5.23\webapps\171206] を配備します
22-Jan-2018 20:14:52.853 情報 [localhost-startStop-1] org.apache.catalina.startup.HostConfig.deployDirectory Deployment of web application directory [C:\apache-tomcat-8.5.23\webapps\171206] has finished in [78] ms
22-Jan-2018 20:14:52.853 情報 [localhost-startStop-1] org.apache.catalina.startup.HostConfig.deployDirectory Webアプリケーションディレクトリ [C:\apache-tomcat-8.5.23\webapps\171213] を配備します
22-Jan-2018 20:14:52.946 情報 [localhost-startStop-1] org.apache.catalina.startup.HostConfig.deployDirectory Deployment of web application directory [C:\apache-tomcat-8.5.23\webapps\171213] has finished in [93] ms
22-Jan-2018 20:14:52.946 情報 [localhost-startStop-1] org.apache.catalina.startup.HostConfig.deployDirectory Webアプリケーションディレクトリ [C:\apache-tomcat-8.5.23\webapps\171220] を配備します
22-Jan-2018 20:14:53.040 情報 [localhost-startStop-1] org.apache.catalina.startup.HostConfig.deployDirectory Deployment of web application directory [C:\apache-tomcat-8.5.23\webapps\171220] has finished in [94] ms
22-Jan-2018 20:14:53.040 情報 [localhost-startStop-1] org.apache.catalina.startup.HostConfig.deployDirectory Webアプリケーションディレクトリ [C:\apache-tomcat-8.5.23\webapps\180110] を配備します
22-Jan-2018 20:14:53.165 情報 [localhost-startStop-1] org.apache.catalina.startup.HostConfig.deployDirectory Deployment of web application directory [C:\apache-tomcat-8.5.23\webapps\180110] has finished in [125] ms
22-Jan-2018 20:14:53.165 情報 [localhost-startStop-1] org.apache.catalina.startup.HostConfig.deployDirectory Webアプリケーションディレクトリ [C:\apache-tomcat-8.5.23\webapps\180117] を配備します
22-Jan-2018 20:14:53.290 情報 [localhost-startStop-1] org.apache.catalina.startup.HostConfig.deployDirectory Deployment of web application directory [C:\apache-tomcat-8.5.23\webapps\180117] has finished in [125] ms
22-Jan-2018 20:14:53.290 情報 [localhost-startStop-1] org.apache.catalina.startup.HostConfig.deployDirectory Webアプリケーションディレクトリ [C:\apache-tomcat-8.5.23\webapps\docs] を配備します
22-Jan-2018 20:14:53.306 情報 [localhost-startStop-1] org.apache.catalina.startup.HostConfig.deployDirectory Deployment of web application directory [C:\apache-tomcat-8.5.23\webapps\docs] has finished in [16] ms
22-Jan-2018 20:14:53.306 情報 [localhost-startStop-1] org.apache.catalina.startup.HostConfig.deployDirectory Webアプリケーションディレクトリ [C:\apache-tomcat-8.5.23\webapps\examples] を配備します
22-Jan-2018 20:14:54.165 情報 [localhost-startStop-1] org.apache.catalina.startup.HostConfig.deployDirectory Deployment of web application directory [C:\apache-tomcat-8.5.23\webapps\examples] has finished in [859] ms
22-Jan-2018 20:14:54.165 情報 [localhost-startStop-1] org.apache.catalina.startup.HostConfig.deployDirectory Webアプリケーションディレクトリ [C:\apache-tomcat-8.5.23\webapps\host-manager] を配備します
22-Jan-2018 20:14:54.196 情報 [localhost-startStop-1] org.apache.catalina.startup.HostConfig.deployDirectory Deployment of web application directory [C:\apache-tomcat-8.5.23\webapps\host-manager] has finished in [31] ms
22-Jan-2018 20:14:54.196 情報 [localhost-startStop-1] org.apache.catalina.startup.HostConfig.deployDirectory Webアプリケーションディレクトリ [C:\apache-tomcat-8.5.23\webapps\manager] を配備します
22-Jan-2018 20:14:54.228 情報 [localhost-startStop-1] org.apache.catalina.startup.HostConfig.deployDirectory Deployment of web application directory [C:\apache-tomcat-8.5.23\webapps\manager] has finished in [32] ms
22-Jan-2018 20:14:54.228 情報 [localhost-startStop-1] org.apache.catalina.startup.HostConfig.deployDirectory Webアプリケーションディレクトリ [C:\apache-tomcat-8.5.23\webapps\ROOT] を配備します
22-Jan-2018 20:14:54.243 情報 [localhost-startStop-1] org.apache.catalina.startup.HostConfig.deployDirectory Deployment of web application directory [C:\apache-tomcat-8.5.23\webapps\ROOT] has finished in [15] ms
22-Jan-2018 20:14:54.243 情報 [localhost-startStop-1] org.apache.catalina.startup.HostConfig.deployDirectory Webアプリケーションディレクトリ [C:\apache-tomcat-8.5.23\webapps\Task] を配備します
22-Jan-2018 20:14:54.337 情報 [localhost-startStop-1] org.apache.catalina.startup.HostConfig.deployDirectory Deployment of web application directory [C:\apache-tomcat-8.5.23\webapps\Task] has finished in [94] ms
22-Jan-2018 20:14:54.337 情報 [main] org.apache.coyote.AbstractProtocol.start Starting ProtocolHandler ["http-nio-8080"]
22-Jan-2018 20:14:54.337 情報 [main] org.apache.coyote.AbstractProtocol.start Starting ProtocolHandler ["ajp-nio-8009"]
22-Jan-2018 20:14:54.353 情報 [main] org.apache.catalina.startup.Catalina.start Server startup in 2122 ms
