06-Dec-2017 13:35:57.832 情報 [main] org.apache.catalina.startup.VersionLoggerListener.log Server version:        Apache Tomcat/8.5.23
06-Dec-2017 13:35:57.911 情報 [main] org.apache.catalina.startup.VersionLoggerListener.log Server built:          Sep 28 2017 10:30:11 UTC
06-Dec-2017 13:35:57.913 情報 [main] org.apache.catalina.startup.VersionLoggerListener.log Server number:         8.5.23.0
06-Dec-2017 13:35:57.913 情報 [main] org.apache.catalina.startup.VersionLoggerListener.log OS Name:               Windows 10
06-Dec-2017 13:35:57.913 情報 [main] org.apache.catalina.startup.VersionLoggerListener.log OS Version:            10.0
06-Dec-2017 13:35:57.914 情報 [main] org.apache.catalina.startup.VersionLoggerListener.log Architecture:          amd64
06-Dec-2017 13:35:57.916 情報 [main] org.apache.catalina.startup.VersionLoggerListener.log Java Home:             E:\Java\jdk1.8.0_144\jre
06-Dec-2017 13:35:57.916 情報 [main] org.apache.catalina.startup.VersionLoggerListener.log JVM Version:           1.8.0_144-b01
06-Dec-2017 13:35:57.916 情報 [main] org.apache.catalina.startup.VersionLoggerListener.log JVM Vendor:            Oracle Corporation
06-Dec-2017 13:35:57.917 情報 [main] org.apache.catalina.startup.VersionLoggerListener.log CATALINA_BASE:         C:\apache-tomcat-8.5.23
06-Dec-2017 13:35:57.917 情報 [main] org.apache.catalina.startup.VersionLoggerListener.log CATALINA_HOME:         C:\apache-tomcat-8.5.23
06-Dec-2017 13:35:57.918 情報 [main] org.apache.catalina.startup.VersionLoggerListener.log Command line argument: -Djava.util.logging.config.file=C:\apache-tomcat-8.5.23\conf\logging.properties
06-Dec-2017 13:35:57.918 情報 [main] org.apache.catalina.startup.VersionLoggerListener.log Command line argument: -Djava.util.logging.manager=org.apache.juli.ClassLoaderLogManager
06-Dec-2017 13:35:57.918 情報 [main] org.apache.catalina.startup.VersionLoggerListener.log Command line argument: -Djdk.tls.ephemeralDHKeySize=2048
06-Dec-2017 13:35:57.919 情報 [main] org.apache.catalina.startup.VersionLoggerListener.log Command line argument: -Djava.protocol.handler.pkgs=org.apache.catalina.webresources
06-Dec-2017 13:35:57.919 情報 [main] org.apache.catalina.startup.VersionLoggerListener.log Command line argument: -Dcatalina.base=C:\apache-tomcat-8.5.23
06-Dec-2017 13:35:57.919 情報 [main] org.apache.catalina.startup.VersionLoggerListener.log Command line argument: -Dcatalina.home=C:\apache-tomcat-8.5.23
06-Dec-2017 13:35:57.920 情報 [main] org.apache.catalina.startup.VersionLoggerListener.log Command line argument: -Djava.io.tmpdir=C:\apache-tomcat-8.5.23\temp
06-Dec-2017 13:35:57.920 情報 [main] org.apache.catalina.core.AprLifecycleListener.lifecycleEvent Loaded APR based Apache Tomcat Native library [1.2.14] using APR version [1.6.2].
06-Dec-2017 13:35:57.920 情報 [main] org.apache.catalina.core.AprLifecycleListener.lifecycleEvent APR capabilities: IPv6 [true], sendfile [true], accept filters [false], random [true].
06-Dec-2017 13:35:57.921 情報 [main] org.apache.catalina.core.AprLifecycleListener.lifecycleEvent APR/OpenSSL configuration: useAprConnector [false], useOpenSSL [true]
06-Dec-2017 13:35:58.492 情報 [main] org.apache.catalina.core.AprLifecycleListener.initializeSSL OpenSSL successfully initialized [OpenSSL 1.0.2l  25 May 2017]
06-Dec-2017 13:35:59.848 情報 [main] org.apache.coyote.AbstractProtocol.init Initializing ProtocolHandler ["http-nio-8080"]
06-Dec-2017 13:36:00.477 情報 [main] org.apache.tomcat.util.net.NioSelectorPool.getSharedSelector Using a shared selector for servlet write/read
06-Dec-2017 13:36:00.493 情報 [main] org.apache.coyote.AbstractProtocol.init Initializing ProtocolHandler ["ajp-nio-8009"]
06-Dec-2017 13:36:00.493 情報 [main] org.apache.tomcat.util.net.NioSelectorPool.getSharedSelector Using a shared selector for servlet write/read
06-Dec-2017 13:36:00.493 情報 [main] org.apache.catalina.startup.Catalina.load Initialization processed in 3921 ms
06-Dec-2017 13:36:00.618 情報 [main] org.apache.catalina.core.StandardService.startInternal サービス [Catalina] を起動します
06-Dec-2017 13:36:00.618 情報 [main] org.apache.catalina.core.StandardEngine.startInternal Starting Servlet Engine: Apache Tomcat/8.5.23
06-Dec-2017 13:36:00.633 情報 [localhost-startStop-1] org.apache.catalina.startup.HostConfig.deployDirectory Webアプリケーションディレクトリ [C:\apache-tomcat-8.5.23\webapps\171018] を配備します
06-Dec-2017 13:36:01.199 情報 [localhost-startStop-1] org.apache.catalina.startup.HostConfig.deployDirectory Deployment of web application directory [C:\apache-tomcat-8.5.23\webapps\171018] has finished in [551] ms
06-Dec-2017 13:36:01.199 情報 [localhost-startStop-1] org.apache.catalina.startup.HostConfig.deployDirectory Webアプリケーションディレクトリ [C:\apache-tomcat-8.5.23\webapps\171025] を配備します
06-Dec-2017 13:36:01.255 情報 [localhost-startStop-1] org.apache.catalina.startup.HostConfig.deployDirectory Deployment of web application directory [C:\apache-tomcat-8.5.23\webapps\171025] has finished in [56] ms
06-Dec-2017 13:36:01.255 情報 [localhost-startStop-1] org.apache.catalina.startup.HostConfig.deployDirectory Webアプリケーションディレクトリ [C:\apache-tomcat-8.5.23\webapps\171101] を配備します
06-Dec-2017 13:36:01.271 情報 [localhost-startStop-1] org.apache.catalina.startup.HostConfig.deployDirectory Deployment of web application directory [C:\apache-tomcat-8.5.23\webapps\171101] has finished in [16] ms
06-Dec-2017 13:36:01.271 情報 [localhost-startStop-1] org.apache.catalina.startup.HostConfig.deployDirectory Webアプリケーションディレクトリ [C:\apache-tomcat-8.5.23\webapps\171108] を配備します
06-Dec-2017 13:36:01.318 情報 [localhost-startStop-1] org.apache.catalina.startup.HostConfig.deployDirectory Deployment of web application directory [C:\apache-tomcat-8.5.23\webapps\171108] has finished in [47] ms
06-Dec-2017 13:36:01.318 情報 [localhost-startStop-1] org.apache.catalina.startup.HostConfig.deployDirectory Webアプリケーションディレクトリ [C:\apache-tomcat-8.5.23\webapps\171115] を配備します
06-Dec-2017 13:36:01.349 情報 [localhost-startStop-1] org.apache.catalina.startup.HostConfig.deployDirectory Deployment of web application directory [C:\apache-tomcat-8.5.23\webapps\171115] has finished in [31] ms
06-Dec-2017 13:36:01.349 情報 [localhost-startStop-1] org.apache.catalina.startup.HostConfig.deployDirectory Webアプリケーションディレクトリ [C:\apache-tomcat-8.5.23\webapps\171122] を配備します
06-Dec-2017 13:36:01.380 情報 [localhost-startStop-1] org.apache.catalina.startup.HostConfig.deployDirectory Deployment of web application directory [C:\apache-tomcat-8.5.23\webapps\171122] has finished in [31] ms
06-Dec-2017 13:36:01.380 情報 [localhost-startStop-1] org.apache.catalina.startup.HostConfig.deployDirectory Webアプリケーションディレクトリ [C:\apache-tomcat-8.5.23\webapps\171129] を配備します
06-Dec-2017 13:36:01.458 情報 [localhost-startStop-1] org.apache.catalina.startup.HostConfig.deployDirectory Deployment of web application directory [C:\apache-tomcat-8.5.23\webapps\171129] has finished in [78] ms
06-Dec-2017 13:36:01.458 情報 [localhost-startStop-1] org.apache.catalina.startup.HostConfig.deployDirectory Webアプリケーションディレクトリ [C:\apache-tomcat-8.5.23\webapps\171206] を配備します
06-Dec-2017 13:36:01.490 情報 [localhost-startStop-1] org.apache.catalina.startup.HostConfig.deployDirectory Deployment of web application directory [C:\apache-tomcat-8.5.23\webapps\171206] has finished in [32] ms
06-Dec-2017 13:36:01.490 情報 [localhost-startStop-1] org.apache.catalina.startup.HostConfig.deployDirectory Webアプリケーションディレクトリ [C:\apache-tomcat-8.5.23\webapps\docs] を配備します
06-Dec-2017 13:36:01.526 情報 [localhost-startStop-1] org.apache.catalina.startup.HostConfig.deployDirectory Deployment of web application directory [C:\apache-tomcat-8.5.23\webapps\docs] has finished in [36] ms
06-Dec-2017 13:36:01.526 情報 [localhost-startStop-1] org.apache.catalina.startup.HostConfig.deployDirectory Webアプリケーションディレクトリ [C:\apache-tomcat-8.5.23\webapps\examples] を配備します
06-Dec-2017 13:36:02.686 情報 [localhost-startStop-1] org.apache.catalina.startup.HostConfig.deployDirectory Deployment of web application directory [C:\apache-tomcat-8.5.23\webapps\examples] has finished in [1,160] ms
06-Dec-2017 13:36:02.686 情報 [localhost-startStop-1] org.apache.catalina.startup.HostConfig.deployDirectory Webアプリケーションディレクトリ [C:\apache-tomcat-8.5.23\webapps\host-manager] を配備します
06-Dec-2017 13:36:02.715 情報 [localhost-startStop-1] org.apache.catalina.startup.HostConfig.deployDirectory Deployment of web application directory [C:\apache-tomcat-8.5.23\webapps\host-manager] has finished in [29] ms
06-Dec-2017 13:36:02.715 情報 [localhost-startStop-1] org.apache.catalina.startup.HostConfig.deployDirectory Webアプリケーションディレクトリ [C:\apache-tomcat-8.5.23\webapps\manager] を配備します
06-Dec-2017 13:36:02.748 情報 [localhost-startStop-1] org.apache.catalina.startup.HostConfig.deployDirectory Deployment of web application directory [C:\apache-tomcat-8.5.23\webapps\manager] has finished in [32] ms
06-Dec-2017 13:36:02.748 情報 [localhost-startStop-1] org.apache.catalina.startup.HostConfig.deployDirectory Webアプリケーションディレクトリ [C:\apache-tomcat-8.5.23\webapps\ROOT] を配備します
06-Dec-2017 13:36:02.775 情報 [localhost-startStop-1] org.apache.catalina.startup.HostConfig.deployDirectory Deployment of web application directory [C:\apache-tomcat-8.5.23\webapps\ROOT] has finished in [27] ms
06-Dec-2017 13:36:02.778 情報 [main] org.apache.coyote.AbstractProtocol.start Starting ProtocolHandler ["http-nio-8080"]
06-Dec-2017 13:36:02.786 情報 [main] org.apache.coyote.AbstractProtocol.start Starting ProtocolHandler ["ajp-nio-8009"]
06-Dec-2017 13:36:02.788 情報 [main] org.apache.catalina.startup.Catalina.start Server startup in 2284 ms
06-Dec-2017 13:37:53.515 情報 [ContainerBackgroundProcessor[StandardEngine[Catalina]]] org.apache.catalina.core.StandardContext.reload このコンテキストの再ロードを開始しました
06-Dec-2017 13:37:53.694 情報 [ContainerBackgroundProcessor[StandardEngine[Catalina]]] org.apache.catalina.core.StandardContext.reload このコンテキストの再ロードが完了しました
06-Dec-2017 13:38:53.910 情報 [ContainerBackgroundProcessor[StandardEngine[Catalina]]] org.apache.catalina.core.StandardContext.reload このコンテキストの再ロードを開始しました
06-Dec-2017 13:38:53.916 警告 [ContainerBackgroundProcessor[StandardEngine[Catalina]]] org.apache.catalina.loader.WebappClassLoaderBase.clearReferencesJdbc The web application [171206] registered the JDBC driver [org.h2.Driver] but failed to unregister it when the web application was stopped. To prevent a memory leak, the JDBC Driver has been forcibly unregistered.
06-Dec-2017 13:38:53.976 情報 [ContainerBackgroundProcessor[StandardEngine[Catalina]]] org.apache.catalina.core.StandardContext.reload このコンテキストの再ロードが完了しました
06-Dec-2017 13:41:14.295 情報 [ContainerBackgroundProcessor[StandardEngine[Catalina]]] org.apache.catalina.startup.HostConfig.undeploy コンテキストパス [/171206] のWebアプリケーションの配備を解除します
06-Dec-2017 13:41:14.327 情報 [localhost-startStop-2] org.apache.catalina.startup.HostConfig.deployDirectory Webアプリケーションディレクトリ [C:\apache-tomcat-8.5.23\webapps\171206] を配備します
06-Dec-2017 13:41:14.366 情報 [localhost-startStop-2] org.apache.catalina.startup.HostConfig.deployDirectory Deployment of web application directory [C:\apache-tomcat-8.5.23\webapps\171206] has finished in [40] ms
06-Dec-2017 13:42:44.519 情報 [ContainerBackgroundProcessor[StandardEngine[Catalina]]] org.apache.catalina.core.StandardContext.reload このコンテキストの再ロードを開始しました
06-Dec-2017 13:42:44.555 情報 [ContainerBackgroundProcessor[StandardEngine[Catalina]]] org.apache.catalina.core.StandardContext.reload このコンテキストの再ロードが完了しました
06-Dec-2017 13:44:14.867 情報 [ContainerBackgroundProcessor[StandardEngine[Catalina]]] org.apache.catalina.startup.HostConfig.undeploy コンテキストパス [/171206] のWebアプリケーションの配備を解除します
06-Dec-2017 13:44:14.867 警告 [ContainerBackgroundProcessor[StandardEngine[Catalina]]] org.apache.catalina.loader.WebappClassLoaderBase.clearReferencesJdbc The web application [171206] registered the JDBC driver [org.h2.Driver] but failed to unregister it when the web application was stopped. To prevent a memory leak, the JDBC Driver has been forcibly unregistered.
06-Dec-2017 13:44:14.882 情報 [localhost-startStop-3] org.apache.catalina.startup.HostConfig.deployDirectory Webアプリケーションディレクトリ [C:\apache-tomcat-8.5.23\webapps\171206] を配備します
06-Dec-2017 13:44:14.929 情報 [localhost-startStop-3] org.apache.catalina.startup.HostConfig.deployDirectory Deployment of web application directory [C:\apache-tomcat-8.5.23\webapps\171206] has finished in [47] ms
06-Dec-2017 13:45:35.125 情報 [ContainerBackgroundProcessor[StandardEngine[Catalina]]] org.apache.catalina.core.StandardContext.reload このコンテキストの再ロードを開始しました
06-Dec-2017 13:45:35.167 情報 [ContainerBackgroundProcessor[StandardEngine[Catalina]]] org.apache.catalina.core.StandardContext.reload このコンテキストの再ロードが完了しました
06-Dec-2017 13:57:39.742 情報 [main] org.apache.catalina.startup.VersionLoggerListener.log Server version:        Apache Tomcat/8.5.23
06-Dec-2017 13:57:39.757 情報 [main] org.apache.catalina.startup.VersionLoggerListener.log Server built:          Sep 28 2017 10:30:11 UTC
06-Dec-2017 13:57:39.757 情報 [main] org.apache.catalina.startup.VersionLoggerListener.log Server number:         8.5.23.0
06-Dec-2017 13:57:39.757 情報 [main] org.apache.catalina.startup.VersionLoggerListener.log OS Name:               Windows 10
06-Dec-2017 13:57:39.757 情報 [main] org.apache.catalina.startup.VersionLoggerListener.log OS Version:            10.0
06-Dec-2017 13:57:39.757 情報 [main] org.apache.catalina.startup.VersionLoggerListener.log Architecture:          amd64
06-Dec-2017 13:57:39.757 情報 [main] org.apache.catalina.startup.VersionLoggerListener.log Java Home:             E:\Java\jdk1.8.0_144\jre
06-Dec-2017 13:57:39.757 情報 [main] org.apache.catalina.startup.VersionLoggerListener.log JVM Version:           1.8.0_144-b01
06-Dec-2017 13:57:39.757 情報 [main] org.apache.catalina.startup.VersionLoggerListener.log JVM Vendor:            Oracle Corporation
06-Dec-2017 13:57:39.757 情報 [main] org.apache.catalina.startup.VersionLoggerListener.log CATALINA_BASE:         C:\apache-tomcat-8.5.23
06-Dec-2017 13:57:39.757 情報 [main] org.apache.catalina.startup.VersionLoggerListener.log CATALINA_HOME:         C:\apache-tomcat-8.5.23
06-Dec-2017 13:57:39.757 情報 [main] org.apache.catalina.startup.VersionLoggerListener.log Command line argument: -Djava.util.logging.config.file=C:\apache-tomcat-8.5.23\conf\logging.properties
06-Dec-2017 13:57:39.757 情報 [main] org.apache.catalina.startup.VersionLoggerListener.log Command line argument: -Djava.util.logging.manager=org.apache.juli.ClassLoaderLogManager
06-Dec-2017 13:57:39.757 情報 [main] org.apache.catalina.startup.VersionLoggerListener.log Command line argument: -Djdk.tls.ephemeralDHKeySize=2048
06-Dec-2017 13:57:39.757 情報 [main] org.apache.catalina.startup.VersionLoggerListener.log Command line argument: -Djava.protocol.handler.pkgs=org.apache.catalina.webresources
06-Dec-2017 13:57:39.757 情報 [main] org.apache.catalina.startup.VersionLoggerListener.log Command line argument: -Dcatalina.base=C:\apache-tomcat-8.5.23
06-Dec-2017 13:57:39.757 情報 [main] org.apache.catalina.startup.VersionLoggerListener.log Command line argument: -Dcatalina.home=C:\apache-tomcat-8.5.23
06-Dec-2017 13:57:39.757 情報 [main] org.apache.catalina.startup.VersionLoggerListener.log Command line argument: -Djava.io.tmpdir=C:\apache-tomcat-8.5.23\temp
06-Dec-2017 13:57:39.757 情報 [main] org.apache.catalina.core.AprLifecycleListener.lifecycleEvent Loaded APR based Apache Tomcat Native library [1.2.14] using APR version [1.6.2].
06-Dec-2017 13:57:39.757 情報 [main] org.apache.catalina.core.AprLifecycleListener.lifecycleEvent APR capabilities: IPv6 [true], sendfile [true], accept filters [false], random [true].
06-Dec-2017 13:57:39.757 情報 [main] org.apache.catalina.core.AprLifecycleListener.lifecycleEvent APR/OpenSSL configuration: useAprConnector [false], useOpenSSL [true]
06-Dec-2017 13:57:40.289 情報 [main] org.apache.catalina.core.AprLifecycleListener.initializeSSL OpenSSL successfully initialized [OpenSSL 1.0.2l  25 May 2017]
06-Dec-2017 13:57:40.382 情報 [main] org.apache.coyote.AbstractProtocol.init Initializing ProtocolHandler ["http-nio-8080"]
06-Dec-2017 13:57:40.494 情報 [main] org.apache.tomcat.util.net.NioSelectorPool.getSharedSelector Using a shared selector for servlet write/read
06-Dec-2017 13:57:40.510 情報 [main] org.apache.coyote.AbstractProtocol.init Initializing ProtocolHandler ["ajp-nio-8009"]
06-Dec-2017 13:57:40.510 情報 [main] org.apache.tomcat.util.net.NioSelectorPool.getSharedSelector Using a shared selector for servlet write/read
06-Dec-2017 13:57:40.510 情報 [main] org.apache.catalina.startup.Catalina.load Initialization processed in 1022 ms
06-Dec-2017 13:57:40.525 情報 [main] org.apache.catalina.core.StandardService.startInternal サービス [Catalina] を起動します
06-Dec-2017 13:57:40.525 情報 [main] org.apache.catalina.core.StandardEngine.startInternal Starting Servlet Engine: Apache Tomcat/8.5.23
06-Dec-2017 13:57:40.525 情報 [localhost-startStop-1] org.apache.catalina.startup.HostConfig.deployDirectory Webアプリケーションディレクトリ [C:\apache-tomcat-8.5.23\webapps\171018] を配備します
06-Dec-2017 13:57:40.760 情報 [localhost-startStop-1] org.apache.catalina.startup.HostConfig.deployDirectory Deployment of web application directory [C:\apache-tomcat-8.5.23\webapps\171018] has finished in [235] ms
06-Dec-2017 13:57:40.760 情報 [localhost-startStop-1] org.apache.catalina.startup.HostConfig.deployDirectory Webアプリケーションディレクトリ [C:\apache-tomcat-8.5.23\webapps\171025] を配備します
06-Dec-2017 13:57:40.807 情報 [localhost-startStop-1] org.apache.catalina.startup.HostConfig.deployDirectory Deployment of web application directory [C:\apache-tomcat-8.5.23\webapps\171025] has finished in [47] ms
06-Dec-2017 13:57:40.807 情報 [localhost-startStop-1] org.apache.catalina.startup.HostConfig.deployDirectory Webアプリケーションディレクトリ [C:\apache-tomcat-8.5.23\webapps\171101] を配備します
06-Dec-2017 13:57:40.822 情報 [localhost-startStop-1] org.apache.catalina.startup.HostConfig.deployDirectory Deployment of web application directory [C:\apache-tomcat-8.5.23\webapps\171101] has finished in [15] ms
06-Dec-2017 13:57:40.822 情報 [localhost-startStop-1] org.apache.catalina.startup.HostConfig.deployDirectory Webアプリケーションディレクトリ [C:\apache-tomcat-8.5.23\webapps\171108] を配備します
06-Dec-2017 13:57:40.838 情報 [localhost-startStop-1] org.apache.catalina.startup.HostConfig.deployDirectory Deployment of web application directory [C:\apache-tomcat-8.5.23\webapps\171108] has finished in [16] ms
06-Dec-2017 13:57:40.838 情報 [localhost-startStop-1] org.apache.catalina.startup.HostConfig.deployDirectory Webアプリケーションディレクトリ [C:\apache-tomcat-8.5.23\webapps\171115] を配備します
06-Dec-2017 13:57:40.869 情報 [localhost-startStop-1] org.apache.catalina.startup.HostConfig.deployDirectory Deployment of web application directory [C:\apache-tomcat-8.5.23\webapps\171115] has finished in [31] ms
06-Dec-2017 13:57:40.869 情報 [localhost-startStop-1] org.apache.catalina.startup.HostConfig.deployDirectory Webアプリケーションディレクトリ [C:\apache-tomcat-8.5.23\webapps\171122] を配備します
06-Dec-2017 13:57:40.885 情報 [localhost-startStop-1] org.apache.catalina.startup.HostConfig.deployDirectory Deployment of web application directory [C:\apache-tomcat-8.5.23\webapps\171122] has finished in [16] ms
06-Dec-2017 13:57:40.885 情報 [localhost-startStop-1] org.apache.catalina.startup.HostConfig.deployDirectory Webアプリケーションディレクトリ [C:\apache-tomcat-8.5.23\webapps\171129] を配備します
06-Dec-2017 13:57:40.932 情報 [localhost-startStop-1] org.apache.catalina.startup.HostConfig.deployDirectory Deployment of web application directory [C:\apache-tomcat-8.5.23\webapps\171129] has finished in [47] ms
06-Dec-2017 13:57:40.932 情報 [localhost-startStop-1] org.apache.catalina.startup.HostConfig.deployDirectory Webアプリケーションディレクトリ [C:\apache-tomcat-8.5.23\webapps\171206] を配備します
06-Dec-2017 13:57:40.947 重大 [localhost-startStop-1] org.apache.catalina.core.ContainerBase.addChildInternal ContainerBase.addChild: start: 
 org.apache.catalina.LifecycleException: Failed to start component [StandardEngine[Catalina].StandardHost[localhost].StandardContext[/171206]]
	at org.apache.catalina.util.LifecycleBase.start(LifecycleBase.java:167)
	at org.apache.catalina.core.ContainerBase.addChildInternal(ContainerBase.java:752)
	at org.apache.catalina.core.ContainerBase.addChild(ContainerBase.java:728)
	at org.apache.catalina.core.StandardHost.addChild(StandardHost.java:734)
	at org.apache.catalina.startup.HostConfig.deployDirectory(HostConfig.java:1144)
	at org.apache.catalina.startup.HostConfig$DeployDirectory.run(HostConfig.java:1878)
	at java.util.concurrent.Executors$RunnableAdapter.call(Executors.java:511)
	at java.util.concurrent.FutureTask.run(FutureTask.java:266)
	at java.util.concurrent.ThreadPoolExecutor.runWorker(ThreadPoolExecutor.java:1149)
	at java.util.concurrent.ThreadPoolExecutor$Worker.run(ThreadPoolExecutor.java:624)
	at java.lang.Thread.run(Thread.java:748)
Caused by: java.lang.IllegalArgumentException: The servlets named [lesson01.Index] and [lesson01.Select] are both mapped to the url-pattern [/lesson01/select] which is not permitted
	at org.apache.tomcat.util.descriptor.web.WebXml.addServletMappingDecoded(WebXml.java:325)
	at org.apache.tomcat.util.descriptor.web.WebXml.addServletMapping(WebXml.java:318)
	at org.apache.catalina.startup.ContextConfig.processAnnotationWebServlet(ContextConfig.java:2389)
	at org.apache.catalina.startup.ContextConfig.processAnnotationsStream(ContextConfig.java:2066)
	at org.apache.catalina.startup.ContextConfig.processAnnotationsWebResource(ContextConfig.java:1952)
	at org.apache.catalina.startup.ContextConfig.processAnnotationsWebResource(ContextConfig.java:1946)
	at org.apache.catalina.startup.ContextConfig.webConfig(ContextConfig.java:1153)
	at org.apache.catalina.startup.ContextConfig.configureStart(ContextConfig.java:775)
	at org.apache.catalina.startup.ContextConfig.lifecycleEvent(ContextConfig.java:299)
	at org.apache.catalina.util.LifecycleBase.fireLifecycleEvent(LifecycleBase.java:94)
	at org.apache.catalina.core.StandardContext.startInternal(StandardContext.java:5105)
	at org.apache.catalina.util.LifecycleBase.start(LifecycleBase.java:150)
	... 10 more

06-Dec-2017 13:57:40.947 重大 [localhost-startStop-1] org.apache.catalina.startup.HostConfig.deployDirectory Webアプリケーションディレクトリ [C:\apache-tomcat-8.5.23\webapps\171206] を配備中のエラーです
 java.lang.IllegalStateException: ContainerBase.addChild: start: org.apache.catalina.LifecycleException: Failed to start component [StandardEngine[Catalina].StandardHost[localhost].StandardContext[/171206]]
	at org.apache.catalina.core.ContainerBase.addChildInternal(ContainerBase.java:756)
	at org.apache.catalina.core.ContainerBase.addChild(ContainerBase.java:728)
	at org.apache.catalina.core.StandardHost.addChild(StandardHost.java:734)
	at org.apache.catalina.startup.HostConfig.deployDirectory(HostConfig.java:1144)
	at org.apache.catalina.startup.HostConfig$DeployDirectory.run(HostConfig.java:1878)
	at java.util.concurrent.Executors$RunnableAdapter.call(Executors.java:511)
	at java.util.concurrent.FutureTask.run(FutureTask.java:266)
	at java.util.concurrent.ThreadPoolExecutor.runWorker(ThreadPoolExecutor.java:1149)
	at java.util.concurrent.ThreadPoolExecutor$Worker.run(ThreadPoolExecutor.java:624)
	at java.lang.Thread.run(Thread.java:748)

06-Dec-2017 13:57:40.947 情報 [localhost-startStop-1] org.apache.catalina.startup.HostConfig.deployDirectory Deployment of web application directory [C:\apache-tomcat-8.5.23\webapps\171206] has finished in [15] ms
06-Dec-2017 13:57:40.947 情報 [localhost-startStop-1] org.apache.catalina.startup.HostConfig.deployDirectory Webアプリケーションディレクトリ [C:\apache-tomcat-8.5.23\webapps\docs] を配備します
06-Dec-2017 13:57:40.963 情報 [localhost-startStop-1] org.apache.catalina.startup.HostConfig.deployDirectory Deployment of web application directory [C:\apache-tomcat-8.5.23\webapps\docs] has finished in [16] ms
06-Dec-2017 13:57:40.963 情報 [localhost-startStop-1] org.apache.catalina.startup.HostConfig.deployDirectory Webアプリケーションディレクトリ [C:\apache-tomcat-8.5.23\webapps\examples] を配備します
06-Dec-2017 13:57:41.190 情報 [localhost-startStop-1] org.apache.catalina.startup.HostConfig.deployDirectory Deployment of web application directory [C:\apache-tomcat-8.5.23\webapps\examples] has finished in [227] ms
06-Dec-2017 13:57:41.190 情報 [localhost-startStop-1] org.apache.catalina.startup.HostConfig.deployDirectory Webアプリケーションディレクトリ [C:\apache-tomcat-8.5.23\webapps\host-manager] を配備します
06-Dec-2017 13:57:41.209 情報 [localhost-startStop-1] org.apache.catalina.startup.HostConfig.deployDirectory Deployment of web application directory [C:\apache-tomcat-8.5.23\webapps\host-manager] has finished in [18] ms
06-Dec-2017 13:57:41.209 情報 [localhost-startStop-1] org.apache.catalina.startup.HostConfig.deployDirectory Webアプリケーションディレクトリ [C:\apache-tomcat-8.5.23\webapps\manager] を配備します
06-Dec-2017 13:57:41.213 情報 [localhost-startStop-1] org.apache.catalina.startup.HostConfig.deployDirectory Deployment of web application directory [C:\apache-tomcat-8.5.23\webapps\manager] has finished in [4] ms
06-Dec-2017 13:57:41.213 情報 [localhost-startStop-1] org.apache.catalina.startup.HostConfig.deployDirectory Webアプリケーションディレクトリ [C:\apache-tomcat-8.5.23\webapps\ROOT] を配備します
06-Dec-2017 13:57:41.229 情報 [localhost-startStop-1] org.apache.catalina.startup.HostConfig.deployDirectory Deployment of web application directory [C:\apache-tomcat-8.5.23\webapps\ROOT] has finished in [16] ms
06-Dec-2017 13:57:41.229 情報 [main] org.apache.coyote.AbstractProtocol.start Starting ProtocolHandler ["http-nio-8080"]
06-Dec-2017 13:57:41.244 情報 [main] org.apache.coyote.AbstractProtocol.start Starting ProtocolHandler ["ajp-nio-8009"]
06-Dec-2017 13:57:41.244 情報 [main] org.apache.catalina.startup.Catalina.start Server startup in 738 ms
06-Dec-2017 13:58:57.351 情報 [main] org.apache.catalina.startup.VersionLoggerListener.log Server version:        Apache Tomcat/8.5.23
06-Dec-2017 13:58:57.351 情報 [main] org.apache.catalina.startup.VersionLoggerListener.log Server built:          Sep 28 2017 10:30:11 UTC
06-Dec-2017 13:58:57.351 情報 [main] org.apache.catalina.startup.VersionLoggerListener.log Server number:         8.5.23.0
06-Dec-2017 13:58:57.351 情報 [main] org.apache.catalina.startup.VersionLoggerListener.log OS Name:               Windows 10
06-Dec-2017 13:58:57.351 情報 [main] org.apache.catalina.startup.VersionLoggerListener.log OS Version:            10.0
06-Dec-2017 13:58:57.351 情報 [main] org.apache.catalina.startup.VersionLoggerListener.log Architecture:          amd64
06-Dec-2017 13:58:57.351 情報 [main] org.apache.catalina.startup.VersionLoggerListener.log Java Home:             E:\Java\jdk1.8.0_144\jre
06-Dec-2017 13:58:57.351 情報 [main] org.apache.catalina.startup.VersionLoggerListener.log JVM Version:           1.8.0_144-b01
06-Dec-2017 13:58:57.351 情報 [main] org.apache.catalina.startup.VersionLoggerListener.log JVM Vendor:            Oracle Corporation
06-Dec-2017 13:58:57.351 情報 [main] org.apache.catalina.startup.VersionLoggerListener.log CATALINA_BASE:         C:\apache-tomcat-8.5.23
06-Dec-2017 13:58:57.351 情報 [main] org.apache.catalina.startup.VersionLoggerListener.log CATALINA_HOME:         C:\apache-tomcat-8.5.23
06-Dec-2017 13:58:57.351 情報 [main] org.apache.catalina.startup.VersionLoggerListener.log Command line argument: -Djava.util.logging.config.file=C:\apache-tomcat-8.5.23\conf\logging.properties
06-Dec-2017 13:58:57.351 情報 [main] org.apache.catalina.startup.VersionLoggerListener.log Command line argument: -Djava.util.logging.manager=org.apache.juli.ClassLoaderLogManager
06-Dec-2017 13:58:57.351 情報 [main] org.apache.catalina.startup.VersionLoggerListener.log Command line argument: -Djdk.tls.ephemeralDHKeySize=2048
06-Dec-2017 13:58:57.351 情報 [main] org.apache.catalina.startup.VersionLoggerListener.log Command line argument: -Djava.protocol.handler.pkgs=org.apache.catalina.webresources
06-Dec-2017 13:58:57.351 情報 [main] org.apache.catalina.startup.VersionLoggerListener.log Command line argument: -Dcatalina.base=C:\apache-tomcat-8.5.23
06-Dec-2017 13:58:57.367 情報 [main] org.apache.catalina.startup.VersionLoggerListener.log Command line argument: -Dcatalina.home=C:\apache-tomcat-8.5.23
06-Dec-2017 13:58:57.367 情報 [main] org.apache.catalina.startup.VersionLoggerListener.log Command line argument: -Djava.io.tmpdir=C:\apache-tomcat-8.5.23\temp
06-Dec-2017 13:58:57.367 情報 [main] org.apache.catalina.core.AprLifecycleListener.lifecycleEvent Loaded APR based Apache Tomcat Native library [1.2.14] using APR version [1.6.2].
06-Dec-2017 13:58:57.367 情報 [main] org.apache.catalina.core.AprLifecycleListener.lifecycleEvent APR capabilities: IPv6 [true], sendfile [true], accept filters [false], random [true].
06-Dec-2017 13:58:57.367 情報 [main] org.apache.catalina.core.AprLifecycleListener.lifecycleEvent APR/OpenSSL configuration: useAprConnector [false], useOpenSSL [true]
06-Dec-2017 13:58:57.914 情報 [main] org.apache.catalina.core.AprLifecycleListener.initializeSSL OpenSSL successfully initialized [OpenSSL 1.0.2l  25 May 2017]
06-Dec-2017 13:58:58.008 情報 [main] org.apache.coyote.AbstractProtocol.init Initializing ProtocolHandler ["http-nio-8080"]
06-Dec-2017 13:58:58.119 情報 [main] org.apache.tomcat.util.net.NioSelectorPool.getSharedSelector Using a shared selector for servlet write/read
06-Dec-2017 13:58:58.122 情報 [main] org.apache.coyote.AbstractProtocol.init Initializing ProtocolHandler ["ajp-nio-8009"]
06-Dec-2017 13:58:58.124 情報 [main] org.apache.tomcat.util.net.NioSelectorPool.getSharedSelector Using a shared selector for servlet write/read
06-Dec-2017 13:58:58.124 情報 [main] org.apache.catalina.startup.Catalina.load Initialization processed in 1037 ms
06-Dec-2017 13:58:58.143 情報 [main] org.apache.catalina.core.StandardService.startInternal サービス [Catalina] を起動します
06-Dec-2017 13:58:58.143 情報 [main] org.apache.catalina.core.StandardEngine.startInternal Starting Servlet Engine: Apache Tomcat/8.5.23
06-Dec-2017 13:58:58.143 情報 [localhost-startStop-1] org.apache.catalina.startup.HostConfig.deployDirectory Webアプリケーションディレクトリ [C:\apache-tomcat-8.5.23\webapps\171018] を配備します
06-Dec-2017 13:58:58.400 情報 [localhost-startStop-1] org.apache.catalina.startup.HostConfig.deployDirectory Deployment of web application directory [C:\apache-tomcat-8.5.23\webapps\171018] has finished in [257] ms
06-Dec-2017 13:58:58.400 情報 [localhost-startStop-1] org.apache.catalina.startup.HostConfig.deployDirectory Webアプリケーションディレクトリ [C:\apache-tomcat-8.5.23\webapps\171025] を配備します
06-Dec-2017 13:58:58.447 情報 [localhost-startStop-1] org.apache.catalina.startup.HostConfig.deployDirectory Deployment of web application directory [C:\apache-tomcat-8.5.23\webapps\171025] has finished in [47] ms
06-Dec-2017 13:58:58.447 情報 [localhost-startStop-1] org.apache.catalina.startup.HostConfig.deployDirectory Webアプリケーションディレクトリ [C:\apache-tomcat-8.5.23\webapps\171101] を配備します
06-Dec-2017 13:58:58.463 情報 [localhost-startStop-1] org.apache.catalina.startup.HostConfig.deployDirectory Deployment of web application directory [C:\apache-tomcat-8.5.23\webapps\171101] has finished in [16] ms
06-Dec-2017 13:58:58.463 情報 [localhost-startStop-1] org.apache.catalina.startup.HostConfig.deployDirectory Webアプリケーションディレクトリ [C:\apache-tomcat-8.5.23\webapps\171108] を配備します
06-Dec-2017 13:58:58.494 情報 [localhost-startStop-1] org.apache.catalina.startup.HostConfig.deployDirectory Deployment of web application directory [C:\apache-tomcat-8.5.23\webapps\171108] has finished in [31] ms
06-Dec-2017 13:58:58.494 情報 [localhost-startStop-1] org.apache.catalina.startup.HostConfig.deployDirectory Webアプリケーションディレクトリ [C:\apache-tomcat-8.5.23\webapps\171115] を配備します
06-Dec-2017 13:58:58.525 情報 [localhost-startStop-1] org.apache.catalina.startup.HostConfig.deployDirectory Deployment of web application directory [C:\apache-tomcat-8.5.23\webapps\171115] has finished in [31] ms
06-Dec-2017 13:58:58.525 情報 [localhost-startStop-1] org.apache.catalina.startup.HostConfig.deployDirectory Webアプリケーションディレクトリ [C:\apache-tomcat-8.5.23\webapps\171122] を配備します
06-Dec-2017 13:58:58.541 情報 [localhost-startStop-1] org.apache.catalina.startup.HostConfig.deployDirectory Deployment of web application directory [C:\apache-tomcat-8.5.23\webapps\171122] has finished in [16] ms
06-Dec-2017 13:58:58.541 情報 [localhost-startStop-1] org.apache.catalina.startup.HostConfig.deployDirectory Webアプリケーションディレクトリ [C:\apache-tomcat-8.5.23\webapps\171129] を配備します
06-Dec-2017 13:58:58.588 情報 [localhost-startStop-1] org.apache.catalina.startup.HostConfig.deployDirectory Deployment of web application directory [C:\apache-tomcat-8.5.23\webapps\171129] has finished in [47] ms
06-Dec-2017 13:58:58.588 情報 [localhost-startStop-1] org.apache.catalina.startup.HostConfig.deployDirectory Webアプリケーションディレクトリ [C:\apache-tomcat-8.5.23\webapps\171206] を配備します
06-Dec-2017 13:58:58.619 情報 [localhost-startStop-1] org.apache.catalina.startup.HostConfig.deployDirectory Deployment of web application directory [C:\apache-tomcat-8.5.23\webapps\171206] has finished in [31] ms
06-Dec-2017 13:58:58.619 情報 [localhost-startStop-1] org.apache.catalina.startup.HostConfig.deployDirectory Webアプリケーションディレクトリ [C:\apache-tomcat-8.5.23\webapps\docs] を配備します
06-Dec-2017 13:58:58.635 情報 [localhost-startStop-1] org.apache.catalina.startup.HostConfig.deployDirectory Deployment of web application directory [C:\apache-tomcat-8.5.23\webapps\docs] has finished in [16] ms
06-Dec-2017 13:58:58.635 情報 [localhost-startStop-1] org.apache.catalina.startup.HostConfig.deployDirectory Webアプリケーションディレクトリ [C:\apache-tomcat-8.5.23\webapps\examples] を配備します
06-Dec-2017 13:58:58.853 情報 [localhost-startStop-1] org.apache.catalina.startup.HostConfig.deployDirectory Deployment of web application directory [C:\apache-tomcat-8.5.23\webapps\examples] has finished in [218] ms
06-Dec-2017 13:58:58.853 情報 [localhost-startStop-1] org.apache.catalina.startup.HostConfig.deployDirectory Webアプリケーションディレクトリ [C:\apache-tomcat-8.5.23\webapps\host-manager] を配備します
06-Dec-2017 13:58:58.869 情報 [localhost-startStop-1] org.apache.catalina.startup.HostConfig.deployDirectory Deployment of web application directory [C:\apache-tomcat-8.5.23\webapps\host-manager] has finished in [16] ms
06-Dec-2017 13:58:58.869 情報 [localhost-startStop-1] org.apache.catalina.startup.HostConfig.deployDirectory Webアプリケーションディレクトリ [C:\apache-tomcat-8.5.23\webapps\manager] を配備します
06-Dec-2017 13:58:58.885 情報 [localhost-startStop-1] org.apache.catalina.startup.HostConfig.deployDirectory Deployment of web application directory [C:\apache-tomcat-8.5.23\webapps\manager] has finished in [16] ms
06-Dec-2017 13:58:58.885 情報 [localhost-startStop-1] org.apache.catalina.startup.HostConfig.deployDirectory Webアプリケーションディレクトリ [C:\apache-tomcat-8.5.23\webapps\ROOT] を配備します
06-Dec-2017 13:58:58.916 情報 [localhost-startStop-1] org.apache.catalina.startup.HostConfig.deployDirectory Deployment of web application directory [C:\apache-tomcat-8.5.23\webapps\ROOT] has finished in [31] ms
06-Dec-2017 13:58:58.916 情報 [main] org.apache.coyote.AbstractProtocol.start Starting ProtocolHandler ["http-nio-8080"]
06-Dec-2017 13:58:58.916 情報 [main] org.apache.coyote.AbstractProtocol.start Starting ProtocolHandler ["ajp-nio-8009"]
06-Dec-2017 13:58:58.916 情報 [main] org.apache.catalina.startup.Catalina.start Server startup in 803 ms
06-Dec-2017 14:07:40.369 情報 [ContainerBackgroundProcessor[StandardEngine[Catalina]]] org.apache.catalina.core.StandardContext.reload このコンテキストの再ロードを開始しました
06-Dec-2017 14:08:34.329 情報 [main] org.apache.catalina.startup.VersionLoggerListener.log Server version:        Apache Tomcat/8.5.23
06-Dec-2017 14:08:34.332 情報 [main] org.apache.catalina.startup.VersionLoggerListener.log Server built:          Sep 28 2017 10:30:11 UTC
06-Dec-2017 14:08:34.332 情報 [main] org.apache.catalina.startup.VersionLoggerListener.log Server number:         8.5.23.0
06-Dec-2017 14:08:34.332 情報 [main] org.apache.catalina.startup.VersionLoggerListener.log OS Name:               Windows 10
06-Dec-2017 14:08:34.332 情報 [main] org.apache.catalina.startup.VersionLoggerListener.log OS Version:            10.0
06-Dec-2017 14:08:34.332 情報 [main] org.apache.catalina.startup.VersionLoggerListener.log Architecture:          amd64
06-Dec-2017 14:08:34.333 情報 [main] org.apache.catalina.startup.VersionLoggerListener.log Java Home:             E:\Java\jdk1.8.0_144\jre
06-Dec-2017 14:08:34.333 情報 [main] org.apache.catalina.startup.VersionLoggerListener.log JVM Version:           1.8.0_144-b01
06-Dec-2017 14:08:34.333 情報 [main] org.apache.catalina.startup.VersionLoggerListener.log JVM Vendor:            Oracle Corporation
06-Dec-2017 14:08:34.334 情報 [main] org.apache.catalina.startup.VersionLoggerListener.log CATALINA_BASE:         C:\apache-tomcat-8.5.23
06-Dec-2017 14:08:34.334 情報 [main] org.apache.catalina.startup.VersionLoggerListener.log CATALINA_HOME:         C:\apache-tomcat-8.5.23
06-Dec-2017 14:08:34.334 情報 [main] org.apache.catalina.startup.VersionLoggerListener.log Command line argument: -Djava.util.logging.config.file=C:\apache-tomcat-8.5.23\conf\logging.properties
06-Dec-2017 14:08:34.334 情報 [main] org.apache.catalina.startup.VersionLoggerListener.log Command line argument: -Djava.util.logging.manager=org.apache.juli.ClassLoaderLogManager
06-Dec-2017 14:08:34.334 情報 [main] org.apache.catalina.startup.VersionLoggerListener.log Command line argument: -Djdk.tls.ephemeralDHKeySize=2048
06-Dec-2017 14:08:34.334 情報 [main] org.apache.catalina.startup.VersionLoggerListener.log Command line argument: -Djava.protocol.handler.pkgs=org.apache.catalina.webresources
06-Dec-2017 14:08:34.335 情報 [main] org.apache.catalina.startup.VersionLoggerListener.log Command line argument: -Dcatalina.base=C:\apache-tomcat-8.5.23
06-Dec-2017 14:08:34.335 情報 [main] org.apache.catalina.startup.VersionLoggerListener.log Command line argument: -Dcatalina.home=C:\apache-tomcat-8.5.23
06-Dec-2017 14:08:34.335 情報 [main] org.apache.catalina.startup.VersionLoggerListener.log Command line argument: -Djava.io.tmpdir=C:\apache-tomcat-8.5.23\temp
06-Dec-2017 14:08:34.335 情報 [main] org.apache.catalina.core.AprLifecycleListener.lifecycleEvent Loaded APR based Apache Tomcat Native library [1.2.14] using APR version [1.6.2].
06-Dec-2017 14:08:34.335 情報 [main] org.apache.catalina.core.AprLifecycleListener.lifecycleEvent APR capabilities: IPv6 [true], sendfile [true], accept filters [false], random [true].
06-Dec-2017 14:08:34.335 情報 [main] org.apache.catalina.core.AprLifecycleListener.lifecycleEvent APR/OpenSSL configuration: useAprConnector [false], useOpenSSL [true]
06-Dec-2017 14:08:34.878 情報 [main] org.apache.catalina.core.AprLifecycleListener.initializeSSL OpenSSL successfully initialized [OpenSSL 1.0.2l  25 May 2017]
06-Dec-2017 14:08:34.988 情報 [main] org.apache.coyote.AbstractProtocol.init Initializing ProtocolHandler ["http-nio-8080"]
06-Dec-2017 14:08:35.081 情報 [main] org.apache.tomcat.util.net.NioSelectorPool.getSharedSelector Using a shared selector for servlet write/read
06-Dec-2017 14:08:35.081 情報 [main] org.apache.coyote.AbstractProtocol.init Initializing ProtocolHandler ["ajp-nio-8009"]
06-Dec-2017 14:08:35.081 情報 [main] org.apache.tomcat.util.net.NioSelectorPool.getSharedSelector Using a shared selector for servlet write/read
06-Dec-2017 14:08:35.081 情報 [main] org.apache.catalina.startup.Catalina.load Initialization processed in 1048 ms
06-Dec-2017 14:08:35.097 情報 [main] org.apache.catalina.core.StandardService.startInternal サービス [Catalina] を起動します
06-Dec-2017 14:08:35.097 情報 [main] org.apache.catalina.core.StandardEngine.startInternal Starting Servlet Engine: Apache Tomcat/8.5.23
06-Dec-2017 14:08:35.121 情報 [localhost-startStop-1] org.apache.catalina.startup.HostConfig.deployDirectory Webアプリケーションディレクトリ [C:\apache-tomcat-8.5.23\webapps\171018] を配備します
06-Dec-2017 14:08:35.341 情報 [localhost-startStop-1] org.apache.catalina.startup.HostConfig.deployDirectory Deployment of web application directory [C:\apache-tomcat-8.5.23\webapps\171018] has finished in [220] ms
06-Dec-2017 14:08:35.341 情報 [localhost-startStop-1] org.apache.catalina.startup.HostConfig.deployDirectory Webアプリケーションディレクトリ [C:\apache-tomcat-8.5.23\webapps\171025] を配備します
06-Dec-2017 14:08:35.372 情報 [localhost-startStop-1] org.apache.catalina.startup.HostConfig.deployDirectory Deployment of web application directory [C:\apache-tomcat-8.5.23\webapps\171025] has finished in [31] ms
06-Dec-2017 14:08:35.372 情報 [localhost-startStop-1] org.apache.catalina.startup.HostConfig.deployDirectory Webアプリケーションディレクトリ [C:\apache-tomcat-8.5.23\webapps\171101] を配備します
06-Dec-2017 14:08:35.388 情報 [localhost-startStop-1] org.apache.catalina.startup.HostConfig.deployDirectory Deployment of web application directory [C:\apache-tomcat-8.5.23\webapps\171101] has finished in [16] ms
06-Dec-2017 14:08:35.388 情報 [localhost-startStop-1] org.apache.catalina.startup.HostConfig.deployDirectory Webアプリケーションディレクトリ [C:\apache-tomcat-8.5.23\webapps\171108] を配備します
06-Dec-2017 14:08:35.421 情報 [localhost-startStop-1] org.apache.catalina.startup.HostConfig.deployDirectory Deployment of web application directory [C:\apache-tomcat-8.5.23\webapps\171108] has finished in [33] ms
06-Dec-2017 14:08:35.421 情報 [localhost-startStop-1] org.apache.catalina.startup.HostConfig.deployDirectory Webアプリケーションディレクトリ [C:\apache-tomcat-8.5.23\webapps\171115] を配備します
06-Dec-2017 14:08:35.453 情報 [localhost-startStop-1] org.apache.catalina.startup.HostConfig.deployDirectory Deployment of web application directory [C:\apache-tomcat-8.5.23\webapps\171115] has finished in [32] ms
06-Dec-2017 14:08:35.453 情報 [localhost-startStop-1] org.apache.catalina.startup.HostConfig.deployDirectory Webアプリケーションディレクトリ [C:\apache-tomcat-8.5.23\webapps\171122] を配備します
06-Dec-2017 14:08:35.468 情報 [localhost-startStop-1] org.apache.catalina.startup.HostConfig.deployDirectory Deployment of web application directory [C:\apache-tomcat-8.5.23\webapps\171122] has finished in [15] ms
06-Dec-2017 14:08:35.468 情報 [localhost-startStop-1] org.apache.catalina.startup.HostConfig.deployDirectory Webアプリケーションディレクトリ [C:\apache-tomcat-8.5.23\webapps\171129] を配備します
06-Dec-2017 14:08:35.521 情報 [localhost-startStop-1] org.apache.catalina.startup.HostConfig.deployDirectory Deployment of web application directory [C:\apache-tomcat-8.5.23\webapps\171129] has finished in [53] ms
06-Dec-2017 14:08:35.521 情報 [localhost-startStop-1] org.apache.catalina.startup.HostConfig.deployDirectory Webアプリケーションディレクトリ [C:\apache-tomcat-8.5.23\webapps\171206] を配備します
06-Dec-2017 14:08:35.551 情報 [localhost-startStop-1] org.apache.catalina.startup.HostConfig.deployDirectory Deployment of web application directory [C:\apache-tomcat-8.5.23\webapps\171206] has finished in [29] ms
06-Dec-2017 14:08:35.551 情報 [localhost-startStop-1] org.apache.catalina.startup.HostConfig.deployDirectory Webアプリケーションディレクトリ [C:\apache-tomcat-8.5.23\webapps\docs] を配備します
06-Dec-2017 14:08:35.565 情報 [localhost-startStop-1] org.apache.catalina.startup.HostConfig.deployDirectory Deployment of web application directory [C:\apache-tomcat-8.5.23\webapps\docs] has finished in [14] ms
06-Dec-2017 14:08:35.565 情報 [localhost-startStop-1] org.apache.catalina.startup.HostConfig.deployDirectory Webアプリケーションディレクトリ [C:\apache-tomcat-8.5.23\webapps\examples] を配備します
06-Dec-2017 14:08:35.788 情報 [localhost-startStop-1] org.apache.catalina.startup.HostConfig.deployDirectory Deployment of web application directory [C:\apache-tomcat-8.5.23\webapps\examples] has finished in [223] ms
06-Dec-2017 14:08:35.788 情報 [localhost-startStop-1] org.apache.catalina.startup.HostConfig.deployDirectory Webアプリケーションディレクトリ [C:\apache-tomcat-8.5.23\webapps\host-manager] を配備します
06-Dec-2017 14:08:35.803 情報 [localhost-startStop-1] org.apache.catalina.startup.HostConfig.deployDirectory Deployment of web application directory [C:\apache-tomcat-8.5.23\webapps\host-manager] has finished in [15] ms
06-Dec-2017 14:08:35.803 情報 [localhost-startStop-1] org.apache.catalina.startup.HostConfig.deployDirectory Webアプリケーションディレクトリ [C:\apache-tomcat-8.5.23\webapps\manager] を配備します
06-Dec-2017 14:08:35.835 情報 [localhost-startStop-1] org.apache.catalina.startup.HostConfig.deployDirectory Deployment of web application directory [C:\apache-tomcat-8.5.23\webapps\manager] has finished in [32] ms
06-Dec-2017 14:08:35.835 情報 [localhost-startStop-1] org.apache.catalina.startup.HostConfig.deployDirectory Webアプリケーションディレクトリ [C:\apache-tomcat-8.5.23\webapps\ROOT] を配備します
06-Dec-2017 14:08:35.850 情報 [localhost-startStop-1] org.apache.catalina.startup.HostConfig.deployDirectory Deployment of web application directory [C:\apache-tomcat-8.5.23\webapps\ROOT] has finished in [15] ms
06-Dec-2017 14:08:35.850 情報 [main] org.apache.coyote.AbstractProtocol.start Starting ProtocolHandler ["http-nio-8080"]
06-Dec-2017 14:08:35.850 情報 [main] org.apache.coyote.AbstractProtocol.start Starting ProtocolHandler ["ajp-nio-8009"]
06-Dec-2017 14:08:35.850 情報 [main] org.apache.catalina.startup.Catalina.start Server startup in 771 ms
06-Dec-2017 14:11:36.515 情報 [ContainerBackgroundProcessor[StandardEngine[Catalina]]] org.apache.catalina.core.StandardContext.reload このコンテキストの再ロードを開始しました
06-Dec-2017 14:11:36.530 警告 [ContainerBackgroundProcessor[StandardEngine[Catalina]]] org.apache.catalina.loader.WebappClassLoaderBase.clearReferencesJdbc The web application [171206] registered the JDBC driver [org.h2.Driver] but failed to unregister it when the web application was stopped. To prevent a memory leak, the JDBC Driver has been forcibly unregistered.
06-Dec-2017 14:11:36.577 情報 [ContainerBackgroundProcessor[StandardEngine[Catalina]]] org.apache.catalina.core.StandardContext.reload このコンテキストの再ロードが完了しました
06-Dec-2017 14:26:39.852 情報 [ContainerBackgroundProcessor[StandardEngine[Catalina]]] org.apache.catalina.core.StandardContext.reload このコンテキストの再ロードを開始しました
06-Dec-2017 14:26:42.264 警告 [ContainerBackgroundProcessor[StandardEngine[Catalina]]] org.apache.catalina.loader.WebappClassLoaderBase.clearReferencesJdbc The web application [171206] registered the JDBC driver [org.h2.Driver] but failed to unregister it when the web application was stopped. To prevent a memory leak, the JDBC Driver has been forcibly unregistered.
06-Dec-2017 14:26:42.342 情報 [ContainerBackgroundProcessor[StandardEngine[Catalina]]] org.apache.catalina.core.StandardContext.reload このコンテキストの再ロードが完了しました
06-Dec-2017 14:54:51.085 情報 [main] org.apache.catalina.startup.VersionLoggerListener.log Server version:        Apache Tomcat/8.5.23
06-Dec-2017 14:54:51.085 情報 [main] org.apache.catalina.startup.VersionLoggerListener.log Server built:          Sep 28 2017 10:30:11 UTC
06-Dec-2017 14:54:51.085 情報 [main] org.apache.catalina.startup.VersionLoggerListener.log Server number:         8.5.23.0
06-Dec-2017 14:54:51.085 情報 [main] org.apache.catalina.startup.VersionLoggerListener.log OS Name:               Windows 10
06-Dec-2017 14:54:51.085 情報 [main] org.apache.catalina.startup.VersionLoggerListener.log OS Version:            10.0
06-Dec-2017 14:54:51.085 情報 [main] org.apache.catalina.startup.VersionLoggerListener.log Architecture:          amd64
06-Dec-2017 14:54:51.085 情報 [main] org.apache.catalina.startup.VersionLoggerListener.log Java Home:             E:\Java\jdk1.8.0_144\jre
06-Dec-2017 14:54:51.085 情報 [main] org.apache.catalina.startup.VersionLoggerListener.log JVM Version:           1.8.0_144-b01
06-Dec-2017 14:54:51.085 情報 [main] org.apache.catalina.startup.VersionLoggerListener.log JVM Vendor:            Oracle Corporation
06-Dec-2017 14:54:51.085 情報 [main] org.apache.catalina.startup.VersionLoggerListener.log CATALINA_BASE:         C:\apache-tomcat-8.5.23
06-Dec-2017 14:54:51.085 情報 [main] org.apache.catalina.startup.VersionLoggerListener.log CATALINA_HOME:         C:\apache-tomcat-8.5.23
06-Dec-2017 14:54:51.085 情報 [main] org.apache.catalina.startup.VersionLoggerListener.log Command line argument: -Djava.util.logging.config.file=C:\apache-tomcat-8.5.23\conf\logging.properties
06-Dec-2017 14:54:51.085 情報 [main] org.apache.catalina.startup.VersionLoggerListener.log Command line argument: -Djava.util.logging.manager=org.apache.juli.ClassLoaderLogManager
06-Dec-2017 14:54:51.085 情報 [main] org.apache.catalina.startup.VersionLoggerListener.log Command line argument: -Djdk.tls.ephemeralDHKeySize=2048
06-Dec-2017 14:54:51.085 情報 [main] org.apache.catalina.startup.VersionLoggerListener.log Command line argument: -Djava.protocol.handler.pkgs=org.apache.catalina.webresources
06-Dec-2017 14:54:51.085 情報 [main] org.apache.catalina.startup.VersionLoggerListener.log Command line argument: -Dcatalina.base=C:\apache-tomcat-8.5.23
06-Dec-2017 14:54:51.085 情報 [main] org.apache.catalina.startup.VersionLoggerListener.log Command line argument: -Dcatalina.home=C:\apache-tomcat-8.5.23
06-Dec-2017 14:54:51.085 情報 [main] org.apache.catalina.startup.VersionLoggerListener.log Command line argument: -Djava.io.tmpdir=C:\apache-tomcat-8.5.23\temp
06-Dec-2017 14:54:51.100 情報 [main] org.apache.catalina.core.AprLifecycleListener.lifecycleEvent Loaded APR based Apache Tomcat Native library [1.2.14] using APR version [1.6.2].
06-Dec-2017 14:54:51.100 情報 [main] org.apache.catalina.core.AprLifecycleListener.lifecycleEvent APR capabilities: IPv6 [true], sendfile [true], accept filters [false], random [true].
06-Dec-2017 14:54:51.100 情報 [main] org.apache.catalina.core.AprLifecycleListener.lifecycleEvent APR/OpenSSL configuration: useAprConnector [false], useOpenSSL [true]
06-Dec-2017 14:54:51.631 情報 [main] org.apache.catalina.core.AprLifecycleListener.initializeSSL OpenSSL successfully initialized [OpenSSL 1.0.2l  25 May 2017]
06-Dec-2017 14:54:51.756 情報 [main] org.apache.coyote.AbstractProtocol.init Initializing ProtocolHandler ["http-nio-8080"]
06-Dec-2017 14:54:51.881 情報 [main] org.apache.tomcat.util.net.NioSelectorPool.getSharedSelector Using a shared selector for servlet write/read
06-Dec-2017 14:54:51.881 情報 [main] org.apache.coyote.AbstractProtocol.init Initializing ProtocolHandler ["ajp-nio-8009"]
06-Dec-2017 14:54:51.881 情報 [main] org.apache.tomcat.util.net.NioSelectorPool.getSharedSelector Using a shared selector for servlet write/read
06-Dec-2017 14:54:51.881 情報 [main] org.apache.catalina.startup.Catalina.load Initialization processed in 1140 ms
06-Dec-2017 14:54:51.913 情報 [main] org.apache.catalina.core.StandardService.startInternal サービス [Catalina] を起動します
06-Dec-2017 14:54:51.913 情報 [main] org.apache.catalina.core.StandardEngine.startInternal Starting Servlet Engine: Apache Tomcat/8.5.23
06-Dec-2017 14:54:51.913 情報 [localhost-startStop-1] org.apache.catalina.startup.HostConfig.deployDirectory Webアプリケーションディレクトリ [C:\apache-tomcat-8.5.23\webapps\171018] を配備します
06-Dec-2017 14:54:52.170 情報 [localhost-startStop-1] org.apache.catalina.startup.HostConfig.deployDirectory Deployment of web application directory [C:\apache-tomcat-8.5.23\webapps\171018] has finished in [257] ms
06-Dec-2017 14:54:52.170 情報 [localhost-startStop-1] org.apache.catalina.startup.HostConfig.deployDirectory Webアプリケーションディレクトリ [C:\apache-tomcat-8.5.23\webapps\171025] を配備します
06-Dec-2017 14:54:52.232 情報 [localhost-startStop-1] org.apache.catalina.startup.HostConfig.deployDirectory Deployment of web application directory [C:\apache-tomcat-8.5.23\webapps\171025] has finished in [62] ms
06-Dec-2017 14:54:52.232 情報 [localhost-startStop-1] org.apache.catalina.startup.HostConfig.deployDirectory Webアプリケーションディレクトリ [C:\apache-tomcat-8.5.23\webapps\171101] を配備します
06-Dec-2017 14:54:52.248 情報 [localhost-startStop-1] org.apache.catalina.startup.HostConfig.deployDirectory Deployment of web application directory [C:\apache-tomcat-8.5.23\webapps\171101] has finished in [16] ms
06-Dec-2017 14:54:52.248 情報 [localhost-startStop-1] org.apache.catalina.startup.HostConfig.deployDirectory Webアプリケーションディレクトリ [C:\apache-tomcat-8.5.23\webapps\171108] を配備します
06-Dec-2017 14:54:52.295 情報 [localhost-startStop-1] org.apache.catalina.startup.HostConfig.deployDirectory Deployment of web application directory [C:\apache-tomcat-8.5.23\webapps\171108] has finished in [47] ms
06-Dec-2017 14:54:52.295 情報 [localhost-startStop-1] org.apache.catalina.startup.HostConfig.deployDirectory Webアプリケーションディレクトリ [C:\apache-tomcat-8.5.23\webapps\171115] を配備します
06-Dec-2017 14:54:52.341 情報 [localhost-startStop-1] org.apache.catalina.startup.HostConfig.deployDirectory Deployment of web application directory [C:\apache-tomcat-8.5.23\webapps\171115] has finished in [46] ms
06-Dec-2017 14:54:52.341 情報 [localhost-startStop-1] org.apache.catalina.startup.HostConfig.deployDirectory Webアプリケーションディレクトリ [C:\apache-tomcat-8.5.23\webapps\171122] を配備します
06-Dec-2017 14:54:52.373 情報 [localhost-startStop-1] org.apache.catalina.startup.HostConfig.deployDirectory Deployment of web application directory [C:\apache-tomcat-8.5.23\webapps\171122] has finished in [32] ms
06-Dec-2017 14:54:52.373 情報 [localhost-startStop-1] org.apache.catalina.startup.HostConfig.deployDirectory Webアプリケーションディレクトリ [C:\apache-tomcat-8.5.23\webapps\171129] を配備します
06-Dec-2017 14:54:52.431 情報 [localhost-startStop-1] org.apache.catalina.startup.HostConfig.deployDirectory Deployment of web application directory [C:\apache-tomcat-8.5.23\webapps\171129] has finished in [58] ms
06-Dec-2017 14:54:52.431 情報 [localhost-startStop-1] org.apache.catalina.startup.HostConfig.deployDirectory Webアプリケーションディレクトリ [C:\apache-tomcat-8.5.23\webapps\171206] を配備します
06-Dec-2017 14:54:52.478 情報 [localhost-startStop-1] org.apache.catalina.startup.HostConfig.deployDirectory Deployment of web application directory [C:\apache-tomcat-8.5.23\webapps\171206] has finished in [47] ms
06-Dec-2017 14:54:52.478 情報 [localhost-startStop-1] org.apache.catalina.startup.HostConfig.deployDirectory Webアプリケーションディレクトリ [C:\apache-tomcat-8.5.23\webapps\docs] を配備します
06-Dec-2017 14:54:52.494 情報 [localhost-startStop-1] org.apache.catalina.startup.HostConfig.deployDirectory Deployment of web application directory [C:\apache-tomcat-8.5.23\webapps\docs] has finished in [16] ms
06-Dec-2017 14:54:52.494 情報 [localhost-startStop-1] org.apache.catalina.startup.HostConfig.deployDirectory Webアプリケーションディレクトリ [C:\apache-tomcat-8.5.23\webapps\examples] を配備します
06-Dec-2017 14:54:53.405 情報 [localhost-startStop-1] org.apache.catalina.startup.HostConfig.deployDirectory Deployment of web application directory [C:\apache-tomcat-8.5.23\webapps\examples] has finished in [911] ms
06-Dec-2017 14:54:53.405 情報 [localhost-startStop-1] org.apache.catalina.startup.HostConfig.deployDirectory Webアプリケーションディレクトリ [C:\apache-tomcat-8.5.23\webapps\host-manager] を配備します
06-Dec-2017 14:54:53.437 情報 [localhost-startStop-1] org.apache.catalina.startup.HostConfig.deployDirectory Deployment of web application directory [C:\apache-tomcat-8.5.23\webapps\host-manager] has finished in [32] ms
06-Dec-2017 14:54:53.437 情報 [localhost-startStop-1] org.apache.catalina.startup.HostConfig.deployDirectory Webアプリケーションディレクトリ [C:\apache-tomcat-8.5.23\webapps\manager] を配備します
06-Dec-2017 14:54:53.466 情報 [localhost-startStop-1] org.apache.catalina.startup.HostConfig.deployDirectory Deployment of web application directory [C:\apache-tomcat-8.5.23\webapps\manager] has finished in [29] ms
06-Dec-2017 14:54:53.466 情報 [localhost-startStop-1] org.apache.catalina.startup.HostConfig.deployDirectory Webアプリケーションディレクトリ [C:\apache-tomcat-8.5.23\webapps\ROOT] を配備します
06-Dec-2017 14:54:53.497 情報 [localhost-startStop-1] org.apache.catalina.startup.HostConfig.deployDirectory Deployment of web application directory [C:\apache-tomcat-8.5.23\webapps\ROOT] has finished in [31] ms
06-Dec-2017 14:54:53.497 情報 [main] org.apache.coyote.AbstractProtocol.start Starting ProtocolHandler ["http-nio-8080"]
06-Dec-2017 14:54:53.497 情報 [main] org.apache.coyote.AbstractProtocol.start Starting ProtocolHandler ["ajp-nio-8009"]
06-Dec-2017 14:54:53.497 情報 [main] org.apache.catalina.startup.Catalina.start Server startup in 1622 ms
