18-Oct-2017 14:28:37.426 情報 [localhost-startStop-1] org.apache.catalina.core.ApplicationContext.log ContextListener: contextInitialized()
18-Oct-2017 14:28:37.426 情報 [localhost-startStop-1] org.apache.catalina.core.ApplicationContext.log SessionListener: contextInitialized()
18-Oct-2017 14:43:38.405 情報 [localhost-startStop-1] org.apache.catalina.core.ApplicationContext.log ContextListener: contextInitialized()
18-Oct-2017 14:43:38.405 情報 [localhost-startStop-1] org.apache.catalina.core.ApplicationContext.log SessionListener: contextInitialized()
18-Oct-2017 15:12:49.076 重大 [http-nio-8080-exec-6] org.apache.catalina.core.StandardWrapperValve.invoke Servlet.service() for servlet [jsp] in context with path [/171018] threw exception [JSPのクラスをコンパイルできません: 

JSPファイル: [/lesson01.jsp] の中の[1]行目でエラーが発生しました
Syntax error on token "ContentType", VariableDeclaratorId expected after this token
1: <% @page ContentType="Text/html; charset=UTF-8" %>
2: <!DOCTYPE html>
3: <html lang="en">
4: <head>


JSPファイル: [/lesson01.jsp] の中の[1]行目でエラーが発生しました
ContentType cannot be resolved to a type
1: <% @page ContentType="Text/html; charset=UTF-8" %>
2: <!DOCTYPE html>
3: <html lang="en">
4: <head>


JSPファイル: [/lesson01.jsp] の中の[1]行目でエラーが発生しました
Syntax error, insert ";" to complete LocalVariableDeclarationStatement
1: <% @page ContentType="Text/html; charset=UTF-8" %>
2: <!DOCTYPE html>
3: <html lang="en">
4: <head>


Stacktrace:] with root cause
 org.apache.jasper.JasperException: JSPのクラスをコンパイルできません: 

JSPファイル: [/lesson01.jsp] の中の[1]行目でエラーが発生しました
Syntax error on token "ContentType", VariableDeclaratorId expected after this token
1: <% @page ContentType="Text/html; charset=UTF-8" %>
2: <!DOCTYPE html>
3: <html lang="en">
4: <head>


JSPファイル: [/lesson01.jsp] の中の[1]行目でエラーが発生しました
ContentType cannot be resolved to a type
1: <% @page ContentType="Text/html; charset=UTF-8" %>
2: <!DOCTYPE html>
3: <html lang="en">
4: <head>


JSPファイル: [/lesson01.jsp] の中の[1]行目でエラーが発生しました
Syntax error, insert ";" to complete LocalVariableDeclarationStatement
1: <% @page ContentType="Text/html; charset=UTF-8" %>
2: <!DOCTYPE html>
3: <html lang="en">
4: <head>


Stacktrace:
	at org.apache.jasper.compiler.DefaultErrorHandler.javacError(DefaultErrorHandler.java:103)
	at org.apache.jasper.compiler.ErrorDispatcher.javacError(ErrorDispatcher.java:212)
	at org.apache.jasper.compiler.JDTCompiler.generateClass(JDTCompiler.java:457)
	at org.apache.jasper.compiler.Compiler.compile(Compiler.java:379)
	at org.apache.jasper.compiler.Compiler.compile(Compiler.java:351)
	at org.apache.jasper.compiler.Compiler.compile(Compiler.java:335)
	at org.apache.jasper.JspCompilationContext.compile(JspCompilationContext.java:601)
	at org.apache.jasper.servlet.JspServletWrapper.service(JspServletWrapper.java:368)
	at org.apache.jasper.servlet.JspServlet.serviceJspFile(JspServlet.java:385)
	at org.apache.jasper.servlet.JspServlet.service(JspServlet.java:329)
	at javax.servlet.http.HttpServlet.service(HttpServlet.java:742)
	at org.apache.catalina.core.ApplicationFilterChain.internalDoFilter(ApplicationFilterChain.java:231)
	at org.apache.catalina.core.ApplicationFilterChain.doFilter(ApplicationFilterChain.java:166)
	at org.apache.tomcat.websocket.server.WsFilter.doFilter(WsFilter.java:52)
	at org.apache.catalina.core.ApplicationFilterChain.internalDoFilter(ApplicationFilterChain.java:193)
	at org.apache.catalina.core.ApplicationFilterChain.doFilter(ApplicationFilterChain.java:166)
	at org.apache.catalina.core.StandardWrapperValve.invoke(StandardWrapperValve.java:199)
	at org.apache.catalina.core.StandardContextValve.invoke(StandardContextValve.java:96)
	at org.apache.catalina.authenticator.AuthenticatorBase.invoke(AuthenticatorBase.java:478)
	at org.apache.catalina.core.StandardHostValve.invoke(StandardHostValve.java:140)
	at org.apache.catalina.valves.ErrorReportValve.invoke(ErrorReportValve.java:81)
	at org.apache.catalina.valves.AbstractAccessLogValve.invoke(AbstractAccessLogValve.java:650)
	at org.apache.catalina.core.StandardEngineValve.invoke(StandardEngineValve.java:87)
	at org.apache.catalina.connector.CoyoteAdapter.service(CoyoteAdapter.java:342)
	at org.apache.coyote.http11.Http11Processor.service(Http11Processor.java:803)
	at org.apache.coyote.AbstractProcessorLight.process(AbstractProcessorLight.java:66)
	at org.apache.coyote.AbstractProtocol$ConnectionHandler.process(AbstractProtocol.java:868)
	at org.apache.tomcat.util.net.NioEndpoint$SocketProcessor.doRun(NioEndpoint.java:1459)
	at org.apache.tomcat.util.net.SocketProcessorBase.run(SocketProcessorBase.java:49)
	at java.util.concurrent.ThreadPoolExecutor.runWorker(ThreadPoolExecutor.java:1149)
	at java.util.concurrent.ThreadPoolExecutor$Worker.run(ThreadPoolExecutor.java:624)
	at org.apache.tomcat.util.threads.TaskThread$WrappingRunnable.run(TaskThread.java:61)
	at java.lang.Thread.run(Thread.java:748)

18-Oct-2017 15:14:00.534 重大 [http-nio-8080-exec-8] org.apache.catalina.core.StandardWrapperValve.invoke Servlet.service() for servlet [jsp] in context with path [/171018] threw exception [JSPのクラスをコンパイルできません: 

JSPファイル: [/lesson01.jsp] の中の[1]行目でエラーが発生しました
Syntax error on token "ContentType", VariableDeclaratorId expected after this token
1: <% @page ContentType="text/html charset=UTF-8" %>
2: <!DOCTYPE html>
3: <html lang="en">
4: <head>


JSPファイル: [/lesson01.jsp] の中の[1]行目でエラーが発生しました
ContentType cannot be resolved to a type
1: <% @page ContentType="text/html charset=UTF-8" %>
2: <!DOCTYPE html>
3: <html lang="en">
4: <head>


JSPファイル: [/lesson01.jsp] の中の[1]行目でエラーが発生しました
Syntax error, insert ";" to complete LocalVariableDeclarationStatement
1: <% @page ContentType="text/html charset=UTF-8" %>
2: <!DOCTYPE html>
3: <html lang="en">
4: <head>


Stacktrace:] with root cause
 org.apache.jasper.JasperException: JSPのクラスをコンパイルできません: 

JSPファイル: [/lesson01.jsp] の中の[1]行目でエラーが発生しました
Syntax error on token "ContentType", VariableDeclaratorId expected after this token
1: <% @page ContentType="text/html charset=UTF-8" %>
2: <!DOCTYPE html>
3: <html lang="en">
4: <head>


JSPファイル: [/lesson01.jsp] の中の[1]行目でエラーが発生しました
ContentType cannot be resolved to a type
1: <% @page ContentType="text/html charset=UTF-8" %>
2: <!DOCTYPE html>
3: <html lang="en">
4: <head>


JSPファイル: [/lesson01.jsp] の中の[1]行目でエラーが発生しました
Syntax error, insert ";" to complete LocalVariableDeclarationStatement
1: <% @page ContentType="text/html charset=UTF-8" %>
2: <!DOCTYPE html>
3: <html lang="en">
4: <head>


Stacktrace:
	at org.apache.jasper.compiler.DefaultErrorHandler.javacError(DefaultErrorHandler.java:103)
	at org.apache.jasper.compiler.ErrorDispatcher.javacError(ErrorDispatcher.java:212)
	at org.apache.jasper.compiler.JDTCompiler.generateClass(JDTCompiler.java:457)
	at org.apache.jasper.compiler.Compiler.compile(Compiler.java:379)
	at org.apache.jasper.compiler.Compiler.compile(Compiler.java:351)
	at org.apache.jasper.compiler.Compiler.compile(Compiler.java:335)
	at org.apache.jasper.JspCompilationContext.compile(JspCompilationContext.java:601)
	at org.apache.jasper.servlet.JspServletWrapper.service(JspServletWrapper.java:368)
	at org.apache.jasper.servlet.JspServlet.serviceJspFile(JspServlet.java:385)
	at org.apache.jasper.servlet.JspServlet.service(JspServlet.java:329)
	at javax.servlet.http.HttpServlet.service(HttpServlet.java:742)
	at org.apache.catalina.core.ApplicationFilterChain.internalDoFilter(ApplicationFilterChain.java:231)
	at org.apache.catalina.core.ApplicationFilterChain.doFilter(ApplicationFilterChain.java:166)
	at org.apache.tomcat.websocket.server.WsFilter.doFilter(WsFilter.java:52)
	at org.apache.catalina.core.ApplicationFilterChain.internalDoFilter(ApplicationFilterChain.java:193)
	at org.apache.catalina.core.ApplicationFilterChain.doFilter(ApplicationFilterChain.java:166)
	at org.apache.catalina.core.StandardWrapperValve.invoke(StandardWrapperValve.java:199)
	at org.apache.catalina.core.StandardContextValve.invoke(StandardContextValve.java:96)
	at org.apache.catalina.authenticator.AuthenticatorBase.invoke(AuthenticatorBase.java:478)
	at org.apache.catalina.core.StandardHostValve.invoke(StandardHostValve.java:140)
	at org.apache.catalina.valves.ErrorReportValve.invoke(ErrorReportValve.java:81)
	at org.apache.catalina.valves.AbstractAccessLogValve.invoke(AbstractAccessLogValve.java:650)
	at org.apache.catalina.core.StandardEngineValve.invoke(StandardEngineValve.java:87)
	at org.apache.catalina.connector.CoyoteAdapter.service(CoyoteAdapter.java:342)
	at org.apache.coyote.http11.Http11Processor.service(Http11Processor.java:803)
	at org.apache.coyote.AbstractProcessorLight.process(AbstractProcessorLight.java:66)
	at org.apache.coyote.AbstractProtocol$ConnectionHandler.process(AbstractProtocol.java:868)
	at org.apache.tomcat.util.net.NioEndpoint$SocketProcessor.doRun(NioEndpoint.java:1459)
	at org.apache.tomcat.util.net.SocketProcessorBase.run(SocketProcessorBase.java:49)
	at java.util.concurrent.ThreadPoolExecutor.runWorker(ThreadPoolExecutor.java:1149)
	at java.util.concurrent.ThreadPoolExecutor$Worker.run(ThreadPoolExecutor.java:624)
	at org.apache.tomcat.util.threads.TaskThread$WrappingRunnable.run(TaskThread.java:61)
	at java.lang.Thread.run(Thread.java:748)

18-Oct-2017 15:14:02.190 重大 [http-nio-8080-exec-10] org.apache.catalina.core.StandardWrapperValve.invoke Servlet.service() for servlet [jsp] in context with path [/171018] threw exception [java.lang.ClassNotFoundException: org.apache.jsp.lesson01_jsp] with root cause
 java.lang.ClassNotFoundException: org.apache.jsp.lesson01_jsp
	at java.net.URLClassLoader.findClass(URLClassLoader.java:381)
	at org.apache.jasper.servlet.JasperLoader.loadClass(JasperLoader.java:129)
	at org.apache.jasper.servlet.JasperLoader.loadClass(JasperLoader.java:60)
	at org.apache.catalina.core.DefaultInstanceManager.newInstance(DefaultInstanceManager.java:128)
	at org.apache.jasper.servlet.JspServletWrapper.getServlet(JspServletWrapper.java:171)
	at org.apache.jasper.servlet.JspServletWrapper.service(JspServletWrapper.java:380)
	at org.apache.jasper.servlet.JspServlet.serviceJspFile(JspServlet.java:385)
	at org.apache.jasper.servlet.JspServlet.service(JspServlet.java:329)
	at javax.servlet.http.HttpServlet.service(HttpServlet.java:742)
	at org.apache.catalina.core.ApplicationFilterChain.internalDoFilter(ApplicationFilterChain.java:231)
	at org.apache.catalina.core.ApplicationFilterChain.doFilter(ApplicationFilterChain.java:166)
	at org.apache.tomcat.websocket.server.WsFilter.doFilter(WsFilter.java:52)
	at org.apache.catalina.core.ApplicationFilterChain.internalDoFilter(ApplicationFilterChain.java:193)
	at org.apache.catalina.core.ApplicationFilterChain.doFilter(ApplicationFilterChain.java:166)
	at org.apache.catalina.core.StandardWrapperValve.invoke(StandardWrapperValve.java:199)
	at org.apache.catalina.core.StandardContextValve.invoke(StandardContextValve.java:96)
	at org.apache.catalina.authenticator.AuthenticatorBase.invoke(AuthenticatorBase.java:478)
	at org.apache.catalina.core.StandardHostValve.invoke(StandardHostValve.java:140)
	at org.apache.catalina.valves.ErrorReportValve.invoke(ErrorReportValve.java:81)
	at org.apache.catalina.valves.AbstractAccessLogValve.invoke(AbstractAccessLogValve.java:650)
	at org.apache.catalina.core.StandardEngineValve.invoke(StandardEngineValve.java:87)
	at org.apache.catalina.connector.CoyoteAdapter.service(CoyoteAdapter.java:342)
	at org.apache.coyote.http11.Http11Processor.service(Http11Processor.java:803)
	at org.apache.coyote.AbstractProcessorLight.process(AbstractProcessorLight.java:66)
	at org.apache.coyote.AbstractProtocol$ConnectionHandler.process(AbstractProtocol.java:868)
	at org.apache.tomcat.util.net.NioEndpoint$SocketProcessor.doRun(NioEndpoint.java:1459)
	at org.apache.tomcat.util.net.SocketProcessorBase.run(SocketProcessorBase.java:49)
	at java.util.concurrent.ThreadPoolExecutor.runWorker(ThreadPoolExecutor.java:1149)
	at java.util.concurrent.ThreadPoolExecutor$Worker.run(ThreadPoolExecutor.java:624)
	at org.apache.tomcat.util.threads.TaskThread$WrappingRunnable.run(TaskThread.java:61)
	at java.lang.Thread.run(Thread.java:748)

18-Oct-2017 15:14:08.010 重大 [http-nio-8080-exec-5] org.apache.catalina.core.StandardWrapperValve.invoke Servlet.service() for servlet [jsp] in context with path [/171018] threw exception [JSPのクラスをコンパイルできません: 

JSPファイル: [/lesson01.jsp] の中の[1]行目でエラーが発生しました
Syntax error on token "ContentType", VariableDeclaratorId expected after this token
1: <% @page ContentType="text/html charset=UTF-8" %>
2: <!DOCTYPE html>
3: <html lang="en">
4: <head>


JSPファイル: [/lesson01.jsp] の中の[1]行目でエラーが発生しました
ContentType cannot be resolved to a type
1: <% @page ContentType="text/html charset=UTF-8" %>
2: <!DOCTYPE html>
3: <html lang="en">
4: <head>


JSPファイル: [/lesson01.jsp] の中の[1]行目でエラーが発生しました
Syntax error, insert ";" to complete LocalVariableDeclarationStatement
1: <% @page ContentType="text/html charset=UTF-8" %>
2: <!DOCTYPE html>
3: <html lang="en">
4: <head>


Stacktrace:] with root cause
 org.apache.jasper.JasperException: JSPのクラスをコンパイルできません: 

JSPファイル: [/lesson01.jsp] の中の[1]行目でエラーが発生しました
Syntax error on token "ContentType", VariableDeclaratorId expected after this token
1: <% @page ContentType="text/html charset=UTF-8" %>
2: <!DOCTYPE html>
3: <html lang="en">
4: <head>


JSPファイル: [/lesson01.jsp] の中の[1]行目でエラーが発生しました
ContentType cannot be resolved to a type
1: <% @page ContentType="text/html charset=UTF-8" %>
2: <!DOCTYPE html>
3: <html lang="en">
4: <head>


JSPファイル: [/lesson01.jsp] の中の[1]行目でエラーが発生しました
Syntax error, insert ";" to complete LocalVariableDeclarationStatement
1: <% @page ContentType="text/html charset=UTF-8" %>
2: <!DOCTYPE html>
3: <html lang="en">
4: <head>


Stacktrace:
	at org.apache.jasper.compiler.DefaultErrorHandler.javacError(DefaultErrorHandler.java:103)
	at org.apache.jasper.compiler.ErrorDispatcher.javacError(ErrorDispatcher.java:212)
	at org.apache.jasper.compiler.JDTCompiler.generateClass(JDTCompiler.java:457)
	at org.apache.jasper.compiler.Compiler.compile(Compiler.java:379)
	at org.apache.jasper.compiler.Compiler.compile(Compiler.java:351)
	at org.apache.jasper.compiler.Compiler.compile(Compiler.java:335)
	at org.apache.jasper.JspCompilationContext.compile(JspCompilationContext.java:601)
	at org.apache.jasper.servlet.JspServletWrapper.service(JspServletWrapper.java:368)
	at org.apache.jasper.servlet.JspServlet.serviceJspFile(JspServlet.java:385)
	at org.apache.jasper.servlet.JspServlet.service(JspServlet.java:329)
	at javax.servlet.http.HttpServlet.service(HttpServlet.java:742)
	at org.apache.catalina.core.ApplicationFilterChain.internalDoFilter(ApplicationFilterChain.java:231)
	at org.apache.catalina.core.ApplicationFilterChain.doFilter(ApplicationFilterChain.java:166)
	at org.apache.tomcat.websocket.server.WsFilter.doFilter(WsFilter.java:52)
	at org.apache.catalina.core.ApplicationFilterChain.internalDoFilter(ApplicationFilterChain.java:193)
	at org.apache.catalina.core.ApplicationFilterChain.doFilter(ApplicationFilterChain.java:166)
	at org.apache.catalina.core.StandardWrapperValve.invoke(StandardWrapperValve.java:199)
	at org.apache.catalina.core.StandardContextValve.invoke(StandardContextValve.java:96)
	at org.apache.catalina.authenticator.AuthenticatorBase.invoke(AuthenticatorBase.java:478)
	at org.apache.catalina.core.StandardHostValve.invoke(StandardHostValve.java:140)
	at org.apache.catalina.valves.ErrorReportValve.invoke(ErrorReportValve.java:81)
	at org.apache.catalina.valves.AbstractAccessLogValve.invoke(AbstractAccessLogValve.java:650)
	at org.apache.catalina.core.StandardEngineValve.invoke(StandardEngineValve.java:87)
	at org.apache.catalina.connector.CoyoteAdapter.service(CoyoteAdapter.java:342)
	at org.apache.coyote.http11.Http11Processor.service(Http11Processor.java:803)
	at org.apache.coyote.AbstractProcessorLight.process(AbstractProcessorLight.java:66)
	at org.apache.coyote.AbstractProtocol$ConnectionHandler.process(AbstractProtocol.java:868)
	at org.apache.tomcat.util.net.NioEndpoint$SocketProcessor.doRun(NioEndpoint.java:1459)
	at org.apache.tomcat.util.net.SocketProcessorBase.run(SocketProcessorBase.java:49)
	at java.util.concurrent.ThreadPoolExecutor.runWorker(ThreadPoolExecutor.java:1149)
	at java.util.concurrent.ThreadPoolExecutor$Worker.run(ThreadPoolExecutor.java:624)
	at org.apache.tomcat.util.threads.TaskThread$WrappingRunnable.run(TaskThread.java:61)
	at java.lang.Thread.run(Thread.java:748)

18-Oct-2017 16:07:30.134 情報 [localhost-startStop-2] org.apache.catalina.core.ApplicationContext.log SessionListener: contextDestroyed()
18-Oct-2017 16:07:30.134 情報 [localhost-startStop-2] org.apache.catalina.core.ApplicationContext.log ContextListener: contextDestroyed()
