15-Nov-2017 13:20:43.663 情報 [localhost-startStop-1] org.apache.catalina.core.ApplicationContext.log ContextListener: contextInitialized()
15-Nov-2017 13:20:43.663 情報 [localhost-startStop-1] org.apache.catalina.core.ApplicationContext.log SessionListener: contextInitialized()
15-Nov-2017 13:37:11.455 重大 [http-nio-8080-exec-2] org.apache.catalina.core.StandardWrapperValve.invoke Servlet.service() for servlet [jsp] in context with path [/171115] threw exception [JSPのクラスをコンパイルできません: 

JSPファイル: [/lesson03/index.jsp] の中の[1]行目でエラーが発生しました
Syntax error on token "contentType", VariableDeclaratorId expected after this token
1: <% @page contentType="text/html; charset=UTF-8" %>
2: <% @include file="../layouts/header.html" %>
3: 
4: <% out.println("繝?繧ｹ繝?") %>


JSPファイル: [/lesson03/index.jsp] の中の[1]行目でエラーが発生しました
contentType cannot be resolved to a type
1: <% @page contentType="text/html; charset=UTF-8" %>
2: <% @include file="../layouts/header.html" %>
3: 
4: <% out.println("繝?繧ｹ繝?") %>


JSPファイル: [/lesson03/index.jsp] の中の[1]行目でエラーが発生しました
Syntax error, insert ";" to complete LocalVariableDeclarationStatement
1: <% @page contentType="text/html; charset=UTF-8" %>
2: <% @include file="../layouts/header.html" %>
3: 
4: <% out.println("繝?繧ｹ繝?") %>


JSPファイル: [/lesson03/index.jsp] の中の[2]行目でエラーが発生しました
Syntax error on token "file", VariableDeclaratorId expected after this token
1: <% @page contentType="text/html; charset=UTF-8" %>
2: <% @include file="../layouts/header.html" %>
3: 
4: <% out.println("繝?繧ｹ繝?") %>
5: 


JSPファイル: [/lesson03/index.jsp] の中の[2]行目でエラーが発生しました
file cannot be resolved to a type
1: <% @page contentType="text/html; charset=UTF-8" %>
2: <% @include file="../layouts/header.html" %>
3: 
4: <% out.println("繝?繧ｹ繝?") %>
5: 


JSPファイル: [/lesson03/index.jsp] の中の[2]行目でエラーが発生しました
Duplicate local variable $missing$
1: <% @page contentType="text/html; charset=UTF-8" %>
2: <% @include file="../layouts/header.html" %>
3: 
4: <% out.println("繝?繧ｹ繝?") %>
5: 


JSPファイル: [/lesson03/index.jsp] の中の[2]行目でエラーが発生しました
Syntax error, insert ";" to complete LocalVariableDeclarationStatement
1: <% @page contentType="text/html; charset=UTF-8" %>
2: <% @include file="../layouts/header.html" %>
3: 
4: <% out.println("繝?繧ｹ繝?") %>
5: 


JSPファイル: [/lesson03/index.jsp] の中の[4]行目でエラーが発生しました
Syntax error, insert ";" to complete Statement
1: <% @page contentType="text/html; charset=UTF-8" %>
2: <% @include file="../layouts/header.html" %>
3: 
4: <% out.println("繝?繧ｹ繝?") %>
5: 
6: <% @include file="../layouts/footer.html" %>


JSPファイル: [/lesson03/index.jsp] の中の[6]行目でエラーが発生しました
Syntax error on token "file", VariableDeclaratorId expected after this token
3: 
4: <% out.println("繝?繧ｹ繝?") %>
5: 
6: <% @include file="../layouts/footer.html" %>


JSPファイル: [/lesson03/index.jsp] の中の[6]行目でエラーが発生しました
file cannot be resolved to a type
3: 
4: <% out.println("繝?繧ｹ繝?") %>
5: 
6: <% @include file="../layouts/footer.html" %>


JSPファイル: [/lesson03/index.jsp] の中の[6]行目でエラーが発生しました
Duplicate local variable $missing$
3: 
4: <% out.println("繝?繧ｹ繝?") %>
5: 
6: <% @include file="../layouts/footer.html" %>


JSPファイル: [/lesson03/index.jsp] の中の[6]行目でエラーが発生しました
Syntax error, insert ";" to complete LocalVariableDeclarationStatement
3: 
4: <% out.println("繝?繧ｹ繝?") %>
5: 
6: <% @include file="../layouts/footer.html" %>


Stacktrace:] with root cause
 org.apache.jasper.JasperException: JSPのクラスをコンパイルできません: 

JSPファイル: [/lesson03/index.jsp] の中の[1]行目でエラーが発生しました
Syntax error on token "contentType", VariableDeclaratorId expected after this token
1: <% @page contentType="text/html; charset=UTF-8" %>
2: <% @include file="../layouts/header.html" %>
3: 
4: <% out.println("繝?繧ｹ繝?") %>


JSPファイル: [/lesson03/index.jsp] の中の[1]行目でエラーが発生しました
contentType cannot be resolved to a type
1: <% @page contentType="text/html; charset=UTF-8" %>
2: <% @include file="../layouts/header.html" %>
3: 
4: <% out.println("繝?繧ｹ繝?") %>


JSPファイル: [/lesson03/index.jsp] の中の[1]行目でエラーが発生しました
Syntax error, insert ";" to complete LocalVariableDeclarationStatement
1: <% @page contentType="text/html; charset=UTF-8" %>
2: <% @include file="../layouts/header.html" %>
3: 
4: <% out.println("繝?繧ｹ繝?") %>


JSPファイル: [/lesson03/index.jsp] の中の[2]行目でエラーが発生しました
Syntax error on token "file", VariableDeclaratorId expected after this token
1: <% @page contentType="text/html; charset=UTF-8" %>
2: <% @include file="../layouts/header.html" %>
3: 
4: <% out.println("繝?繧ｹ繝?") %>
5: 


JSPファイル: [/lesson03/index.jsp] の中の[2]行目でエラーが発生しました
file cannot be resolved to a type
1: <% @page contentType="text/html; charset=UTF-8" %>
2: <% @include file="../layouts/header.html" %>
3: 
4: <% out.println("繝?繧ｹ繝?") %>
5: 


JSPファイル: [/lesson03/index.jsp] の中の[2]行目でエラーが発生しました
Duplicate local variable $missing$
1: <% @page contentType="text/html; charset=UTF-8" %>
2: <% @include file="../layouts/header.html" %>
3: 
4: <% out.println("繝?繧ｹ繝?") %>
5: 


JSPファイル: [/lesson03/index.jsp] の中の[2]行目でエラーが発生しました
Syntax error, insert ";" to complete LocalVariableDeclarationStatement
1: <% @page contentType="text/html; charset=UTF-8" %>
2: <% @include file="../layouts/header.html" %>
3: 
4: <% out.println("繝?繧ｹ繝?") %>
5: 


JSPファイル: [/lesson03/index.jsp] の中の[4]行目でエラーが発生しました
Syntax error, insert ";" to complete Statement
1: <% @page contentType="text/html; charset=UTF-8" %>
2: <% @include file="../layouts/header.html" %>
3: 
4: <% out.println("繝?繧ｹ繝?") %>
5: 
6: <% @include file="../layouts/footer.html" %>


JSPファイル: [/lesson03/index.jsp] の中の[6]行目でエラーが発生しました
Syntax error on token "file", VariableDeclaratorId expected after this token
3: 
4: <% out.println("繝?繧ｹ繝?") %>
5: 
6: <% @include file="../layouts/footer.html" %>


JSPファイル: [/lesson03/index.jsp] の中の[6]行目でエラーが発生しました
file cannot be resolved to a type
3: 
4: <% out.println("繝?繧ｹ繝?") %>
5: 
6: <% @include file="../layouts/footer.html" %>


JSPファイル: [/lesson03/index.jsp] の中の[6]行目でエラーが発生しました
Duplicate local variable $missing$
3: 
4: <% out.println("繝?繧ｹ繝?") %>
5: 
6: <% @include file="../layouts/footer.html" %>


JSPファイル: [/lesson03/index.jsp] の中の[6]行目でエラーが発生しました
Syntax error, insert ";" to complete LocalVariableDeclarationStatement
3: 
4: <% out.println("繝?繧ｹ繝?") %>
5: 
6: <% @include file="../layouts/footer.html" %>


Stacktrace:
	at org.apache.jasper.compiler.DefaultErrorHandler.javacError(DefaultErrorHandler.java:103)
	at org.apache.jasper.compiler.ErrorDispatcher.javacError(ErrorDispatcher.java:212)
	at org.apache.jasper.compiler.JDTCompiler.generateClass(JDTCompiler.java:457)
	at org.apache.jasper.compiler.Compiler.compile(Compiler.java:379)
	at org.apache.jasper.compiler.Compiler.compile(Compiler.java:351)
	at org.apache.jasper.compiler.Compiler.compile(Compiler.java:335)
	at org.apache.jasper.JspCompilationContext.compile(JspCompilationContext.java:601)
	at org.apache.jasper.servlet.JspServletWrapper.service(JspServletWrapper.java:368)
	at org.apache.jasper.servlet.JspServlet.serviceJspFile(JspServlet.java:385)
	at org.apache.jasper.servlet.JspServlet.service(JspServlet.java:329)
	at javax.servlet.http.HttpServlet.service(HttpServlet.java:742)
	at org.apache.catalina.core.ApplicationFilterChain.internalDoFilter(ApplicationFilterChain.java:231)
	at org.apache.catalina.core.ApplicationFilterChain.doFilter(ApplicationFilterChain.java:166)
	at org.apache.tomcat.websocket.server.WsFilter.doFilter(WsFilter.java:52)
	at org.apache.catalina.core.ApplicationFilterChain.internalDoFilter(ApplicationFilterChain.java:193)
	at org.apache.catalina.core.ApplicationFilterChain.doFilter(ApplicationFilterChain.java:166)
	at org.apache.catalina.core.StandardWrapperValve.invoke(StandardWrapperValve.java:199)
	at org.apache.catalina.core.StandardContextValve.invoke(StandardContextValve.java:96)
	at org.apache.catalina.authenticator.AuthenticatorBase.invoke(AuthenticatorBase.java:478)
	at org.apache.catalina.core.StandardHostValve.invoke(StandardHostValve.java:140)
	at org.apache.catalina.valves.ErrorReportValve.invoke(ErrorReportValve.java:81)
	at org.apache.catalina.valves.AbstractAccessLogValve.invoke(AbstractAccessLogValve.java:650)
	at org.apache.catalina.core.StandardEngineValve.invoke(StandardEngineValve.java:87)
	at org.apache.catalina.connector.CoyoteAdapter.service(CoyoteAdapter.java:342)
	at org.apache.coyote.http11.Http11Processor.service(Http11Processor.java:803)
	at org.apache.coyote.AbstractProcessorLight.process(AbstractProcessorLight.java:66)
	at org.apache.coyote.AbstractProtocol$ConnectionHandler.process(AbstractProtocol.java:868)
	at org.apache.tomcat.util.net.NioEndpoint$SocketProcessor.doRun(NioEndpoint.java:1459)
	at org.apache.tomcat.util.net.SocketProcessorBase.run(SocketProcessorBase.java:49)
	at java.util.concurrent.ThreadPoolExecutor.runWorker(ThreadPoolExecutor.java:1149)
	at java.util.concurrent.ThreadPoolExecutor$Worker.run(ThreadPoolExecutor.java:624)
	at org.apache.tomcat.util.threads.TaskThread$WrappingRunnable.run(TaskThread.java:61)
	at java.lang.Thread.run(Thread.java:748)

15-Nov-2017 13:37:22.997 重大 [http-nio-8080-exec-3] org.apache.catalina.core.StandardWrapperValve.invoke Servlet.service() for servlet [jsp] in context with path [/171115] threw exception [JSPのクラスをコンパイルできません: 

JSPファイル: [/lesson03/index.jsp] の中の[1]行目でエラーが発生しました
Syntax error on token "contentType", VariableDeclaratorId expected after this token
1: <% @page contentType="text/html; charset=UTF-8" %>
2: <% @include file="../layouts/header.html" %>
3: 
4: <% out.println("繝?繧ｹ繝?"); %>


JSPファイル: [/lesson03/index.jsp] の中の[1]行目でエラーが発生しました
contentType cannot be resolved to a type
1: <% @page contentType="text/html; charset=UTF-8" %>
2: <% @include file="../layouts/header.html" %>
3: 
4: <% out.println("繝?繧ｹ繝?"); %>


JSPファイル: [/lesson03/index.jsp] の中の[1]行目でエラーが発生しました
Syntax error, insert ";" to complete LocalVariableDeclarationStatement
1: <% @page contentType="text/html; charset=UTF-8" %>
2: <% @include file="../layouts/header.html" %>
3: 
4: <% out.println("繝?繧ｹ繝?"); %>


JSPファイル: [/lesson03/index.jsp] の中の[2]行目でエラーが発生しました
Syntax error on token "file", VariableDeclaratorId expected after this token
1: <% @page contentType="text/html; charset=UTF-8" %>
2: <% @include file="../layouts/header.html" %>
3: 
4: <% out.println("繝?繧ｹ繝?"); %>
5: 


JSPファイル: [/lesson03/index.jsp] の中の[2]行目でエラーが発生しました
file cannot be resolved to a type
1: <% @page contentType="text/html; charset=UTF-8" %>
2: <% @include file="../layouts/header.html" %>
3: 
4: <% out.println("繝?繧ｹ繝?"); %>
5: 


JSPファイル: [/lesson03/index.jsp] の中の[2]行目でエラーが発生しました
Duplicate local variable $missing$
1: <% @page contentType="text/html; charset=UTF-8" %>
2: <% @include file="../layouts/header.html" %>
3: 
4: <% out.println("繝?繧ｹ繝?"); %>
5: 


JSPファイル: [/lesson03/index.jsp] の中の[2]行目でエラーが発生しました
Syntax error, insert ";" to complete LocalVariableDeclarationStatement
1: <% @page contentType="text/html; charset=UTF-8" %>
2: <% @include file="../layouts/header.html" %>
3: 
4: <% out.println("繝?繧ｹ繝?"); %>
5: 


JSPファイル: [/lesson03/index.jsp] の中の[6]行目でエラーが発生しました
Syntax error on token "file", VariableDeclaratorId expected after this token
3: 
4: <% out.println("繝?繧ｹ繝?"); %>
5: 
6: <% @include file="../layouts/footer.html" %>


JSPファイル: [/lesson03/index.jsp] の中の[6]行目でエラーが発生しました
file cannot be resolved to a type
3: 
4: <% out.println("繝?繧ｹ繝?"); %>
5: 
6: <% @include file="../layouts/footer.html" %>


JSPファイル: [/lesson03/index.jsp] の中の[6]行目でエラーが発生しました
Duplicate local variable $missing$
3: 
4: <% out.println("繝?繧ｹ繝?"); %>
5: 
6: <% @include file="../layouts/footer.html" %>


JSPファイル: [/lesson03/index.jsp] の中の[6]行目でエラーが発生しました
Syntax error, insert ";" to complete LocalVariableDeclarationStatement
3: 
4: <% out.println("繝?繧ｹ繝?"); %>
5: 
6: <% @include file="../layouts/footer.html" %>


Stacktrace:] with root cause
 org.apache.jasper.JasperException: JSPのクラスをコンパイルできません: 

JSPファイル: [/lesson03/index.jsp] の中の[1]行目でエラーが発生しました
Syntax error on token "contentType", VariableDeclaratorId expected after this token
1: <% @page contentType="text/html; charset=UTF-8" %>
2: <% @include file="../layouts/header.html" %>
3: 
4: <% out.println("繝?繧ｹ繝?"); %>


JSPファイル: [/lesson03/index.jsp] の中の[1]行目でエラーが発生しました
contentType cannot be resolved to a type
1: <% @page contentType="text/html; charset=UTF-8" %>
2: <% @include file="../layouts/header.html" %>
3: 
4: <% out.println("繝?繧ｹ繝?"); %>


JSPファイル: [/lesson03/index.jsp] の中の[1]行目でエラーが発生しました
Syntax error, insert ";" to complete LocalVariableDeclarationStatement
1: <% @page contentType="text/html; charset=UTF-8" %>
2: <% @include file="../layouts/header.html" %>
3: 
4: <% out.println("繝?繧ｹ繝?"); %>


JSPファイル: [/lesson03/index.jsp] の中の[2]行目でエラーが発生しました
Syntax error on token "file", VariableDeclaratorId expected after this token
1: <% @page contentType="text/html; charset=UTF-8" %>
2: <% @include file="../layouts/header.html" %>
3: 
4: <% out.println("繝?繧ｹ繝?"); %>
5: 


JSPファイル: [/lesson03/index.jsp] の中の[2]行目でエラーが発生しました
file cannot be resolved to a type
1: <% @page contentType="text/html; charset=UTF-8" %>
2: <% @include file="../layouts/header.html" %>
3: 
4: <% out.println("繝?繧ｹ繝?"); %>
5: 


JSPファイル: [/lesson03/index.jsp] の中の[2]行目でエラーが発生しました
Duplicate local variable $missing$
1: <% @page contentType="text/html; charset=UTF-8" %>
2: <% @include file="../layouts/header.html" %>
3: 
4: <% out.println("繝?繧ｹ繝?"); %>
5: 


JSPファイル: [/lesson03/index.jsp] の中の[2]行目でエラーが発生しました
Syntax error, insert ";" to complete LocalVariableDeclarationStatement
1: <% @page contentType="text/html; charset=UTF-8" %>
2: <% @include file="../layouts/header.html" %>
3: 
4: <% out.println("繝?繧ｹ繝?"); %>
5: 


JSPファイル: [/lesson03/index.jsp] の中の[6]行目でエラーが発生しました
Syntax error on token "file", VariableDeclaratorId expected after this token
3: 
4: <% out.println("繝?繧ｹ繝?"); %>
5: 
6: <% @include file="../layouts/footer.html" %>


JSPファイル: [/lesson03/index.jsp] の中の[6]行目でエラーが発生しました
file cannot be resolved to a type
3: 
4: <% out.println("繝?繧ｹ繝?"); %>
5: 
6: <% @include file="../layouts/footer.html" %>


JSPファイル: [/lesson03/index.jsp] の中の[6]行目でエラーが発生しました
Duplicate local variable $missing$
3: 
4: <% out.println("繝?繧ｹ繝?"); %>
5: 
6: <% @include file="../layouts/footer.html" %>


JSPファイル: [/lesson03/index.jsp] の中の[6]行目でエラーが発生しました
Syntax error, insert ";" to complete LocalVariableDeclarationStatement
3: 
4: <% out.println("繝?繧ｹ繝?"); %>
5: 
6: <% @include file="../layouts/footer.html" %>


Stacktrace:
	at org.apache.jasper.compiler.DefaultErrorHandler.javacError(DefaultErrorHandler.java:103)
	at org.apache.jasper.compiler.ErrorDispatcher.javacError(ErrorDispatcher.java:212)
	at org.apache.jasper.compiler.JDTCompiler.generateClass(JDTCompiler.java:457)
	at org.apache.jasper.compiler.Compiler.compile(Compiler.java:379)
	at org.apache.jasper.compiler.Compiler.compile(Compiler.java:351)
	at org.apache.jasper.compiler.Compiler.compile(Compiler.java:335)
	at org.apache.jasper.JspCompilationContext.compile(JspCompilationContext.java:601)
	at org.apache.jasper.servlet.JspServletWrapper.service(JspServletWrapper.java:368)
	at org.apache.jasper.servlet.JspServlet.serviceJspFile(JspServlet.java:385)
	at org.apache.jasper.servlet.JspServlet.service(JspServlet.java:329)
	at javax.servlet.http.HttpServlet.service(HttpServlet.java:742)
	at org.apache.catalina.core.ApplicationFilterChain.internalDoFilter(ApplicationFilterChain.java:231)
	at org.apache.catalina.core.ApplicationFilterChain.doFilter(ApplicationFilterChain.java:166)
	at org.apache.tomcat.websocket.server.WsFilter.doFilter(WsFilter.java:52)
	at org.apache.catalina.core.ApplicationFilterChain.internalDoFilter(ApplicationFilterChain.java:193)
	at org.apache.catalina.core.ApplicationFilterChain.doFilter(ApplicationFilterChain.java:166)
	at org.apache.catalina.core.StandardWrapperValve.invoke(StandardWrapperValve.java:199)
	at org.apache.catalina.core.StandardContextValve.invoke(StandardContextValve.java:96)
	at org.apache.catalina.authenticator.AuthenticatorBase.invoke(AuthenticatorBase.java:478)
	at org.apache.catalina.core.StandardHostValve.invoke(StandardHostValve.java:140)
	at org.apache.catalina.valves.ErrorReportValve.invoke(ErrorReportValve.java:81)
	at org.apache.catalina.valves.AbstractAccessLogValve.invoke(AbstractAccessLogValve.java:650)
	at org.apache.catalina.core.StandardEngineValve.invoke(StandardEngineValve.java:87)
	at org.apache.catalina.connector.CoyoteAdapter.service(CoyoteAdapter.java:342)
	at org.apache.coyote.http11.Http11Processor.service(Http11Processor.java:803)
	at org.apache.coyote.AbstractProcessorLight.process(AbstractProcessorLight.java:66)
	at org.apache.coyote.AbstractProtocol$ConnectionHandler.process(AbstractProtocol.java:868)
	at org.apache.tomcat.util.net.NioEndpoint$SocketProcessor.doRun(NioEndpoint.java:1459)
	at org.apache.tomcat.util.net.SocketProcessorBase.run(SocketProcessorBase.java:49)
	at java.util.concurrent.ThreadPoolExecutor.runWorker(ThreadPoolExecutor.java:1149)
	at java.util.concurrent.ThreadPoolExecutor$Worker.run(ThreadPoolExecutor.java:624)
	at org.apache.tomcat.util.threads.TaskThread$WrappingRunnable.run(TaskThread.java:61)
	at java.lang.Thread.run(Thread.java:748)

15-Nov-2017 13:37:24.799 重大 [http-nio-8080-exec-1] org.apache.catalina.core.StandardWrapperValve.invoke Servlet.service() for servlet [jsp] in context with path [/171115] threw exception [java.lang.ClassNotFoundException: org.apache.jsp.lesson03.index_jsp] with root cause
 java.lang.ClassNotFoundException: org.apache.jsp.lesson03.index_jsp
	at java.net.URLClassLoader.findClass(URLClassLoader.java:381)
	at org.apache.jasper.servlet.JasperLoader.loadClass(JasperLoader.java:129)
	at org.apache.jasper.servlet.JasperLoader.loadClass(JasperLoader.java:60)
	at org.apache.catalina.core.DefaultInstanceManager.newInstance(DefaultInstanceManager.java:128)
	at org.apache.jasper.servlet.JspServletWrapper.getServlet(JspServletWrapper.java:171)
	at org.apache.jasper.servlet.JspServletWrapper.service(JspServletWrapper.java:380)
	at org.apache.jasper.servlet.JspServlet.serviceJspFile(JspServlet.java:385)
	at org.apache.jasper.servlet.JspServlet.service(JspServlet.java:329)
	at javax.servlet.http.HttpServlet.service(HttpServlet.java:742)
	at org.apache.catalina.core.ApplicationFilterChain.internalDoFilter(ApplicationFilterChain.java:231)
	at org.apache.catalina.core.ApplicationFilterChain.doFilter(ApplicationFilterChain.java:166)
	at org.apache.tomcat.websocket.server.WsFilter.doFilter(WsFilter.java:52)
	at org.apache.catalina.core.ApplicationFilterChain.internalDoFilter(ApplicationFilterChain.java:193)
	at org.apache.catalina.core.ApplicationFilterChain.doFilter(ApplicationFilterChain.java:166)
	at org.apache.catalina.core.StandardWrapperValve.invoke(StandardWrapperValve.java:199)
	at org.apache.catalina.core.StandardContextValve.invoke(StandardContextValve.java:96)
	at org.apache.catalina.authenticator.AuthenticatorBase.invoke(AuthenticatorBase.java:478)
	at org.apache.catalina.core.StandardHostValve.invoke(StandardHostValve.java:140)
	at org.apache.catalina.valves.ErrorReportValve.invoke(ErrorReportValve.java:81)
	at org.apache.catalina.valves.AbstractAccessLogValve.invoke(AbstractAccessLogValve.java:650)
	at org.apache.catalina.core.StandardEngineValve.invoke(StandardEngineValve.java:87)
	at org.apache.catalina.connector.CoyoteAdapter.service(CoyoteAdapter.java:342)
	at org.apache.coyote.http11.Http11Processor.service(Http11Processor.java:803)
	at org.apache.coyote.AbstractProcessorLight.process(AbstractProcessorLight.java:66)
	at org.apache.coyote.AbstractProtocol$ConnectionHandler.process(AbstractProtocol.java:868)
	at org.apache.tomcat.util.net.NioEndpoint$SocketProcessor.doRun(NioEndpoint.java:1459)
	at org.apache.tomcat.util.net.SocketProcessorBase.run(SocketProcessorBase.java:49)
	at java.util.concurrent.ThreadPoolExecutor.runWorker(ThreadPoolExecutor.java:1149)
	at java.util.concurrent.ThreadPoolExecutor$Worker.run(ThreadPoolExecutor.java:624)
	at org.apache.tomcat.util.threads.TaskThread$WrappingRunnable.run(TaskThread.java:61)
	at java.lang.Thread.run(Thread.java:748)

15-Nov-2017 13:37:26.597 重大 [http-nio-8080-exec-6] org.apache.catalina.core.StandardWrapperValve.invoke Servlet.service() for servlet [jsp] in context with path [/171115] threw exception [java.lang.ClassNotFoundException: org.apache.jsp.lesson03.index_jsp] with root cause
 java.lang.ClassNotFoundException: org.apache.jsp.lesson03.index_jsp
	at java.net.URLClassLoader.findClass(URLClassLoader.java:381)
	at org.apache.jasper.servlet.JasperLoader.loadClass(JasperLoader.java:129)
	at org.apache.jasper.servlet.JasperLoader.loadClass(JasperLoader.java:60)
	at org.apache.catalina.core.DefaultInstanceManager.newInstance(DefaultInstanceManager.java:128)
	at org.apache.jasper.servlet.JspServletWrapper.getServlet(JspServletWrapper.java:171)
	at org.apache.jasper.servlet.JspServletWrapper.service(JspServletWrapper.java:380)
	at org.apache.jasper.servlet.JspServlet.serviceJspFile(JspServlet.java:385)
	at org.apache.jasper.servlet.JspServlet.service(JspServlet.java:329)
	at javax.servlet.http.HttpServlet.service(HttpServlet.java:742)
	at org.apache.catalina.core.ApplicationFilterChain.internalDoFilter(ApplicationFilterChain.java:231)
	at org.apache.catalina.core.ApplicationFilterChain.doFilter(ApplicationFilterChain.java:166)
	at org.apache.tomcat.websocket.server.WsFilter.doFilter(WsFilter.java:52)
	at org.apache.catalina.core.ApplicationFilterChain.internalDoFilter(ApplicationFilterChain.java:193)
	at org.apache.catalina.core.ApplicationFilterChain.doFilter(ApplicationFilterChain.java:166)
	at org.apache.catalina.core.StandardWrapperValve.invoke(StandardWrapperValve.java:199)
	at org.apache.catalina.core.StandardContextValve.invoke(StandardContextValve.java:96)
	at org.apache.catalina.authenticator.AuthenticatorBase.invoke(AuthenticatorBase.java:478)
	at org.apache.catalina.core.StandardHostValve.invoke(StandardHostValve.java:140)
	at org.apache.catalina.valves.ErrorReportValve.invoke(ErrorReportValve.java:81)
	at org.apache.catalina.valves.AbstractAccessLogValve.invoke(AbstractAccessLogValve.java:650)
	at org.apache.catalina.core.StandardEngineValve.invoke(StandardEngineValve.java:87)
	at org.apache.catalina.connector.CoyoteAdapter.service(CoyoteAdapter.java:342)
	at org.apache.coyote.http11.Http11Processor.service(Http11Processor.java:803)
	at org.apache.coyote.AbstractProcessorLight.process(AbstractProcessorLight.java:66)
	at org.apache.coyote.AbstractProtocol$ConnectionHandler.process(AbstractProtocol.java:868)
	at org.apache.tomcat.util.net.NioEndpoint$SocketProcessor.doRun(NioEndpoint.java:1459)
	at org.apache.tomcat.util.net.SocketProcessorBase.run(SocketProcessorBase.java:49)
	at java.util.concurrent.ThreadPoolExecutor.runWorker(ThreadPoolExecutor.java:1149)
	at java.util.concurrent.ThreadPoolExecutor$Worker.run(ThreadPoolExecutor.java:624)
	at org.apache.tomcat.util.threads.TaskThread$WrappingRunnable.run(TaskThread.java:61)
	at java.lang.Thread.run(Thread.java:748)

15-Nov-2017 13:37:27.411 重大 [http-nio-8080-exec-4] org.apache.catalina.core.StandardWrapperValve.invoke Servlet.service() for servlet [jsp] in context with path [/171115] threw exception [JSPのクラスをコンパイルできません: 

JSPファイル: [/lesson03/index.jsp] の中の[1]行目でエラーが発生しました
Syntax error on token "contentType", VariableDeclaratorId expected after this token
1: <% @page contentType="text/html; charset=UTF-8" %>
2: <% @include file="../layouts/header.html" %>
3: 
4: <% out.println("繝?繧ｹ繝?"); %>


JSPファイル: [/lesson03/index.jsp] の中の[1]行目でエラーが発生しました
contentType cannot be resolved to a type
1: <% @page contentType="text/html; charset=UTF-8" %>
2: <% @include file="../layouts/header.html" %>
3: 
4: <% out.println("繝?繧ｹ繝?"); %>


JSPファイル: [/lesson03/index.jsp] の中の[1]行目でエラーが発生しました
Syntax error, insert ";" to complete LocalVariableDeclarationStatement
1: <% @page contentType="text/html; charset=UTF-8" %>
2: <% @include file="../layouts/header.html" %>
3: 
4: <% out.println("繝?繧ｹ繝?"); %>


JSPファイル: [/lesson03/index.jsp] の中の[2]行目でエラーが発生しました
Syntax error on token "file", VariableDeclaratorId expected after this token
1: <% @page contentType="text/html; charset=UTF-8" %>
2: <% @include file="../layouts/header.html" %>
3: 
4: <% out.println("繝?繧ｹ繝?"); %>
5: 


JSPファイル: [/lesson03/index.jsp] の中の[2]行目でエラーが発生しました
file cannot be resolved to a type
1: <% @page contentType="text/html; charset=UTF-8" %>
2: <% @include file="../layouts/header.html" %>
3: 
4: <% out.println("繝?繧ｹ繝?"); %>
5: 


JSPファイル: [/lesson03/index.jsp] の中の[2]行目でエラーが発生しました
Duplicate local variable $missing$
1: <% @page contentType="text/html; charset=UTF-8" %>
2: <% @include file="../layouts/header.html" %>
3: 
4: <% out.println("繝?繧ｹ繝?"); %>
5: 


JSPファイル: [/lesson03/index.jsp] の中の[2]行目でエラーが発生しました
Syntax error, insert ";" to complete LocalVariableDeclarationStatement
1: <% @page contentType="text/html; charset=UTF-8" %>
2: <% @include file="../layouts/header.html" %>
3: 
4: <% out.println("繝?繧ｹ繝?"); %>
5: 


JSPファイル: [/lesson03/index.jsp] の中の[6]行目でエラーが発生しました
Syntax error on token "file", VariableDeclaratorId expected after this token
3: 
4: <% out.println("繝?繧ｹ繝?"); %>
5: 
6: <% @include file="../layouts/footer.html" %>


JSPファイル: [/lesson03/index.jsp] の中の[6]行目でエラーが発生しました
file cannot be resolved to a type
3: 
4: <% out.println("繝?繧ｹ繝?"); %>
5: 
6: <% @include file="../layouts/footer.html" %>


JSPファイル: [/lesson03/index.jsp] の中の[6]行目でエラーが発生しました
Duplicate local variable $missing$
3: 
4: <% out.println("繝?繧ｹ繝?"); %>
5: 
6: <% @include file="../layouts/footer.html" %>


JSPファイル: [/lesson03/index.jsp] の中の[6]行目でエラーが発生しました
Syntax error, insert ";" to complete LocalVariableDeclarationStatement
3: 
4: <% out.println("繝?繧ｹ繝?"); %>
5: 
6: <% @include file="../layouts/footer.html" %>


Stacktrace:] with root cause
 org.apache.jasper.JasperException: JSPのクラスをコンパイルできません: 

JSPファイル: [/lesson03/index.jsp] の中の[1]行目でエラーが発生しました
Syntax error on token "contentType", VariableDeclaratorId expected after this token
1: <% @page contentType="text/html; charset=UTF-8" %>
2: <% @include file="../layouts/header.html" %>
3: 
4: <% out.println("繝?繧ｹ繝?"); %>


JSPファイル: [/lesson03/index.jsp] の中の[1]行目でエラーが発生しました
contentType cannot be resolved to a type
1: <% @page contentType="text/html; charset=UTF-8" %>
2: <% @include file="../layouts/header.html" %>
3: 
4: <% out.println("繝?繧ｹ繝?"); %>


JSPファイル: [/lesson03/index.jsp] の中の[1]行目でエラーが発生しました
Syntax error, insert ";" to complete LocalVariableDeclarationStatement
1: <% @page contentType="text/html; charset=UTF-8" %>
2: <% @include file="../layouts/header.html" %>
3: 
4: <% out.println("繝?繧ｹ繝?"); %>


JSPファイル: [/lesson03/index.jsp] の中の[2]行目でエラーが発生しました
Syntax error on token "file", VariableDeclaratorId expected after this token
1: <% @page contentType="text/html; charset=UTF-8" %>
2: <% @include file="../layouts/header.html" %>
3: 
4: <% out.println("繝?繧ｹ繝?"); %>
5: 


JSPファイル: [/lesson03/index.jsp] の中の[2]行目でエラーが発生しました
file cannot be resolved to a type
1: <% @page contentType="text/html; charset=UTF-8" %>
2: <% @include file="../layouts/header.html" %>
3: 
4: <% out.println("繝?繧ｹ繝?"); %>
5: 


JSPファイル: [/lesson03/index.jsp] の中の[2]行目でエラーが発生しました
Duplicate local variable $missing$
1: <% @page contentType="text/html; charset=UTF-8" %>
2: <% @include file="../layouts/header.html" %>
3: 
4: <% out.println("繝?繧ｹ繝?"); %>
5: 


JSPファイル: [/lesson03/index.jsp] の中の[2]行目でエラーが発生しました
Syntax error, insert ";" to complete LocalVariableDeclarationStatement
1: <% @page contentType="text/html; charset=UTF-8" %>
2: <% @include file="../layouts/header.html" %>
3: 
4: <% out.println("繝?繧ｹ繝?"); %>
5: 


JSPファイル: [/lesson03/index.jsp] の中の[6]行目でエラーが発生しました
Syntax error on token "file", VariableDeclaratorId expected after this token
3: 
4: <% out.println("繝?繧ｹ繝?"); %>
5: 
6: <% @include file="../layouts/footer.html" %>


JSPファイル: [/lesson03/index.jsp] の中の[6]行目でエラーが発生しました
file cannot be resolved to a type
3: 
4: <% out.println("繝?繧ｹ繝?"); %>
5: 
6: <% @include file="../layouts/footer.html" %>


JSPファイル: [/lesson03/index.jsp] の中の[6]行目でエラーが発生しました
Duplicate local variable $missing$
3: 
4: <% out.println("繝?繧ｹ繝?"); %>
5: 
6: <% @include file="../layouts/footer.html" %>


JSPファイル: [/lesson03/index.jsp] の中の[6]行目でエラーが発生しました
Syntax error, insert ";" to complete LocalVariableDeclarationStatement
3: 
4: <% out.println("繝?繧ｹ繝?"); %>
5: 
6: <% @include file="../layouts/footer.html" %>


Stacktrace:
	at org.apache.jasper.compiler.DefaultErrorHandler.javacError(DefaultErrorHandler.java:103)
	at org.apache.jasper.compiler.ErrorDispatcher.javacError(ErrorDispatcher.java:212)
	at org.apache.jasper.compiler.JDTCompiler.generateClass(JDTCompiler.java:457)
	at org.apache.jasper.compiler.Compiler.compile(Compiler.java:379)
	at org.apache.jasper.compiler.Compiler.compile(Compiler.java:351)
	at org.apache.jasper.compiler.Compiler.compile(Compiler.java:335)
	at org.apache.jasper.JspCompilationContext.compile(JspCompilationContext.java:601)
	at org.apache.jasper.servlet.JspServletWrapper.service(JspServletWrapper.java:368)
	at org.apache.jasper.servlet.JspServlet.serviceJspFile(JspServlet.java:385)
	at org.apache.jasper.servlet.JspServlet.service(JspServlet.java:329)
	at javax.servlet.http.HttpServlet.service(HttpServlet.java:742)
	at org.apache.catalina.core.ApplicationFilterChain.internalDoFilter(ApplicationFilterChain.java:231)
	at org.apache.catalina.core.ApplicationFilterChain.doFilter(ApplicationFilterChain.java:166)
	at org.apache.tomcat.websocket.server.WsFilter.doFilter(WsFilter.java:52)
	at org.apache.catalina.core.ApplicationFilterChain.internalDoFilter(ApplicationFilterChain.java:193)
	at org.apache.catalina.core.ApplicationFilterChain.doFilter(ApplicationFilterChain.java:166)
	at org.apache.catalina.core.StandardWrapperValve.invoke(StandardWrapperValve.java:199)
	at org.apache.catalina.core.StandardContextValve.invoke(StandardContextValve.java:96)
	at org.apache.catalina.authenticator.AuthenticatorBase.invoke(AuthenticatorBase.java:478)
	at org.apache.catalina.core.StandardHostValve.invoke(StandardHostValve.java:140)
	at org.apache.catalina.valves.ErrorReportValve.invoke(ErrorReportValve.java:81)
	at org.apache.catalina.valves.AbstractAccessLogValve.invoke(AbstractAccessLogValve.java:650)
	at org.apache.catalina.core.StandardEngineValve.invoke(StandardEngineValve.java:87)
	at org.apache.catalina.connector.CoyoteAdapter.service(CoyoteAdapter.java:342)
	at org.apache.coyote.http11.Http11Processor.service(Http11Processor.java:803)
	at org.apache.coyote.AbstractProcessorLight.process(AbstractProcessorLight.java:66)
	at org.apache.coyote.AbstractProtocol$ConnectionHandler.process(AbstractProtocol.java:868)
	at org.apache.tomcat.util.net.NioEndpoint$SocketProcessor.doRun(NioEndpoint.java:1459)
	at org.apache.tomcat.util.net.SocketProcessorBase.run(SocketProcessorBase.java:49)
	at java.util.concurrent.ThreadPoolExecutor.runWorker(ThreadPoolExecutor.java:1149)
	at java.util.concurrent.ThreadPoolExecutor$Worker.run(ThreadPoolExecutor.java:624)
	at org.apache.tomcat.util.threads.TaskThread$WrappingRunnable.run(TaskThread.java:61)
	at java.lang.Thread.run(Thread.java:748)

15-Nov-2017 13:37:43.302 重大 [http-nio-8080-exec-5] org.apache.catalina.core.StandardWrapperValve.invoke Servlet.service() for servlet [jsp] in context with path [/171115] threw exception [JSPのクラスをコンパイルできません: 

JSPファイル: [/lesson03/index.jsp] の中の[1]行目でエラーが発生しました
Syntax error on token "contentType", VariableDeclaratorId expected after this token
1: <% @page contentType="text/html; charset=UTF-8" %>
2: <% @include file="../layouts/header.html" %>
3: 
4: <% out.println("繝?繧ｹ繝?"); %>


JSPファイル: [/lesson03/index.jsp] の中の[1]行目でエラーが発生しました
contentType cannot be resolved to a type
1: <% @page contentType="text/html; charset=UTF-8" %>
2: <% @include file="../layouts/header.html" %>
3: 
4: <% out.println("繝?繧ｹ繝?"); %>


JSPファイル: [/lesson03/index.jsp] の中の[1]行目でエラーが発生しました
Syntax error, insert ";" to complete LocalVariableDeclarationStatement
1: <% @page contentType="text/html; charset=UTF-8" %>
2: <% @include file="../layouts/header.html" %>
3: 
4: <% out.println("繝?繧ｹ繝?"); %>


JSPファイル: [/lesson03/index.jsp] の中の[2]行目でエラーが発生しました
Syntax error on token "file", VariableDeclaratorId expected after this token
1: <% @page contentType="text/html; charset=UTF-8" %>
2: <% @include file="../layouts/header.html" %>
3: 
4: <% out.println("繝?繧ｹ繝?"); %>
5: 


JSPファイル: [/lesson03/index.jsp] の中の[2]行目でエラーが発生しました
file cannot be resolved to a type
1: <% @page contentType="text/html; charset=UTF-8" %>
2: <% @include file="../layouts/header.html" %>
3: 
4: <% out.println("繝?繧ｹ繝?"); %>
5: 


JSPファイル: [/lesson03/index.jsp] の中の[2]行目でエラーが発生しました
Duplicate local variable $missing$
1: <% @page contentType="text/html; charset=UTF-8" %>
2: <% @include file="../layouts/header.html" %>
3: 
4: <% out.println("繝?繧ｹ繝?"); %>
5: 


JSPファイル: [/lesson03/index.jsp] の中の[2]行目でエラーが発生しました
Syntax error, insert ";" to complete LocalVariableDeclarationStatement
1: <% @page contentType="text/html; charset=UTF-8" %>
2: <% @include file="../layouts/header.html" %>
3: 
4: <% out.println("繝?繧ｹ繝?"); %>
5: 


JSPファイル: [/lesson03/index.jsp] の中の[6]行目でエラーが発生しました
Syntax error on token "file", VariableDeclaratorId expected after this token
3: 
4: <% out.println("繝?繧ｹ繝?"); %>
5: 
6: <% @include file="../layouts/footer.html" %>


JSPファイル: [/lesson03/index.jsp] の中の[6]行目でエラーが発生しました
file cannot be resolved to a type
3: 
4: <% out.println("繝?繧ｹ繝?"); %>
5: 
6: <% @include file="../layouts/footer.html" %>


JSPファイル: [/lesson03/index.jsp] の中の[6]行目でエラーが発生しました
Duplicate local variable $missing$
3: 
4: <% out.println("繝?繧ｹ繝?"); %>
5: 
6: <% @include file="../layouts/footer.html" %>


JSPファイル: [/lesson03/index.jsp] の中の[6]行目でエラーが発生しました
Syntax error, insert ";" to complete LocalVariableDeclarationStatement
3: 
4: <% out.println("繝?繧ｹ繝?"); %>
5: 
6: <% @include file="../layouts/footer.html" %>


Stacktrace:] with root cause
 org.apache.jasper.JasperException: JSPのクラスをコンパイルできません: 

JSPファイル: [/lesson03/index.jsp] の中の[1]行目でエラーが発生しました
Syntax error on token "contentType", VariableDeclaratorId expected after this token
1: <% @page contentType="text/html; charset=UTF-8" %>
2: <% @include file="../layouts/header.html" %>
3: 
4: <% out.println("繝?繧ｹ繝?"); %>


JSPファイル: [/lesson03/index.jsp] の中の[1]行目でエラーが発生しました
contentType cannot be resolved to a type
1: <% @page contentType="text/html; charset=UTF-8" %>
2: <% @include file="../layouts/header.html" %>
3: 
4: <% out.println("繝?繧ｹ繝?"); %>


JSPファイル: [/lesson03/index.jsp] の中の[1]行目でエラーが発生しました
Syntax error, insert ";" to complete LocalVariableDeclarationStatement
1: <% @page contentType="text/html; charset=UTF-8" %>
2: <% @include file="../layouts/header.html" %>
3: 
4: <% out.println("繝?繧ｹ繝?"); %>


JSPファイル: [/lesson03/index.jsp] の中の[2]行目でエラーが発生しました
Syntax error on token "file", VariableDeclaratorId expected after this token
1: <% @page contentType="text/html; charset=UTF-8" %>
2: <% @include file="../layouts/header.html" %>
3: 
4: <% out.println("繝?繧ｹ繝?"); %>
5: 


JSPファイル: [/lesson03/index.jsp] の中の[2]行目でエラーが発生しました
file cannot be resolved to a type
1: <% @page contentType="text/html; charset=UTF-8" %>
2: <% @include file="../layouts/header.html" %>
3: 
4: <% out.println("繝?繧ｹ繝?"); %>
5: 


JSPファイル: [/lesson03/index.jsp] の中の[2]行目でエラーが発生しました
Duplicate local variable $missing$
1: <% @page contentType="text/html; charset=UTF-8" %>
2: <% @include file="../layouts/header.html" %>
3: 
4: <% out.println("繝?繧ｹ繝?"); %>
5: 


JSPファイル: [/lesson03/index.jsp] の中の[2]行目でエラーが発生しました
Syntax error, insert ";" to complete LocalVariableDeclarationStatement
1: <% @page contentType="text/html; charset=UTF-8" %>
2: <% @include file="../layouts/header.html" %>
3: 
4: <% out.println("繝?繧ｹ繝?"); %>
5: 


JSPファイル: [/lesson03/index.jsp] の中の[6]行目でエラーが発生しました
Syntax error on token "file", VariableDeclaratorId expected after this token
3: 
4: <% out.println("繝?繧ｹ繝?"); %>
5: 
6: <% @include file="../layouts/footer.html" %>


JSPファイル: [/lesson03/index.jsp] の中の[6]行目でエラーが発生しました
file cannot be resolved to a type
3: 
4: <% out.println("繝?繧ｹ繝?"); %>
5: 
6: <% @include file="../layouts/footer.html" %>


JSPファイル: [/lesson03/index.jsp] の中の[6]行目でエラーが発生しました
Duplicate local variable $missing$
3: 
4: <% out.println("繝?繧ｹ繝?"); %>
5: 
6: <% @include file="../layouts/footer.html" %>


JSPファイル: [/lesson03/index.jsp] の中の[6]行目でエラーが発生しました
Syntax error, insert ";" to complete LocalVariableDeclarationStatement
3: 
4: <% out.println("繝?繧ｹ繝?"); %>
5: 
6: <% @include file="../layouts/footer.html" %>


Stacktrace:
	at org.apache.jasper.compiler.DefaultErrorHandler.javacError(DefaultErrorHandler.java:103)
	at org.apache.jasper.compiler.ErrorDispatcher.javacError(ErrorDispatcher.java:212)
	at org.apache.jasper.compiler.JDTCompiler.generateClass(JDTCompiler.java:457)
	at org.apache.jasper.compiler.Compiler.compile(Compiler.java:379)
	at org.apache.jasper.compiler.Compiler.compile(Compiler.java:351)
	at org.apache.jasper.compiler.Compiler.compile(Compiler.java:335)
	at org.apache.jasper.JspCompilationContext.compile(JspCompilationContext.java:601)
	at org.apache.jasper.servlet.JspServletWrapper.service(JspServletWrapper.java:368)
	at org.apache.jasper.servlet.JspServlet.serviceJspFile(JspServlet.java:385)
	at org.apache.jasper.servlet.JspServlet.service(JspServlet.java:329)
	at javax.servlet.http.HttpServlet.service(HttpServlet.java:742)
	at org.apache.catalina.core.ApplicationFilterChain.internalDoFilter(ApplicationFilterChain.java:231)
	at org.apache.catalina.core.ApplicationFilterChain.doFilter(ApplicationFilterChain.java:166)
	at org.apache.tomcat.websocket.server.WsFilter.doFilter(WsFilter.java:52)
	at org.apache.catalina.core.ApplicationFilterChain.internalDoFilter(ApplicationFilterChain.java:193)
	at org.apache.catalina.core.ApplicationFilterChain.doFilter(ApplicationFilterChain.java:166)
	at org.apache.catalina.core.StandardWrapperValve.invoke(StandardWrapperValve.java:199)
	at org.apache.catalina.core.StandardContextValve.invoke(StandardContextValve.java:96)
	at org.apache.catalina.authenticator.AuthenticatorBase.invoke(AuthenticatorBase.java:478)
	at org.apache.catalina.core.StandardHostValve.invoke(StandardHostValve.java:140)
	at org.apache.catalina.valves.ErrorReportValve.invoke(ErrorReportValve.java:81)
	at org.apache.catalina.valves.AbstractAccessLogValve.invoke(AbstractAccessLogValve.java:650)
	at org.apache.catalina.core.StandardEngineValve.invoke(StandardEngineValve.java:87)
	at org.apache.catalina.connector.CoyoteAdapter.service(CoyoteAdapter.java:342)
	at org.apache.coyote.http11.Http11Processor.service(Http11Processor.java:803)
	at org.apache.coyote.AbstractProcessorLight.process(AbstractProcessorLight.java:66)
	at org.apache.coyote.AbstractProtocol$ConnectionHandler.process(AbstractProtocol.java:868)
	at org.apache.tomcat.util.net.NioEndpoint$SocketProcessor.doRun(NioEndpoint.java:1459)
	at org.apache.tomcat.util.net.SocketProcessorBase.run(SocketProcessorBase.java:49)
	at java.util.concurrent.ThreadPoolExecutor.runWorker(ThreadPoolExecutor.java:1149)
	at java.util.concurrent.ThreadPoolExecutor$Worker.run(ThreadPoolExecutor.java:624)
	at org.apache.tomcat.util.threads.TaskThread$WrappingRunnable.run(TaskThread.java:61)
	at java.lang.Thread.run(Thread.java:748)

15-Nov-2017 13:40:59.200 重大 [http-nio-8080-exec-4] org.apache.catalina.core.StandardWrapperValve.invoke Servlet.service() for servlet [jsp] in context with path [/171115] threw exception [JSPのクラスをコンパイルできません: 

JSPファイル: [/lesson03/index.jsp] の中の[8]行目でエラーが発生しました
Syntax error on token ";", delete this token
5: <hr/>
6: <% out.println(new java.util.Date()); %>
7: <hr/>
8: <%= new java.util.Date(); %>
9: 
10: <%@include file="../layouts/footer.html" %>


Stacktrace:] with root cause
 org.apache.jasper.JasperException: JSPのクラスをコンパイルできません: 

JSPファイル: [/lesson03/index.jsp] の中の[8]行目でエラーが発生しました
Syntax error on token ";", delete this token
5: <hr/>
6: <% out.println(new java.util.Date()); %>
7: <hr/>
8: <%= new java.util.Date(); %>
9: 
10: <%@include file="../layouts/footer.html" %>


Stacktrace:
	at org.apache.jasper.compiler.DefaultErrorHandler.javacError(DefaultErrorHandler.java:103)
	at org.apache.jasper.compiler.ErrorDispatcher.javacError(ErrorDispatcher.java:212)
	at org.apache.jasper.compiler.JDTCompiler.generateClass(JDTCompiler.java:457)
	at org.apache.jasper.compiler.Compiler.compile(Compiler.java:379)
	at org.apache.jasper.compiler.Compiler.compile(Compiler.java:351)
	at org.apache.jasper.compiler.Compiler.compile(Compiler.java:335)
	at org.apache.jasper.JspCompilationContext.compile(JspCompilationContext.java:601)
	at org.apache.jasper.servlet.JspServletWrapper.service(JspServletWrapper.java:368)
	at org.apache.jasper.servlet.JspServlet.serviceJspFile(JspServlet.java:385)
	at org.apache.jasper.servlet.JspServlet.service(JspServlet.java:329)
	at javax.servlet.http.HttpServlet.service(HttpServlet.java:742)
	at org.apache.catalina.core.ApplicationFilterChain.internalDoFilter(ApplicationFilterChain.java:231)
	at org.apache.catalina.core.ApplicationFilterChain.doFilter(ApplicationFilterChain.java:166)
	at org.apache.tomcat.websocket.server.WsFilter.doFilter(WsFilter.java:52)
	at org.apache.catalina.core.ApplicationFilterChain.internalDoFilter(ApplicationFilterChain.java:193)
	at org.apache.catalina.core.ApplicationFilterChain.doFilter(ApplicationFilterChain.java:166)
	at org.apache.catalina.core.StandardWrapperValve.invoke(StandardWrapperValve.java:199)
	at org.apache.catalina.core.StandardContextValve.invoke(StandardContextValve.java:96)
	at org.apache.catalina.authenticator.AuthenticatorBase.invoke(AuthenticatorBase.java:478)
	at org.apache.catalina.core.StandardHostValve.invoke(StandardHostValve.java:140)
	at org.apache.catalina.valves.ErrorReportValve.invoke(ErrorReportValve.java:81)
	at org.apache.catalina.valves.AbstractAccessLogValve.invoke(AbstractAccessLogValve.java:650)
	at org.apache.catalina.core.StandardEngineValve.invoke(StandardEngineValve.java:87)
	at org.apache.catalina.connector.CoyoteAdapter.service(CoyoteAdapter.java:342)
	at org.apache.coyote.http11.Http11Processor.service(Http11Processor.java:803)
	at org.apache.coyote.AbstractProcessorLight.process(AbstractProcessorLight.java:66)
	at org.apache.coyote.AbstractProtocol$ConnectionHandler.process(AbstractProtocol.java:868)
	at org.apache.tomcat.util.net.NioEndpoint$SocketProcessor.doRun(NioEndpoint.java:1459)
	at org.apache.tomcat.util.net.SocketProcessorBase.run(SocketProcessorBase.java:49)
	at java.util.concurrent.ThreadPoolExecutor.runWorker(ThreadPoolExecutor.java:1149)
	at java.util.concurrent.ThreadPoolExecutor$Worker.run(ThreadPoolExecutor.java:624)
	at org.apache.tomcat.util.threads.TaskThread$WrappingRunnable.run(TaskThread.java:61)
	at java.lang.Thread.run(Thread.java:748)

15-Nov-2017 14:12:53.479 重大 [http-nio-8080-exec-4] org.apache.catalina.core.StandardWrapperValve.invoke Servlet.service() for servlet [jsp] in context with path [/171115] threw exception [JSPのクラスをコンパイルできません: 

JSPファイル: [/lesson06/form.jsp] の中の[13]行目でエラーが発生しました
countA cannot be resolved to a variable
10:     <input type="submit" value="險育ｮ?">
11: </form>
12: 
13: <p>螳｣險?縺ｫ繧医ｋ螟画焚countA縺ｯ<%=countA%></p>
14: <p>繧ｹ繧ｯ繝ｪ繝励ヨ繝ｬ繝?繝亥??縺ｮ螟画焚countB縺ｯ<%=countB%></p>
15: 
16: 


JSPファイル: [/lesson06/form.jsp] の中の[14]行目でエラーが発生しました
countB cannot be resolved to a variable
11: </form>
12: 
13: <p>螳｣險?縺ｫ繧医ｋ螟画焚countA縺ｯ<%=countA%></p>
14: <p>繧ｹ繧ｯ繝ｪ繝励ヨ繝ｬ繝?繝亥??縺ｮ螟画焚countB縺ｯ<%=countB%></p>
15: 
16: 
17: <%@include file="../layouts/footer.html"%>


Stacktrace:] with root cause
 org.apache.jasper.JasperException: JSPのクラスをコンパイルできません: 

JSPファイル: [/lesson06/form.jsp] の中の[13]行目でエラーが発生しました
countA cannot be resolved to a variable
10:     <input type="submit" value="險育ｮ?">
11: </form>
12: 
13: <p>螳｣險?縺ｫ繧医ｋ螟画焚countA縺ｯ<%=countA%></p>
14: <p>繧ｹ繧ｯ繝ｪ繝励ヨ繝ｬ繝?繝亥??縺ｮ螟画焚countB縺ｯ<%=countB%></p>
15: 
16: 


JSPファイル: [/lesson06/form.jsp] の中の[14]行目でエラーが発生しました
countB cannot be resolved to a variable
11: </form>
12: 
13: <p>螳｣險?縺ｫ繧医ｋ螟画焚countA縺ｯ<%=countA%></p>
14: <p>繧ｹ繧ｯ繝ｪ繝励ヨ繝ｬ繝?繝亥??縺ｮ螟画焚countB縺ｯ<%=countB%></p>
15: 
16: 
17: <%@include file="../layouts/footer.html"%>


Stacktrace:
	at org.apache.jasper.compiler.DefaultErrorHandler.javacError(DefaultErrorHandler.java:103)
	at org.apache.jasper.compiler.ErrorDispatcher.javacError(ErrorDispatcher.java:212)
	at org.apache.jasper.compiler.JDTCompiler.generateClass(JDTCompiler.java:457)
	at org.apache.jasper.compiler.Compiler.compile(Compiler.java:379)
	at org.apache.jasper.compiler.Compiler.compile(Compiler.java:351)
	at org.apache.jasper.compiler.Compiler.compile(Compiler.java:335)
	at org.apache.jasper.JspCompilationContext.compile(JspCompilationContext.java:601)
	at org.apache.jasper.servlet.JspServletWrapper.service(JspServletWrapper.java:368)
	at org.apache.jasper.servlet.JspServlet.serviceJspFile(JspServlet.java:385)
	at org.apache.jasper.servlet.JspServlet.service(JspServlet.java:329)
	at javax.servlet.http.HttpServlet.service(HttpServlet.java:742)
	at org.apache.catalina.core.ApplicationFilterChain.internalDoFilter(ApplicationFilterChain.java:231)
	at org.apache.catalina.core.ApplicationFilterChain.doFilter(ApplicationFilterChain.java:166)
	at org.apache.tomcat.websocket.server.WsFilter.doFilter(WsFilter.java:52)
	at org.apache.catalina.core.ApplicationFilterChain.internalDoFilter(ApplicationFilterChain.java:193)
	at org.apache.catalina.core.ApplicationFilterChain.doFilter(ApplicationFilterChain.java:166)
	at org.apache.catalina.core.StandardWrapperValve.invoke(StandardWrapperValve.java:199)
	at org.apache.catalina.core.StandardContextValve.invoke(StandardContextValve.java:96)
	at org.apache.catalina.authenticator.AuthenticatorBase.invoke(AuthenticatorBase.java:478)
	at org.apache.catalina.core.StandardHostValve.invoke(StandardHostValve.java:140)
	at org.apache.catalina.valves.ErrorReportValve.invoke(ErrorReportValve.java:81)
	at org.apache.catalina.valves.AbstractAccessLogValve.invoke(AbstractAccessLogValve.java:650)
	at org.apache.catalina.core.StandardEngineValve.invoke(StandardEngineValve.java:87)
	at org.apache.catalina.connector.CoyoteAdapter.service(CoyoteAdapter.java:342)
	at org.apache.coyote.http11.Http11Processor.service(Http11Processor.java:803)
	at org.apache.coyote.AbstractProcessorLight.process(AbstractProcessorLight.java:66)
	at org.apache.coyote.AbstractProtocol$ConnectionHandler.process(AbstractProtocol.java:868)
	at org.apache.tomcat.util.net.NioEndpoint$SocketProcessor.doRun(NioEndpoint.java:1459)
	at org.apache.tomcat.util.net.SocketProcessorBase.run(SocketProcessorBase.java:49)
	at java.util.concurrent.ThreadPoolExecutor.runWorker(ThreadPoolExecutor.java:1149)
	at java.util.concurrent.ThreadPoolExecutor$Worker.run(ThreadPoolExecutor.java:624)
	at org.apache.tomcat.util.threads.TaskThread$WrappingRunnable.run(TaskThread.java:61)
	at java.lang.Thread.run(Thread.java:748)

15-Nov-2017 14:16:42.536 重大 [http-nio-8080-exec-5] org.apache.catalina.core.StandardWrapperValve.invoke Servlet.service() for servlet [jsp] in context with path [/171115] threw exception [JSPのクラスをコンパイルできません: 

JSPファイル: [/lesson06/form.jsp] の中の[13]行目でエラーが発生しました
countA cannot be resolved to a variable
10:     <input type="submit" value="險育ｮ?">
11: </form>
12: 
13: <p>螳｣險?縺ｫ繧医ｋ螟画焚countA縺ｯ<%=countA%></p>
14: <p>繧ｹ繧ｯ繝ｪ繝励ヨ繝ｬ繝?繝亥??縺ｮ螟画焚countB縺ｯ<%=countB%></p>
15: 
16: 


JSPファイル: [/lesson06/form.jsp] の中の[14]行目でエラーが発生しました
countB cannot be resolved to a variable
11: </form>
12: 
13: <p>螳｣險?縺ｫ繧医ｋ螟画焚countA縺ｯ<%=countA%></p>
14: <p>繧ｹ繧ｯ繝ｪ繝励ヨ繝ｬ繝?繝亥??縺ｮ螟画焚countB縺ｯ<%=countB%></p>
15: 
16: 
17: <%@include file="../layouts/footer.html"%>


Stacktrace:] with root cause
 org.apache.jasper.JasperException: JSPのクラスをコンパイルできません: 

JSPファイル: [/lesson06/form.jsp] の中の[13]行目でエラーが発生しました
countA cannot be resolved to a variable
10:     <input type="submit" value="險育ｮ?">
11: </form>
12: 
13: <p>螳｣險?縺ｫ繧医ｋ螟画焚countA縺ｯ<%=countA%></p>
14: <p>繧ｹ繧ｯ繝ｪ繝励ヨ繝ｬ繝?繝亥??縺ｮ螟画焚countB縺ｯ<%=countB%></p>
15: 
16: 


JSPファイル: [/lesson06/form.jsp] の中の[14]行目でエラーが発生しました
countB cannot be resolved to a variable
11: </form>
12: 
13: <p>螳｣險?縺ｫ繧医ｋ螟画焚countA縺ｯ<%=countA%></p>
14: <p>繧ｹ繧ｯ繝ｪ繝励ヨ繝ｬ繝?繝亥??縺ｮ螟画焚countB縺ｯ<%=countB%></p>
15: 
16: 
17: <%@include file="../layouts/footer.html"%>


Stacktrace:
	at org.apache.jasper.compiler.DefaultErrorHandler.javacError(DefaultErrorHandler.java:103)
	at org.apache.jasper.compiler.ErrorDispatcher.javacError(ErrorDispatcher.java:212)
	at org.apache.jasper.compiler.JDTCompiler.generateClass(JDTCompiler.java:457)
	at org.apache.jasper.compiler.Compiler.compile(Compiler.java:379)
	at org.apache.jasper.compiler.Compiler.compile(Compiler.java:351)
	at org.apache.jasper.compiler.Compiler.compile(Compiler.java:335)
	at org.apache.jasper.JspCompilationContext.compile(JspCompilationContext.java:601)
	at org.apache.jasper.servlet.JspServletWrapper.service(JspServletWrapper.java:368)
	at org.apache.jasper.servlet.JspServlet.serviceJspFile(JspServlet.java:385)
	at org.apache.jasper.servlet.JspServlet.service(JspServlet.java:329)
	at javax.servlet.http.HttpServlet.service(HttpServlet.java:742)
	at org.apache.catalina.core.ApplicationFilterChain.internalDoFilter(ApplicationFilterChain.java:231)
	at org.apache.catalina.core.ApplicationFilterChain.doFilter(ApplicationFilterChain.java:166)
	at org.apache.tomcat.websocket.server.WsFilter.doFilter(WsFilter.java:52)
	at org.apache.catalina.core.ApplicationFilterChain.internalDoFilter(ApplicationFilterChain.java:193)
	at org.apache.catalina.core.ApplicationFilterChain.doFilter(ApplicationFilterChain.java:166)
	at org.apache.catalina.core.StandardWrapperValve.invoke(StandardWrapperValve.java:199)
	at org.apache.catalina.core.StandardContextValve.invoke(StandardContextValve.java:96)
	at org.apache.catalina.authenticator.AuthenticatorBase.invoke(AuthenticatorBase.java:478)
	at org.apache.catalina.core.StandardHostValve.invoke(StandardHostValve.java:140)
	at org.apache.catalina.valves.ErrorReportValve.invoke(ErrorReportValve.java:81)
	at org.apache.catalina.valves.AbstractAccessLogValve.invoke(AbstractAccessLogValve.java:650)
	at org.apache.catalina.core.StandardEngineValve.invoke(StandardEngineValve.java:87)
	at org.apache.catalina.connector.CoyoteAdapter.service(CoyoteAdapter.java:342)
	at org.apache.coyote.http11.Http11Processor.service(Http11Processor.java:803)
	at org.apache.coyote.AbstractProcessorLight.process(AbstractProcessorLight.java:66)
	at org.apache.coyote.AbstractProtocol$ConnectionHandler.process(AbstractProtocol.java:868)
	at org.apache.tomcat.util.net.NioEndpoint$SocketProcessor.doRun(NioEndpoint.java:1459)
	at org.apache.tomcat.util.net.SocketProcessorBase.run(SocketProcessorBase.java:49)
	at java.util.concurrent.ThreadPoolExecutor.runWorker(ThreadPoolExecutor.java:1149)
	at java.util.concurrent.ThreadPoolExecutor$Worker.run(ThreadPoolExecutor.java:624)
	at org.apache.tomcat.util.threads.TaskThread$WrappingRunnable.run(TaskThread.java:61)
	at java.lang.Thread.run(Thread.java:748)

15-Nov-2017 14:16:43.911 重大 [http-nio-8080-exec-8] org.apache.catalina.core.StandardWrapperValve.invoke Servlet.service() for servlet [jsp] in context with path [/171115] threw exception [java.lang.ClassNotFoundException: org.apache.jsp.lesson06.form_jsp] with root cause
 java.lang.ClassNotFoundException: org.apache.jsp.lesson06.form_jsp
	at java.net.URLClassLoader.findClass(URLClassLoader.java:381)
	at org.apache.jasper.servlet.JasperLoader.loadClass(JasperLoader.java:129)
	at org.apache.jasper.servlet.JasperLoader.loadClass(JasperLoader.java:60)
	at org.apache.catalina.core.DefaultInstanceManager.newInstance(DefaultInstanceManager.java:128)
	at org.apache.jasper.servlet.JspServletWrapper.getServlet(JspServletWrapper.java:171)
	at org.apache.jasper.servlet.JspServletWrapper.service(JspServletWrapper.java:380)
	at org.apache.jasper.servlet.JspServlet.serviceJspFile(JspServlet.java:385)
	at org.apache.jasper.servlet.JspServlet.service(JspServlet.java:329)
	at javax.servlet.http.HttpServlet.service(HttpServlet.java:742)
	at org.apache.catalina.core.ApplicationFilterChain.internalDoFilter(ApplicationFilterChain.java:231)
	at org.apache.catalina.core.ApplicationFilterChain.doFilter(ApplicationFilterChain.java:166)
	at org.apache.tomcat.websocket.server.WsFilter.doFilter(WsFilter.java:52)
	at org.apache.catalina.core.ApplicationFilterChain.internalDoFilter(ApplicationFilterChain.java:193)
	at org.apache.catalina.core.ApplicationFilterChain.doFilter(ApplicationFilterChain.java:166)
	at org.apache.catalina.core.StandardWrapperValve.invoke(StandardWrapperValve.java:199)
	at org.apache.catalina.core.StandardContextValve.invoke(StandardContextValve.java:96)
	at org.apache.catalina.authenticator.AuthenticatorBase.invoke(AuthenticatorBase.java:478)
	at org.apache.catalina.core.StandardHostValve.invoke(StandardHostValve.java:140)
	at org.apache.catalina.valves.ErrorReportValve.invoke(ErrorReportValve.java:81)
	at org.apache.catalina.valves.AbstractAccessLogValve.invoke(AbstractAccessLogValve.java:650)
	at org.apache.catalina.core.StandardEngineValve.invoke(StandardEngineValve.java:87)
	at org.apache.catalina.connector.CoyoteAdapter.service(CoyoteAdapter.java:342)
	at org.apache.coyote.http11.Http11Processor.service(Http11Processor.java:803)
	at org.apache.coyote.AbstractProcessorLight.process(AbstractProcessorLight.java:66)
	at org.apache.coyote.AbstractProtocol$ConnectionHandler.process(AbstractProtocol.java:868)
	at org.apache.tomcat.util.net.NioEndpoint$SocketProcessor.doRun(NioEndpoint.java:1459)
	at org.apache.tomcat.util.net.SocketProcessorBase.run(SocketProcessorBase.java:49)
	at java.util.concurrent.ThreadPoolExecutor.runWorker(ThreadPoolExecutor.java:1149)
	at java.util.concurrent.ThreadPoolExecutor$Worker.run(ThreadPoolExecutor.java:624)
	at org.apache.tomcat.util.threads.TaskThread$WrappingRunnable.run(TaskThread.java:61)
	at java.lang.Thread.run(Thread.java:748)

15-Nov-2017 14:17:01.783 重大 [http-nio-8080-exec-9] org.apache.catalina.core.StandardWrapperValve.invoke Servlet.service() for servlet [jsp] in context with path [/171115] threw exception [JSPのクラスをコンパイルできません: 

JSPファイル: [/lesson06/show.jsp] の中の[6]行目でエラーが発生しました
The method perseInt(String) is undefined for the type Integer
3: 
4: <%
5:     request.setCharacterEncoding("UTF-8");
6:     int price = Integer.perseInt(request.getParameter("price"));
7:     int count = Integer.perseInt(request.getParameter("count"));
8: %>
9: 


JSPファイル: [/lesson06/show.jsp] の中の[7]行目でエラーが発生しました
The method perseInt(String) is undefined for the type Integer
4: <%
5:     request.setCharacterEncoding("UTF-8");
6:     int price = Integer.perseInt(request.getParameter("price"));
7:     int count = Integer.perseInt(request.getParameter("count"));
8: %>
9: 
10: <p>


JSPファイル: [/lesson06/show.jsp] の中の[11]行目でエラーが発生しました
price.count cannot be resolved to a type
8: %>
9: 
10: <p>
11:     <%=price%>蜀? x <%=count%>蛟? = <%price * count%>蜀?
12: </p>
13: 
14: <%@include file="../layouts/footer.html"%>


JSPファイル: [/lesson06/show.jsp] の中の[11]行目でエラーが発生しました
Syntax error on token "*", . expected
8: %>
9: 
10: <p>
11:     <%=price%>蜀? x <%=count%>蛟? = <%price * count%>蜀?
12: </p>
13: 
14: <%@include file="../layouts/footer.html"%>


JSPファイル: [/lesson06/show.jsp] の中の[11]行目でエラーが発生しました
Duplicate local variable out
8: %>
9: 
10: <p>
11:     <%=price%>蜀? x <%=count%>蛟? = <%price * count%>蜀?
12: </p>
13: 
14: <%@include file="../layouts/footer.html"%>


JSPファイル: [/lesson06/show.jsp] の中の[11]行目でエラーが発生しました
Syntax error on token ".", ; expected
8: %>
9: 
10: <p>
11:     <%=price%>蜀? x <%=count%>蛟? = <%price * count%>蜀?
12: </p>
13: 
14: <%@include file="../layouts/footer.html"%>


JSPファイル: [/lesson06/show.jsp] の中の[11]行目でエラーが発生しました
The method write(String) is undefined for the type show_jsp
8: %>
9: 
10: <p>
11:     <%=price%>蜀? x <%=count%>蛟? = <%price * count%>蜀?
12: </p>
13: 
14: <%@include file="../layouts/footer.html"%>


Stacktrace:] with root cause
 org.apache.jasper.JasperException: JSPのクラスをコンパイルできません: 

JSPファイル: [/lesson06/show.jsp] の中の[6]行目でエラーが発生しました
The method perseInt(String) is undefined for the type Integer
3: 
4: <%
5:     request.setCharacterEncoding("UTF-8");
6:     int price = Integer.perseInt(request.getParameter("price"));
7:     int count = Integer.perseInt(request.getParameter("count"));
8: %>
9: 


JSPファイル: [/lesson06/show.jsp] の中の[7]行目でエラーが発生しました
The method perseInt(String) is undefined for the type Integer
4: <%
5:     request.setCharacterEncoding("UTF-8");
6:     int price = Integer.perseInt(request.getParameter("price"));
7:     int count = Integer.perseInt(request.getParameter("count"));
8: %>
9: 
10: <p>


JSPファイル: [/lesson06/show.jsp] の中の[11]行目でエラーが発生しました
price.count cannot be resolved to a type
8: %>
9: 
10: <p>
11:     <%=price%>蜀? x <%=count%>蛟? = <%price * count%>蜀?
12: </p>
13: 
14: <%@include file="../layouts/footer.html"%>


JSPファイル: [/lesson06/show.jsp] の中の[11]行目でエラーが発生しました
Syntax error on token "*", . expected
8: %>
9: 
10: <p>
11:     <%=price%>蜀? x <%=count%>蛟? = <%price * count%>蜀?
12: </p>
13: 
14: <%@include file="../layouts/footer.html"%>


JSPファイル: [/lesson06/show.jsp] の中の[11]行目でエラーが発生しました
Duplicate local variable out
8: %>
9: 
10: <p>
11:     <%=price%>蜀? x <%=count%>蛟? = <%price * count%>蜀?
12: </p>
13: 
14: <%@include file="../layouts/footer.html"%>


JSPファイル: [/lesson06/show.jsp] の中の[11]行目でエラーが発生しました
Syntax error on token ".", ; expected
8: %>
9: 
10: <p>
11:     <%=price%>蜀? x <%=count%>蛟? = <%price * count%>蜀?
12: </p>
13: 
14: <%@include file="../layouts/footer.html"%>


JSPファイル: [/lesson06/show.jsp] の中の[11]行目でエラーが発生しました
The method write(String) is undefined for the type show_jsp
8: %>
9: 
10: <p>
11:     <%=price%>蜀? x <%=count%>蛟? = <%price * count%>蜀?
12: </p>
13: 
14: <%@include file="../layouts/footer.html"%>


Stacktrace:
	at org.apache.jasper.compiler.DefaultErrorHandler.javacError(DefaultErrorHandler.java:103)
	at org.apache.jasper.compiler.ErrorDispatcher.javacError(ErrorDispatcher.java:212)
	at org.apache.jasper.compiler.JDTCompiler.generateClass(JDTCompiler.java:457)
	at org.apache.jasper.compiler.Compiler.compile(Compiler.java:379)
	at org.apache.jasper.compiler.Compiler.compile(Compiler.java:351)
	at org.apache.jasper.compiler.Compiler.compile(Compiler.java:335)
	at org.apache.jasper.JspCompilationContext.compile(JspCompilationContext.java:601)
	at org.apache.jasper.servlet.JspServletWrapper.service(JspServletWrapper.java:368)
	at org.apache.jasper.servlet.JspServlet.serviceJspFile(JspServlet.java:385)
	at org.apache.jasper.servlet.JspServlet.service(JspServlet.java:329)
	at javax.servlet.http.HttpServlet.service(HttpServlet.java:742)
	at org.apache.catalina.core.ApplicationFilterChain.internalDoFilter(ApplicationFilterChain.java:231)
	at org.apache.catalina.core.ApplicationFilterChain.doFilter(ApplicationFilterChain.java:166)
	at org.apache.tomcat.websocket.server.WsFilter.doFilter(WsFilter.java:52)
	at org.apache.catalina.core.ApplicationFilterChain.internalDoFilter(ApplicationFilterChain.java:193)
	at org.apache.catalina.core.ApplicationFilterChain.doFilter(ApplicationFilterChain.java:166)
	at org.apache.catalina.core.StandardWrapperValve.invoke(StandardWrapperValve.java:199)
	at org.apache.catalina.core.StandardContextValve.invoke(StandardContextValve.java:96)
	at org.apache.catalina.authenticator.AuthenticatorBase.invoke(AuthenticatorBase.java:478)
	at org.apache.catalina.core.StandardHostValve.invoke(StandardHostValve.java:140)
	at org.apache.catalina.valves.ErrorReportValve.invoke(ErrorReportValve.java:81)
	at org.apache.catalina.valves.AbstractAccessLogValve.invoke(AbstractAccessLogValve.java:650)
	at org.apache.catalina.core.StandardEngineValve.invoke(StandardEngineValve.java:87)
	at org.apache.catalina.connector.CoyoteAdapter.service(CoyoteAdapter.java:342)
	at org.apache.coyote.http11.Http11Processor.service(Http11Processor.java:803)
	at org.apache.coyote.AbstractProcessorLight.process(AbstractProcessorLight.java:66)
	at org.apache.coyote.AbstractProtocol$ConnectionHandler.process(AbstractProtocol.java:868)
	at org.apache.tomcat.util.net.NioEndpoint$SocketProcessor.doRun(NioEndpoint.java:1459)
	at org.apache.tomcat.util.net.SocketProcessorBase.run(SocketProcessorBase.java:49)
	at java.util.concurrent.ThreadPoolExecutor.runWorker(ThreadPoolExecutor.java:1149)
	at java.util.concurrent.ThreadPoolExecutor$Worker.run(ThreadPoolExecutor.java:624)
	at org.apache.tomcat.util.threads.TaskThread$WrappingRunnable.run(TaskThread.java:61)
	at java.lang.Thread.run(Thread.java:748)

15-Nov-2017 14:58:01.035 情報 [localhost-startStop-1] org.apache.catalina.core.ApplicationContext.log ContextListener: contextInitialized()
15-Nov-2017 14:58:01.035 情報 [localhost-startStop-1] org.apache.catalina.core.ApplicationContext.log SessionListener: contextInitialized()
15-Nov-2017 15:10:15.148 情報 [localhost-startStop-1] org.apache.catalina.core.ApplicationContext.log ContextListener: contextInitialized()
15-Nov-2017 15:10:15.148 情報 [localhost-startStop-1] org.apache.catalina.core.ApplicationContext.log SessionListener: contextInitialized()
15-Nov-2017 15:35:14.834 情報 [localhost-startStop-1] org.apache.catalina.core.ApplicationContext.log ContextListener: contextInitialized()
15-Nov-2017 15:35:14.834 情報 [localhost-startStop-1] org.apache.catalina.core.ApplicationContext.log SessionListener: contextInitialized()
